# EAGER Version used for this run: 1.92.56
################
#CreateResultsDirectories at 2024-07-03T08:44:32.255 was executed with the following commandline:
mkdir -p /data/analysis_SimulatedAncientReads_HQ439467/01-EAGERmapping/ANCIENT.SIM.CONT.COV-7.5.RUN-5/0-FastQC/.tmp /data/analysis_SimulatedAncientReads_HQ439467/01-EAGERmapping/ANCIENT.SIM.CONT.COV-7.5.RUN-5/1-AdapClip/.tmp /data/analysis_SimulatedAncientReads_HQ439467/01-EAGERmapping/ANCIENT.SIM.CONT.COV-7.5.RUN-5/3-Mapper/.tmp /data/analysis_SimulatedAncientReads_HQ439467/01-EAGERmapping/ANCIENT.SIM.CONT.COV-7.5.RUN-5/4-Samtools/.tmp /data/analysis_SimulatedAncientReads_HQ439467/01-EAGERmapping/ANCIENT.SIM.CONT.COV-7.5.RUN-5/5-DeDup/.tmp /data/analysis_SimulatedAncientReads_HQ439467/01-EAGERmapping/ANCIENT.SIM.CONT.COV-7.5.RUN-5/6-QualiMap/.tmp /data/analysis_SimulatedAncientReads_HQ439467/01-EAGERmapping/ANCIENT.SIM.CONT.COV-7.5.RUN-5/7-DnaDamage/.tmp /data/analysis_SimulatedAncientReads_HQ439467/01-EAGERmapping/ANCIENT.SIM.CONT.COV-7.5.RUN-5/9-GATKBasics/.tmp /data/analysis_SimulatedAncientReads_HQ439467/01-EAGERmapping/ANCIENT.SIM.CONT.COV-7.5.RUN-5/10-GATKGenotyper/.tmp 
################
## Runtime of Module was: 0 seconds.
################
#FastQCdefault at 2024-07-03T08:44:32.266 was executed with the following commandline:
fastqc -o /data/analysis_SimulatedAncientReads_HQ439467/01-EAGERmapping/ANCIENT.SIM.CONT.COV-7.5.RUN-5/0-FastQC --extract  -f fastq /data/simulation_AncientReads_HQ439467/03-Downsampling/ANCIENT.SIM.CONT.COV-7.5.RUN-5.fq 
################
#perl: warning: Setting locale failed.
perl: warning: Please check that your locale settings:
	LANGUAGE = "de_DE:en",
	LC_ALL = "C.UTF-8",
	LC_MEASUREMENT = "de_DE.UTF-8",
	LC_TELEPHONE = "de_DE.UTF-8",
	LC_TIME = "de_DE.UTF-8",
	LC_PAPER = "de_DE.UTF-8",
	LC_ADDRESS = "de_DE.UTF-8",
	LC_IDENTIFICATION = "de_DE.UTF-8",
	LC_MONETARY = "de_DE.UTF-8",
	LC_NAME = "de_DE.UTF-8",
	LC_NUMERIC = "de_DE.UTF-8",
	LANG = "de_DE.UTF-8"
    are supported and installed on your system.
perl: warning: Falling back to the standard locale ("C").
Picked up JAVA_TOOL_OPTIONS: -Djava.io.tmpdir=/data/analysis_SimulatedAncientReads_HQ439467/01-EAGERmapping/ANCIENT.SIM.CONT.COV-7.5.RUN-5/0-FastQC/.tmp
Picked up _JAVA_OPTIONS: -Dsun.java2d.xrender=false -Xmx256G -Xms8G
Skipping '' which didn't exist, or couldn't be read
Started analysis of ANCIENT.SIM.CONT.COV-7.5.RUN-5.fq
Approx 25% complete for ANCIENT.SIM.CONT.COV-7.5.RUN-5.fq
Approx 50% complete for ANCIENT.SIM.CONT.COV-7.5.RUN-5.fq
Approx 75% complete for ANCIENT.SIM.CONT.COV-7.5.RUN-5.fq
# Runtime of Module was: 2 seconds.
################
#AdapterRemovalsingleendedonly at 2024-07-03T08:44:35.028 was executed with the following commandline:
AdapterRemoval --file1 /data/simulation_AncientReads_HQ439467/03-Downsampling/ANCIENT.SIM.CONT.COV-7.5.RUN-5.fq --basename /data/analysis_SimulatedAncientReads_HQ439467/01-EAGERmapping/ANCIENT.SIM.CONT.COV-7.5.RUN-5/1-AdapClip/ANCIENT.SIM.CONT.COV-7.5.RUN-5 --gzip --threads 4 --trimns --trimqualities --adapter1 AGATCGGAAGAGCACACGTCTGAACTCCAGTCAC --adapter2 AGATCGGAAGAGCGTCGTGTAGGGAAAGAGTGTA --minlength 30 --minquality 20 --minadapteroverlap 1 
################
#Trimming single ended reads ...
Opening FASTQ file '/data/simulation_AncientReads_HQ439467/03-Downsampling/ANCIENT.SIM.CONT.COV-7.5.RUN-5.fq'

Processed a total of 3,890 reads in 0.1s; 59,000 reads per second on average ...
# Runtime of Module was: 0 seconds.
################
#TrackFastQ at 2024-07-03T08:44:35.101 was executed with the following commandline:
/bin/sh -c echo 'all' > /data/analysis_SimulatedAncientReads_HQ439467/01-EAGERmapping/ANCIENT.SIM.CONT.COV-7.5.RUN-5/1-AdapClip//track_fastq.log 
################
#/bin/sh: warning: setlocale: LC_ALL: cannot change locale (C.UTF-8)
# Runtime of Module was: 0 seconds.
# EAGER Version used for this run: 1.92.56
################
#CircularMapperGenerator at 2024-07-03T08:44:35.108 was executed with the following commandline:
circulargenerator -e 500 -i /data/references/NC_001640_Equus-callabus_mt/NC_001640.1.fna -s NC_001640.1 
################
## The Module CircularMapperGenerator has already been run! (i.e the command above was NOT executed)################
#BWAAlign at 2024-07-03T08:44:35.109 was executed with the following commandline:
bwa aln -t 4 /data/references/NC_001640_Equus-callabus_mt/NC_001640.1_500.fna /data/analysis_SimulatedAncientReads_HQ439467/01-EAGERmapping/ANCIENT.SIM.CONT.COV-7.5.RUN-5/1-AdapClip/ANCIENT.SIM.CONT.COV-7.5.RUN-5.truncated.gz -n 0.01 -l 16500  -f /data/analysis_SimulatedAncientReads_HQ439467/01-EAGERmapping/ANCIENT.SIM.CONT.COV-7.5.RUN-5/3-Mapper/ANCIENT.SIM.CONT.COV-7.5.RUN-5.truncated.MT.sai 
################
#[bwa_aln] 17bp reads: max_diff = 2
[bwa_aln] 22bp reads: max_diff = 3
[bwa_aln] 42bp reads: max_diff = 4
[bwa_aln] 64bp reads: max_diff = 5
[bwa_aln] 90bp reads: max_diff = 6
[bwa_aln] 117bp reads: max_diff = 7
[bwa_aln] 146bp reads: max_diff = 8
[bwa_aln] 176bp reads: max_diff = 9
[bwa_aln] 207bp reads: max_diff = 10
[bwa_aln] 239bp reads: max_diff = 11
[bwa_aln_core] calculate SA coordinate... 0.11 sec
[bwa_aln_core] write to the disk... 0.00 sec
[bwa_aln_core] 3683 sequences have been processed.
[main] Version: 0.7.17-r1188
[main] CMD: bwa aln -t 4 -n 0.01 -l 16500 -f /data/analysis_SimulatedAncientReads_HQ439467/01-EAGERmapping/ANCIENT.SIM.CONT.COV-7.5.RUN-5/3-Mapper/ANCIENT.SIM.CONT.COV-7.5.RUN-5.truncated.MT.sai /data/references/NC_001640_Equus-callabus_mt/NC_001640.1_500.fna /data/analysis_SimulatedAncientReads_HQ439467/01-EAGERmapping/ANCIENT.SIM.CONT.COV-7.5.RUN-5/1-AdapClip/ANCIENT.SIM.CONT.COV-7.5.RUN-5.truncated.gz 
[main] Real time: 0.181 sec; CPU: 0.117 sec
# Runtime of Module was: 0 seconds.
################
#BWASamse at 2024-07-03T08:44:35.296 was executed with the following commandline:
bwa samse -r @RG\tID:ILLUMINA-ANCIENT.SIM.CONT.COV-7.5.RUN-5\tSM:ANCIENT.SIM.CONT.COV-7.5.RUN-5\tPL:illumina /data/references/NC_001640_Equus-callabus_mt/NC_001640.1_500.fna /data/analysis_SimulatedAncientReads_HQ439467/01-EAGERmapping/ANCIENT.SIM.CONT.COV-7.5.RUN-5/3-Mapper/ANCIENT.SIM.CONT.COV-7.5.RUN-5.truncated.MT.sai /data/analysis_SimulatedAncientReads_HQ439467/01-EAGERmapping/ANCIENT.SIM.CONT.COV-7.5.RUN-5/1-AdapClip/ANCIENT.SIM.CONT.COV-7.5.RUN-5.truncated.gz -f /data/analysis_SimulatedAncientReads_HQ439467/01-EAGERmapping/ANCIENT.SIM.CONT.COV-7.5.RUN-5/3-Mapper/ANCIENT.SIM.CONT.COV-7.5.RUN-5.truncated.MT.sam 
################
#[bwa_aln_core] convert to sequence coordinate... 0.01 sec
[bwa_aln_core] refine gapped alignments... 0.00 sec
[bwa_aln_core] print alignments... 0.01 sec
[bwa_aln_core] 3683 sequences have been processed.
[main] Version: 0.7.17-r1188
[main] CMD: bwa samse -r @RG\tID:ILLUMINA-ANCIENT.SIM.CONT.COV-7.5.RUN-5\tSM:ANCIENT.SIM.CONT.COV-7.5.RUN-5\tPL:illumina -f /data/analysis_SimulatedAncientReads_HQ439467/01-EAGERmapping/ANCIENT.SIM.CONT.COV-7.5.RUN-5/3-Mapper/ANCIENT.SIM.CONT.COV-7.5.RUN-5.truncated.MT.sam /data/references/NC_001640_Equus-callabus_mt/NC_001640.1_500.fna /data/analysis_SimulatedAncientReads_HQ439467/01-EAGERmapping/ANCIENT.SIM.CONT.COV-7.5.RUN-5/3-Mapper/ANCIENT.SIM.CONT.COV-7.5.RUN-5.truncated.MT.sai /data/analysis_SimulatedAncientReads_HQ439467/01-EAGERmapping/ANCIENT.SIM.CONT.COV-7.5.RUN-5/1-AdapClip/ANCIENT.SIM.CONT.COV-7.5.RUN-5.truncated.gz
[main] Real time: 0.237 sec; CPU: 0.025 sec
# Runtime of Module was: 0 seconds.
################
#Flagstatsam at 2024-07-03T08:44:35.54 was executed with the following commandline:
/bin/sh -c samtools flagstat /data/analysis_SimulatedAncientReads_HQ439467/01-EAGERmapping/ANCIENT.SIM.CONT.COV-7.5.RUN-5/3-Mapper/ANCIENT.SIM.CONT.COV-7.5.RUN-5.truncated.MT.sam > /data/analysis_SimulatedAncientReads_HQ439467/01-EAGERmapping/ANCIENT.SIM.CONT.COV-7.5.RUN-5/3-Mapper/ANCIENT.SIM.CONT.COV-7.5.RUN-5.truncated.MT.sam.stats 
################
#/bin/sh: warning: setlocale: LC_ALL: cannot change locale (C.UTF-8)
# Runtime of Module was: 0 seconds.
################
#CircularMapperRealignerdefault at 2024-07-03T08:44:35.554 was executed with the following commandline:
realignsamfile -e 500 -i /data/analysis_SimulatedAncientReads_HQ439467/01-EAGERmapping/ANCIENT.SIM.CONT.COV-7.5.RUN-5/3-Mapper/ANCIENT.SIM.CONT.COV-7.5.RUN-5.truncated.MT.sam -r /data/references/NC_001640_Equus-callabus_mt/NC_001640.1.fna 
################
#/bin/bash: warning: setlocale: LC_ALL: cannot change locale (C.UTF-8)
Picked up _JAVA_OPTIONS: -Dsun.java2d.xrender=false -Xmx256G -Xms8G
DEBUG	2024-07-03 08:44:37	BlockCompressedOutputStream	Using deflater: Deflater
# Runtime of Module was: 1 seconds.
################
#Flagstatdefault at 2024-07-03T08:44:37.443 was executed with the following commandline:
/bin/sh -c samtools flagstat /data/analysis_SimulatedAncientReads_HQ439467/01-EAGERmapping/ANCIENT.SIM.CONT.COV-7.5.RUN-5/3-Mapper/ANCIENT.SIM.CONT.COV-7.5.RUN-5.truncated.MT_realigned.bam > /data/analysis_SimulatedAncientReads_HQ439467/01-EAGERmapping/ANCIENT.SIM.CONT.COV-7.5.RUN-5/3-Mapper/ANCIENT.SIM.CONT.COV-7.5.RUN-5.truncated.MT_realigned.bam.stats 
################
#/bin/sh: warning: setlocale: LC_ALL: cannot change locale (C.UTF-8)
# Runtime of Module was: 0 seconds.
################
#SamtoolsViewOnlyMapped at 2024-07-03T08:44:37.455 was executed with the following commandline:
samtools view -@ 4 -F4 -b /data/analysis_SimulatedAncientReads_HQ439467/01-EAGERmapping/ANCIENT.SIM.CONT.COV-7.5.RUN-5/3-Mapper/ANCIENT.SIM.CONT.COV-7.5.RUN-5.truncated.MT_realigned.bam -o /data/analysis_SimulatedAncientReads_HQ439467/01-EAGERmapping/ANCIENT.SIM.CONT.COV-7.5.RUN-5/4-Samtools/ANCIENT.SIM.CONT.COV-7.5.RUN-5.truncated.MT_realigned.mappedonly.bam 
################
## Runtime of Module was: 0 seconds.
################
#SamtoolsSortUnfiltered at 2024-07-03T08:44:37.769 was executed with the following commandline:
samtools sort -@ 4 -m 8G /data/analysis_SimulatedAncientReads_HQ439467/01-EAGERmapping/ANCIENT.SIM.CONT.COV-7.5.RUN-5/4-Samtools/ANCIENT.SIM.CONT.COV-7.5.RUN-5.truncated.MT_realigned.mappedonly.bam -o /data/analysis_SimulatedAncientReads_HQ439467/01-EAGERmapping/ANCIENT.SIM.CONT.COV-7.5.RUN-5/4-Samtools/ANCIENT.SIM.CONT.COV-7.5.RUN-5.truncated.MT_realigned.mappedonly.sorted.bam 
################
#[bam_sort_core] merging from 0 files and 4 in-memory blocks...
# Runtime of Module was: 0 seconds.
################
#SamtoolsIndexUnfiltered at 2024-07-03T08:44:38.196 was executed with the following commandline:
samtools index /data/analysis_SimulatedAncientReads_HQ439467/01-EAGERmapping/ANCIENT.SIM.CONT.COV-7.5.RUN-5/4-Samtools/ANCIENT.SIM.CONT.COV-7.5.RUN-5.truncated.MT_realigned.mappedonly.sorted.bam 
################
## Runtime of Module was: 0 seconds.
################
#SamtoolsViewfiltered at 2024-07-03T08:44:38.29 was executed with the following commandline:
samtools view -@ 4 -q 30 -b /data/analysis_SimulatedAncientReads_HQ439467/01-EAGERmapping/ANCIENT.SIM.CONT.COV-7.5.RUN-5/4-Samtools/ANCIENT.SIM.CONT.COV-7.5.RUN-5.truncated.MT_realigned.mappedonly.sorted.bam -o /data/analysis_SimulatedAncientReads_HQ439467/01-EAGERmapping/ANCIENT.SIM.CONT.COV-7.5.RUN-5/4-Samtools/ANCIENT.SIM.CONT.COV-7.5.RUN-5.truncated.MT_realigned.mappedonly.sorted.qF.bam 
################
## Runtime of Module was: 0 seconds.
################
#Flagstatfiltered at 2024-07-03T08:44:38.539 was executed with the following commandline:
/bin/sh -c samtools flagstat /data/analysis_SimulatedAncientReads_HQ439467/01-EAGERmapping/ANCIENT.SIM.CONT.COV-7.5.RUN-5/4-Samtools/ANCIENT.SIM.CONT.COV-7.5.RUN-5.truncated.MT_realigned.mappedonly.sorted.qF.bam > /data/analysis_SimulatedAncientReads_HQ439467/01-EAGERmapping/ANCIENT.SIM.CONT.COV-7.5.RUN-5/4-Samtools/ANCIENT.SIM.CONT.COV-7.5.RUN-5.truncated.MT_realigned.mappedonly.sorted.qF.bam.qF.stats 
################
#/bin/sh: warning: setlocale: LC_ALL: cannot change locale (C.UTF-8)
# Runtime of Module was: 0 seconds.
################
#SamtoolsSortdefault at 2024-07-03T08:44:38.554 was executed with the following commandline:
samtools sort -@ 4 -m 8G /data/analysis_SimulatedAncientReads_HQ439467/01-EAGERmapping/ANCIENT.SIM.CONT.COV-7.5.RUN-5/4-Samtools/ANCIENT.SIM.CONT.COV-7.5.RUN-5.truncated.MT_realigned.mappedonly.sorted.qF.bam -o /data/analysis_SimulatedAncientReads_HQ439467/01-EAGERmapping/ANCIENT.SIM.CONT.COV-7.5.RUN-5/4-Samtools/ANCIENT.SIM.CONT.COV-7.5.RUN-5.truncated.MT_realigned.mappedonly.sorted.qF.sorted.bam 
################
#[bam_sort_core] merging from 0 files and 4 in-memory blocks...
# Runtime of Module was: 0 seconds.
################
#SamtoolsIndexdefault at 2024-07-03T08:44:38.821 was executed with the following commandline:
samtools index /data/analysis_SimulatedAncientReads_HQ439467/01-EAGERmapping/ANCIENT.SIM.CONT.COV-7.5.RUN-5/4-Samtools/ANCIENT.SIM.CONT.COV-7.5.RUN-5.truncated.MT_realigned.mappedonly.sorted.qF.sorted.bam 
################
## Runtime of Module was: 0 seconds.
################
#CleanSam at 2024-07-03T08:44:38.916 was executed with the following commandline:
picard CleanSam INPUT=/data/analysis_SimulatedAncientReads_HQ439467/01-EAGERmapping/ANCIENT.SIM.CONT.COV-7.5.RUN-5/4-Samtools/ANCIENT.SIM.CONT.COV-7.5.RUN-5.truncated.MT_realigned.mappedonly.sorted.qF.sorted.bam OUTPUT=/data/analysis_SimulatedAncientReads_HQ439467/01-EAGERmapping/ANCIENT.SIM.CONT.COV-7.5.RUN-5/5-DeDup/ANCIENT.SIM.CONT.COV-7.5.RUN-5.truncated.MT_realigned.mappedonly.sorted.qF.sorted.cleaned.bam VALIDATION_STRINGENCY=SILENT 
################
#/bin/sh: warning: setlocale: LC_ALL: cannot change locale (C.UTF-8)
Picked up _JAVA_OPTIONS: -Dsun.java2d.xrender=false -Xmx256G -Xms8G
[Wed Jul 03 08:44:40 UTC 2024] picard.sam.CleanSam INPUT=/data/analysis_SimulatedAncientReads_HQ439467/01-EAGERmapping/ANCIENT.SIM.CONT.COV-7.5.RUN-5/4-Samtools/ANCIENT.SIM.CONT.COV-7.5.RUN-5.truncated.MT_realigned.mappedonly.sorted.qF.sorted.bam OUTPUT=/data/analysis_SimulatedAncientReads_HQ439467/01-EAGERmapping/ANCIENT.SIM.CONT.COV-7.5.RUN-5/5-DeDup/ANCIENT.SIM.CONT.COV-7.5.RUN-5.truncated.MT_realigned.mappedonly.sorted.qF.sorted.cleaned.bam VALIDATION_STRINGENCY=SILENT    VERBOSITY=INFO QUIET=false COMPRESSION_LEVEL=5 MAX_RECORDS_IN_RAM=500000 CREATE_INDEX=false CREATE_MD5_FILE=false GA4GH_CLIENT_SECRETS=client_secrets.json
[Wed Jul 03 08:44:40 UTC 2024] Executing as haeusler@thor on Linux 5.15.0-112-generic amd64; Java HotSpot(TM) 64-Bit Server VM 1.8.0_144-b01; Picard version: 2.9.2-SNAPSHOT
[Wed Jul 03 08:44:40 UTC 2024] picard.sam.CleanSam done. Elapsed time: 0.00 minutes.
Runtime.totalMemory()=8232370176
# Runtime of Module was: 1 seconds.
################
#DeDup at 2024-07-03T08:44:40.587 was executed with the following commandline:
dedup -i /data/analysis_SimulatedAncientReads_HQ439467/01-EAGERmapping/ANCIENT.SIM.CONT.COV-7.5.RUN-5/5-DeDup/ANCIENT.SIM.CONT.COV-7.5.RUN-5.truncated.MT_realigned.mappedonly.sorted.qF.sorted.cleaned.bam -m -o /data/analysis_SimulatedAncientReads_HQ439467/01-EAGERmapping/ANCIENT.SIM.CONT.COV-7.5.RUN-5/5-DeDup 
################
#/bin/bash: warning: setlocale: LC_ALL: cannot change locale (C.UTF-8)
Picked up JAVA_TOOL_OPTIONS: -Djava.io.tmpdir=/data/analysis_SimulatedAncientReads_HQ439467/01-EAGERmapping/ANCIENT.SIM.CONT.COV-7.5.RUN-5/5-DeDup/.tmp
Picked up _JAVA_OPTIONS: -Dsun.java2d.xrender=false -Xmx256G -Xms8G
DeDup v0.12.1
# Runtime of Module was: 2 seconds.
################
#SamtoolsSortDeDup at 2024-07-03T08:44:42.784 was executed with the following commandline:
samtools sort -@ 4 -m 8G /data/analysis_SimulatedAncientReads_HQ439467/01-EAGERmapping/ANCIENT.SIM.CONT.COV-7.5.RUN-5/5-DeDup/ANCIENT.SIM.CONT.COV-7.5.RUN-5.truncated.MT_realigned.mappedonly.sorted.qF.sorted.cleaned_rmdup.bam -o /data/analysis_SimulatedAncientReads_HQ439467/01-EAGERmapping/ANCIENT.SIM.CONT.COV-7.5.RUN-5/5-DeDup/ANCIENT.SIM.CONT.COV-7.5.RUN-5.truncated.MT_realigned.mappedonly.sorted.qF.sorted.cleaned_rmdup.sorted.bam 
################
#[bam_sort_core] merging from 0 files and 4 in-memory blocks...
# Runtime of Module was: 0 seconds.
################
#SamtoolsIndexDedup at 2024-07-03T08:44:43.462 was executed with the following commandline:
samtools index /data/analysis_SimulatedAncientReads_HQ439467/01-EAGERmapping/ANCIENT.SIM.CONT.COV-7.5.RUN-5/5-DeDup/ANCIENT.SIM.CONT.COV-7.5.RUN-5.truncated.MT_realigned.mappedonly.sorted.qF.sorted.cleaned_rmdup.sorted.bam 
################
## Runtime of Module was: 0 seconds.
################
#QualiMapDefault at 2024-07-03T08:44:43.525 was executed with the following commandline:
qualimap bamqc -bam /data/analysis_SimulatedAncientReads_HQ439467/01-EAGERmapping/ANCIENT.SIM.CONT.COV-7.5.RUN-5/5-DeDup/ANCIENT.SIM.CONT.COV-7.5.RUN-5.truncated.MT_realigned.mappedonly.sorted.qF.sorted.cleaned_rmdup.sorted.bam -nt 4 -outdir /data/analysis_SimulatedAncientReads_HQ439467/01-EAGERmapping/ANCIENT.SIM.CONT.COV-7.5.RUN-5/6-QualiMap/ANCIENT.SIM.CONT.COV-7.5.RUN-5.truncated.MT_realigned.mappedonly.sorted.qF.sorted.cleaned_rmdup.sorted -outformat HTML --java-mem-size=32G 
################
#/bin/bash: warning: setlocale: LC_ALL: cannot change locale (C.UTF-8)
Java HotSpot(TM) 64-Bit Server VM warning: ignoring option MaxPermSize=1024m; support was removed in 8.0
Picked up _JAVA_OPTIONS: -Dsun.java2d.xrender=false -Xmx256G -Xms8G
# Runtime of Module was: 3 seconds.
################
#DamageProfiler at 2024-07-03T08:44:46.88 was executed with the following commandline:
damageprofiler -i /data/analysis_SimulatedAncientReads_HQ439467/01-EAGERmapping/ANCIENT.SIM.CONT.COV-7.5.RUN-5/5-DeDup/ANCIENT.SIM.CONT.COV-7.5.RUN-5.truncated.MT_realigned.mappedonly.sorted.qF.sorted.cleaned_rmdup.sorted.bam -r /data/references/NC_001640_Equus-callabus_mt/NC_001640.1.fna -l 100 -o /data/analysis_SimulatedAncientReads_HQ439467/01-EAGERmapping/ANCIENT.SIM.CONT.COV-7.5.RUN-5/7-DnaDamage/ANCIENT.SIM.CONT.COV-7.5.RUN-5.truncated.MT_realigned.mappedonly.sorted.qF.sorted.cleaned_rmdup.sorted -t 25  
################
#/bin/bash: warning: setlocale: LC_ALL: cannot change locale (C.UTF-8)
Picked up _JAVA_OPTIONS: -Dsun.java2d.xrender=false -Xmx256G -Xms8G
# Runtime of Module was: 3 seconds.
# EAGER Version used for this run: 1.92.56
################
#GATKRealignerTargetCreator at 2024-07-03T08:44:50.8 was executed with the following commandline:
gatk -T RealignerTargetCreator -R /data/references/NC_001640_Equus-callabus_mt/NC_001640.1.fna -I /data/analysis_SimulatedAncientReads_HQ439467/01-EAGERmapping/ANCIENT.SIM.CONT.COV-7.5.RUN-5/5-DeDup/ANCIENT.SIM.CONT.COV-7.5.RUN-5.truncated.MT_realigned.mappedonly.sorted.qF.sorted.cleaned_rmdup.sorted.bam -nt 4 -o /data/analysis_SimulatedAncientReads_HQ439467/01-EAGERmapping/ANCIENT.SIM.CONT.COV-7.5.RUN-5/9-GATKBasics/ANCIENT.SIM.CONT.COV-7.5.RUN-5.truncated.MT_realigned.mappedonly.sorted.qF.sorted.cleaned_rmdup.sorted.intervals 
################
#/bin/bash: warning: setlocale: LC_ALL: cannot change locale (C.UTF-8)
Picked up JAVA_TOOL_OPTIONS: -Djava.io.tmpdir=/data/analysis_SimulatedAncientReads_HQ439467/01-EAGERmapping/ANCIENT.SIM.CONT.COV-7.5.RUN-5/9-GATKBasics/.tmp
Picked up _JAVA_OPTIONS: -Dsun.java2d.xrender=false -Xmx256G -Xms8G
INFO  08:44:53,840 HelpFormatter - ---------------------------------------------------------------------------------- 
INFO  08:44:53,842 HelpFormatter - The Genome Analysis Toolkit (GATK) v3.8-0-ge9d806836, Compiled 2017/07/28 21:26:50 
INFO  08:44:53,842 HelpFormatter - Copyright (c) 2010-2016 The Broad Institute 
INFO  08:44:53,843 HelpFormatter - For support and documentation go to https://software.broadinstitute.org/gatk 
INFO  08:44:53,843 HelpFormatter - [Wed Jul 03 08:44:53 UTC 2024] Executing on Linux 5.15.0-112-generic amd64 
INFO  08:44:53,843 HelpFormatter - Java HotSpot(TM) 64-Bit Server VM 1.8.0_144-b01 
INFO  08:44:53,846 HelpFormatter - Program Args: -T RealignerTargetCreator -R /data/references/NC_001640_Equus-callabus_mt/NC_001640.1.fna -I /data/analysis_SimulatedAncientReads_HQ439467/01-EAGERmapping/ANCIENT.SIM.CONT.COV-7.5.RUN-5/5-DeDup/ANCIENT.SIM.CONT.COV-7.5.RUN-5.truncated.MT_realigned.mappedonly.sorted.qF.sorted.cleaned_rmdup.sorted.bam -nt 4 -o /data/analysis_SimulatedAncientReads_HQ439467/01-EAGERmapping/ANCIENT.SIM.CONT.COV-7.5.RUN-5/9-GATKBasics/ANCIENT.SIM.CONT.COV-7.5.RUN-5.truncated.MT_realigned.mappedonly.sorted.qF.sorted.cleaned_rmdup.sorted.intervals 
INFO  08:44:53,848 HelpFormatter - Executing as haeusler@thor on Linux 5.15.0-112-generic amd64; Java HotSpot(TM) 64-Bit Server VM 1.8.0_144-b01. 
INFO  08:44:53,849 HelpFormatter - Date/Time: 2024/07/03 08:44:53 
INFO  08:44:53,849 HelpFormatter - ---------------------------------------------------------------------------------- 
INFO  08:44:53,849 HelpFormatter - ---------------------------------------------------------------------------------- 
ERROR StatusLogger Unable to create class org.apache.logging.log4j.core.impl.Log4jContextFactory specified in jar:file:/opt/gatk/GenomeAnalysisTK.jar!/META-INF/log4j-provider.properties
ERROR StatusLogger Log4j2 could not find a logging implementation. Please add log4j-core to the classpath. Using SimpleLogger to log to the console...
INFO  08:44:53,968 GenomeAnalysisEngine - Deflater: IntelDeflater 
INFO  08:44:53,968 GenomeAnalysisEngine - Inflater: IntelInflater 
INFO  08:44:53,969 GenomeAnalysisEngine - Strictness is SILENT 
INFO  08:44:54,054 GenomeAnalysisEngine - Downsampling Settings: Method: BY_SAMPLE, Target Coverage: 1000 
INFO  08:44:54,060 SAMDataSource$SAMReaders - Initializing SAMRecords in serial 
INFO  08:44:54,077 SAMDataSource$SAMReaders - Done initializing BAM readers: total time 0.02 
INFO  08:44:54,095 MicroScheduler - Running the GATK in parallel mode with 4 total threads, 1 CPU thread(s) for each of 4 data thread(s), of 64 processors available on this machine 
INFO  08:44:54,146 GenomeAnalysisEngine - Preparing for traversal over 1 BAM files 
INFO  08:44:54,159 GenomeAnalysisEngine - Done preparing for traversal 
INFO  08:44:54,159 ProgressMeter - [INITIALIZATION COMPLETE; STARTING PROCESSING] 
INFO  08:44:54,159 ProgressMeter -                 | processed |    time |    per 1M |           |   total | remaining 
INFO  08:44:54,159 ProgressMeter -        Location |     sites | elapsed |     sites | completed | runtime |   runtime 
INFO  08:44:54,164 SAMDataSource$SAMReaders - Initializing SAMRecords in serial 
INFO  08:44:54,168 SAMDataSource$SAMReaders - Done initializing BAM readers: total time 0.00 
INFO  08:44:54,538 ProgressMeter -            done     16660.0     0.0 s      22.0 s       99.5%     0.0 s       0.0 s 
INFO  08:44:54,539 ProgressMeter - Total runtime 0.38 secs, 0.01 min, 0.00 hours 
INFO  08:44:54,541 MicroScheduler - 0 reads were filtered out during the traversal out of approximately 3669 total reads (0.00%) 
INFO  08:44:54,541 MicroScheduler -   -> 0 reads (0.00% of total) failing BadCigarFilter 
INFO  08:44:54,542 MicroScheduler -   -> 0 reads (0.00% of total) failing BadMateFilter 
INFO  08:44:54,542 MicroScheduler -   -> 0 reads (0.00% of total) failing DuplicateReadFilter 
INFO  08:44:54,542 MicroScheduler -   -> 0 reads (0.00% of total) failing FailsVendorQualityCheckFilter 
INFO  08:44:54,542 MicroScheduler -   -> 0 reads (0.00% of total) failing MalformedReadFilter 
INFO  08:44:54,542 MicroScheduler -   -> 0 reads (0.00% of total) failing MappingQualityUnavailableFilter 
INFO  08:44:54,543 MicroScheduler -   -> 0 reads (0.00% of total) failing MappingQualityZeroFilter 
INFO  08:44:54,543 MicroScheduler -   -> 0 reads (0.00% of total) failing NotPrimaryAlignmentFilter 
INFO  08:44:54,543 MicroScheduler -   -> 0 reads (0.00% of total) failing Platform454Filter 
INFO  08:44:54,543 MicroScheduler -   -> 0 reads (0.00% of total) failing UnmappedReadFilter 
------------------------------------------------------------------------------------------
Done. ------------------------------------------------------------------------------------------
# Runtime of Module was: 4 seconds.
################
#GATKIndelRealigner at 2024-07-03T08:44:54.937 was executed with the following commandline:
gatk -T IndelRealigner -R /data/references/NC_001640_Equus-callabus_mt/NC_001640.1.fna -I /data/analysis_SimulatedAncientReads_HQ439467/01-EAGERmapping/ANCIENT.SIM.CONT.COV-7.5.RUN-5/5-DeDup/ANCIENT.SIM.CONT.COV-7.5.RUN-5.truncated.MT_realigned.mappedonly.sorted.qF.sorted.cleaned_rmdup.sorted.bam -targetIntervals /data/analysis_SimulatedAncientReads_HQ439467/01-EAGERmapping/ANCIENT.SIM.CONT.COV-7.5.RUN-5/9-GATKBasics/ANCIENT.SIM.CONT.COV-7.5.RUN-5.truncated.MT_realigned.mappedonly.sorted.qF.sorted.cleaned_rmdup.sorted.intervals -o /data/analysis_SimulatedAncientReads_HQ439467/01-EAGERmapping/ANCIENT.SIM.CONT.COV-7.5.RUN-5/9-GATKBasics/ANCIENT.SIM.CONT.COV-7.5.RUN-5.truncated.MT_realigned.mappedonly.sorted.qF.sorted.cleaned_rmdup.sorted.real.bam 
################
#/bin/bash: warning: setlocale: LC_ALL: cannot change locale (C.UTF-8)
Picked up JAVA_TOOL_OPTIONS: -Djava.io.tmpdir=/data/analysis_SimulatedAncientReads_HQ439467/01-EAGERmapping/ANCIENT.SIM.CONT.COV-7.5.RUN-5/9-GATKBasics/.tmp
Picked up _JAVA_OPTIONS: -Dsun.java2d.xrender=false -Xmx256G -Xms8G
INFO  08:44:57,648 HelpFormatter - ---------------------------------------------------------------------------------- 
INFO  08:44:57,651 HelpFormatter - The Genome Analysis Toolkit (GATK) v3.8-0-ge9d806836, Compiled 2017/07/28 21:26:50 
INFO  08:44:57,652 HelpFormatter - Copyright (c) 2010-2016 The Broad Institute 
INFO  08:44:57,652 HelpFormatter - For support and documentation go to https://software.broadinstitute.org/gatk 
INFO  08:44:57,652 HelpFormatter - [Wed Jul 03 08:44:57 UTC 2024] Executing on Linux 5.15.0-112-generic amd64 
INFO  08:44:57,652 HelpFormatter - Java HotSpot(TM) 64-Bit Server VM 1.8.0_144-b01 
INFO  08:44:57,655 HelpFormatter - Program Args: -T IndelRealigner -R /data/references/NC_001640_Equus-callabus_mt/NC_001640.1.fna -I /data/analysis_SimulatedAncientReads_HQ439467/01-EAGERmapping/ANCIENT.SIM.CONT.COV-7.5.RUN-5/5-DeDup/ANCIENT.SIM.CONT.COV-7.5.RUN-5.truncated.MT_realigned.mappedonly.sorted.qF.sorted.cleaned_rmdup.sorted.bam -targetIntervals /data/analysis_SimulatedAncientReads_HQ439467/01-EAGERmapping/ANCIENT.SIM.CONT.COV-7.5.RUN-5/9-GATKBasics/ANCIENT.SIM.CONT.COV-7.5.RUN-5.truncated.MT_realigned.mappedonly.sorted.qF.sorted.cleaned_rmdup.sorted.intervals -o /data/analysis_SimulatedAncientReads_HQ439467/01-EAGERmapping/ANCIENT.SIM.CONT.COV-7.5.RUN-5/9-GATKBasics/ANCIENT.SIM.CONT.COV-7.5.RUN-5.truncated.MT_realigned.mappedonly.sorted.qF.sorted.cleaned_rmdup.sorted.real.bam 
INFO  08:44:57,658 HelpFormatter - Executing as haeusler@thor on Linux 5.15.0-112-generic amd64; Java HotSpot(TM) 64-Bit Server VM 1.8.0_144-b01. 
INFO  08:44:57,658 HelpFormatter - Date/Time: 2024/07/03 08:44:57 
INFO  08:44:57,658 HelpFormatter - ---------------------------------------------------------------------------------- 
INFO  08:44:57,658 HelpFormatter - ---------------------------------------------------------------------------------- 
ERROR StatusLogger Unable to create class org.apache.logging.log4j.core.impl.Log4jContextFactory specified in jar:file:/opt/gatk/GenomeAnalysisTK.jar!/META-INF/log4j-provider.properties
ERROR StatusLogger Log4j2 could not find a logging implementation. Please add log4j-core to the classpath. Using SimpleLogger to log to the console...
INFO  08:44:57,832 GenomeAnalysisEngine - Deflater: IntelDeflater 
INFO  08:44:57,832 GenomeAnalysisEngine - Inflater: IntelInflater 
INFO  08:44:57,833 GenomeAnalysisEngine - Strictness is SILENT 
INFO  08:44:57,894 GenomeAnalysisEngine - Downsampling Settings: No downsampling 
INFO  08:44:57,900 SAMDataSource$SAMReaders - Initializing SAMRecords in serial 
INFO  08:44:57,916 SAMDataSource$SAMReaders - Done initializing BAM readers: total time 0.02 
INFO  08:44:57,984 GenomeAnalysisEngine - Preparing for traversal over 1 BAM files 
INFO  08:44:57,987 GenomeAnalysisEngine - Done preparing for traversal 
INFO  08:44:57,988 ProgressMeter - [INITIALIZATION COMPLETE; STARTING PROCESSING] 
INFO  08:44:57,988 ProgressMeter -                 | processed |    time |    per 1M |           |   total | remaining 
INFO  08:44:57,988 ProgressMeter -        Location |     reads | elapsed |     reads | completed | runtime |   runtime 
INFO  08:44:57,996 ReadShardBalancer$1 - Loading BAM index data 
INFO  08:44:57,996 ReadShardBalancer$1 - Done loading BAM index data 
INFO  08:44:58,201 ProgressMeter -            done      3666.0     0.0 s      58.0 s       95.8%     0.0 s       0.0 s 
INFO  08:44:58,202 ProgressMeter - Total runtime 0.21 secs, 0.00 min, 0.00 hours 
INFO  08:44:58,204 MicroScheduler - 0 reads were filtered out during the traversal out of approximately 3666 total reads (0.00%) 
INFO  08:44:58,204 MicroScheduler -   -> 0 reads (0.00% of total) failing BadCigarFilter 
INFO  08:44:58,205 MicroScheduler -   -> 0 reads (0.00% of total) failing MalformedReadFilter 
------------------------------------------------------------------------------------------
Done. ------------------------------------------------------------------------------------------
# Runtime of Module was: 3 seconds.
################
#GATKUnifiedGenotyperEMIT ALL POSITIONS, NO DBSNP at 2024-07-03T08:44:58.317 was executed with the following commandline:
gatk -T UnifiedGenotyper -R /data/references/NC_001640_Equus-callabus_mt/NC_001640.1.fna -I /data/analysis_SimulatedAncientReads_HQ439467/01-EAGERmapping/ANCIENT.SIM.CONT.COV-7.5.RUN-5/9-GATKBasics/ANCIENT.SIM.CONT.COV-7.5.RUN-5.truncated.MT_realigned.mappedonly.sorted.qF.sorted.cleaned_rmdup.sorted.real.bam -o /data/analysis_SimulatedAncientReads_HQ439467/01-EAGERmapping/ANCIENT.SIM.CONT.COV-7.5.RUN-5/10-GATKGenotyper/ANCIENT.SIM.CONT.COV-7.5.RUN-5.truncated.MT_realigned.mappedonly.sorted.qF.sorted.cleaned_rmdup.sorted.real.unifiedgenotyper.vcf -nt 4 -stand_call_conf 30 --sample_ploidy 2 -dcov 250 --output_mode EMIT_ALL_SITES  
################
#/bin/bash: warning: setlocale: LC_ALL: cannot change locale (C.UTF-8)
Picked up JAVA_TOOL_OPTIONS: -Djava.io.tmpdir=/data/analysis_SimulatedAncientReads_HQ439467/01-EAGERmapping/ANCIENT.SIM.CONT.COV-7.5.RUN-5/10-GATKGenotyper/.tmp
Picked up _JAVA_OPTIONS: -Dsun.java2d.xrender=false -Xmx256G -Xms8G
INFO  08:45:03,177 HelpFormatter - ---------------------------------------------------------------------------------- 
INFO  08:45:03,181 HelpFormatter - The Genome Analysis Toolkit (GATK) v3.8-0-ge9d806836, Compiled 2017/07/28 21:26:50 
INFO  08:45:03,182 HelpFormatter - Copyright (c) 2010-2016 The Broad Institute 
INFO  08:45:03,182 HelpFormatter - For support and documentation go to https://software.broadinstitute.org/gatk 
INFO  08:45:03,182 HelpFormatter - [Wed Jul 03 08:45:03 UTC 2024] Executing on Linux 5.15.0-112-generic amd64 
INFO  08:45:03,183 HelpFormatter - Java HotSpot(TM) 64-Bit Server VM 1.8.0_144-b01 
INFO  08:45:03,190 HelpFormatter - Program Args: -T UnifiedGenotyper -R /data/references/NC_001640_Equus-callabus_mt/NC_001640.1.fna -I /data/analysis_SimulatedAncientReads_HQ439467/01-EAGERmapping/ANCIENT.SIM.CONT.COV-7.5.RUN-5/9-GATKBasics/ANCIENT.SIM.CONT.COV-7.5.RUN-5.truncated.MT_realigned.mappedonly.sorted.qF.sorted.cleaned_rmdup.sorted.real.bam -o /data/analysis_SimulatedAncientReads_HQ439467/01-EAGERmapping/ANCIENT.SIM.CONT.COV-7.5.RUN-5/10-GATKGenotyper/ANCIENT.SIM.CONT.COV-7.5.RUN-5.truncated.MT_realigned.mappedonly.sorted.qF.sorted.cleaned_rmdup.sorted.real.unifiedgenotyper.vcf -nt 4 -stand_call_conf 30 --sample_ploidy 2 -dcov 250 --output_mode EMIT_ALL_SITES 
INFO  08:45:03,196 HelpFormatter - Executing as haeusler@thor on Linux 5.15.0-112-generic amd64; Java HotSpot(TM) 64-Bit Server VM 1.8.0_144-b01. 
INFO  08:45:03,196 HelpFormatter - Date/Time: 2024/07/03 08:45:03 
INFO  08:45:03,196 HelpFormatter - ---------------------------------------------------------------------------------- 
INFO  08:45:03,197 HelpFormatter - ---------------------------------------------------------------------------------- 
ERROR StatusLogger Unable to create class org.apache.logging.log4j.core.impl.Log4jContextFactory specified in jar:file:/opt/gatk/GenomeAnalysisTK.jar!/META-INF/log4j-provider.properties
ERROR StatusLogger Log4j2 could not find a logging implementation. Please add log4j-core to the classpath. Using SimpleLogger to log to the console...
INFO  08:45:03,413 GenomeAnalysisEngine - Deflater: IntelDeflater 
INFO  08:45:03,413 GenomeAnalysisEngine - Inflater: IntelInflater 
INFO  08:45:03,414 GenomeAnalysisEngine - Strictness is SILENT 
INFO  08:45:03,532 GenomeAnalysisEngine - Downsampling Settings: Method: BY_SAMPLE, Target Coverage: 250 
INFO  08:45:03,540 SAMDataSource$SAMReaders - Initializing SAMRecords in serial 
INFO  08:45:03,563 SAMDataSource$SAMReaders - Done initializing BAM readers: total time 0.02 
INFO  08:45:03,586 MicroScheduler - Running the GATK in parallel mode with 4 total threads, 1 CPU thread(s) for each of 4 data thread(s), of 64 processors available on this machine 
INFO  08:45:03,656 GenomeAnalysisEngine - Preparing for traversal over 1 BAM files 
INFO  08:45:03,671 GenomeAnalysisEngine - Done preparing for traversal 
INFO  08:45:03,672 ProgressMeter - [INITIALIZATION COMPLETE; STARTING PROCESSING] 
INFO  08:45:03,672 ProgressMeter -                 | processed |    time |    per 1M |           |   total | remaining 
INFO  08:45:03,672 ProgressMeter -        Location |     sites | elapsed |     sites | completed | runtime |   runtime 
INFO  08:45:03,725 StrandBiasTest - SAM/BAM data was found. Attempting to use read data to calculate strand bias annotations values. 
WARN  08:45:03,725 InbreedingCoeff - Annotation will not be calculated. InbreedingCoeff requires at least 10 unrelated samples. 
INFO  08:45:03,725 StrandBiasTest - SAM/BAM data was found. Attempting to use read data to calculate strand bias annotations values. 
INFO  08:45:03,786 SAMDataSource$SAMReaders - Initializing SAMRecords in serial 
INFO  08:45:03,790 SAMDataSource$SAMReaders - Done initializing BAM readers: total time 0.00 
INFO  08:45:06,620 ProgressMeter -            done     16660.0     2.0 s       2.9 m       99.5%     2.0 s       0.0 s 
INFO  08:45:06,620 ProgressMeter - Total runtime 2.95 secs, 0.05 min, 0.00 hours 
INFO  08:45:06,621 MicroScheduler - 0 reads were filtered out during the traversal out of approximately 3669 total reads (0.00%) 
INFO  08:45:06,621 MicroScheduler -   -> 0 reads (0.00% of total) failing BadCigarFilter 
INFO  08:45:06,621 MicroScheduler -   -> 0 reads (0.00% of total) failing BadMateFilter 
INFO  08:45:06,622 MicroScheduler -   -> 0 reads (0.00% of total) failing DuplicateReadFilter 
INFO  08:45:06,622 MicroScheduler -   -> 0 reads (0.00% of total) failing FailsVendorQualityCheckFilter 
INFO  08:45:06,622 MicroScheduler -   -> 0 reads (0.00% of total) failing MalformedReadFilter 
INFO  08:45:06,622 MicroScheduler -   -> 0 reads (0.00% of total) failing MappingQualityUnavailableFilter 
INFO  08:45:06,623 MicroScheduler -   -> 0 reads (0.00% of total) failing NotPrimaryAlignmentFilter 
INFO  08:45:06,623 MicroScheduler -   -> 0 reads (0.00% of total) failing UnmappedReadFilter 
------------------------------------------------------------------------------------------
Done. ------------------------------------------------------------------------------------------
# Runtime of Module was: 8 seconds.
################
#BGZip at 2024-07-03T08:45:06.925 was executed with the following commandline:
bgzip -f /data/analysis_SimulatedAncientReads_HQ439467/01-EAGERmapping/ANCIENT.SIM.CONT.COV-7.5.RUN-5/10-GATKGenotyper/ANCIENT.SIM.CONT.COV-7.5.RUN-5.truncated.MT_realigned.mappedonly.sorted.qF.sorted.cleaned_rmdup.sorted.real.unifiedgenotyper.vcf 
################
## Runtime of Module was: 0 seconds.
################
#Tabix at 2024-07-03T08:45:07.222 was executed with the following commandline:
tabix -p vcf /data/analysis_SimulatedAncientReads_HQ439467/01-EAGERmapping/ANCIENT.SIM.CONT.COV-7.5.RUN-5/10-GATKGenotyper/ANCIENT.SIM.CONT.COV-7.5.RUN-5.truncated.MT_realigned.mappedonly.sorted.qF.sorted.cleaned_rmdup.sorted.real.unifiedgenotyper.vcf.gz 
################
## Runtime of Module was: 0 seconds.
################
#CleanUpRedundantData at 2024-07-03T08:45:07.613 was executed with the following commandline:
/bin/sh -c rm /data/analysis_SimulatedAncientReads_HQ439467/01-EAGERmapping/ANCIENT.SIM.CONT.COV-7.5.RUN-5/3-Mapper/*.sam; rm /data/analysis_SimulatedAncientReads_HQ439467/01-EAGERmapping/ANCIENT.SIM.CONT.COV-7.5.RUN-5/3-Mapper/*.sai; rm /data/analysis_SimulatedAncientReads_HQ439467/01-EAGERmapping/ANCIENT.SIM.CONT.COV-7.5.RUN-5/4-Samtools/ANCIENT.SIM.CONT.COV-7.5.RUN-5.truncated.MT_realigned.mappedonly.sorted.qF.sorted.bam ; rm /data/analysis_SimulatedAncientReads_HQ439467/01-EAGERmapping/ANCIENT.SIM.CONT.COV-7.5.RUN-5/4-Samtools/ANCIENT.SIM.CONT.COV-7.5.RUN-5.truncated.MT_realigned.mappedonly.sorted.qF.sorted.bam.bai; rm /data/analysis_SimulatedAncientReads_HQ439467/01-EAGERmapping/ANCIENT.SIM.CONT.COV-7.5.RUN-5/4-Samtools/ANCIENT.SIM.CONT.COV-7.5.RUN-5.truncated.MT_realigned.mappedonly.bam ; rm /data/analysis_SimulatedAncientReads_HQ439467/01-EAGERmapping/ANCIENT.SIM.CONT.COV-7.5.RUN-5/4-Samtools/ANCIENT.SIM.CONT.COV-7.5.RUN-5.truncated.MT_realigned.mappedonly.sorted.qF.bam ; rm /data/analysis_SimulatedAncientReads_HQ439467/01-EAGERmapping/ANCIENT.SIM.CONT.COV-7.5.RUN-5/5-DeDup/ANCIENT.SIM.CONT.COV-7.5.RUN-5.truncated.MT_realigned.mappedonly.sorted.qF.sorted.cleaned_rmdup.bam;  
################
#/bin/sh: warning: setlocale: LC_ALL: cannot change locale (C.UTF-8)
# Runtime of Module was: 0 seconds.
################
#ReportGenerator at 2024-07-03T08:45:07.641 was executed with the following commandline:
ReportTable /data/analysis_SimulatedAncientReads_HQ439467/01-EAGERmapping/Report_01-EAGERmapping.csv /data/analysis_SimulatedAncientReads_HQ439467/01-EAGERmapping 
################
#/bin/bash: warning: setlocale: LC_ALL: cannot change locale (C.UTF-8)
Picked up _JAVA_OPTIONS: -Dsun.java2d.xrender=false -Xmx256G -Xms8G
# Runtime of Module was: 3 seconds.
