# EAGER Version used for this run: 1.92.56
################
#CreateResultsDirectories at 2024-07-03T08:43:09.295 was executed with the following commandline:
mkdir -p /data/analysis_SimulatedAncientReads_HQ439467/01-EAGERmapping/ANCIENT.SIM.CONT.COV-7.5.RUN-1/0-FastQC/.tmp /data/analysis_SimulatedAncientReads_HQ439467/01-EAGERmapping/ANCIENT.SIM.CONT.COV-7.5.RUN-1/1-AdapClip/.tmp /data/analysis_SimulatedAncientReads_HQ439467/01-EAGERmapping/ANCIENT.SIM.CONT.COV-7.5.RUN-1/3-Mapper/.tmp /data/analysis_SimulatedAncientReads_HQ439467/01-EAGERmapping/ANCIENT.SIM.CONT.COV-7.5.RUN-1/4-Samtools/.tmp /data/analysis_SimulatedAncientReads_HQ439467/01-EAGERmapping/ANCIENT.SIM.CONT.COV-7.5.RUN-1/5-DeDup/.tmp /data/analysis_SimulatedAncientReads_HQ439467/01-EAGERmapping/ANCIENT.SIM.CONT.COV-7.5.RUN-1/6-QualiMap/.tmp /data/analysis_SimulatedAncientReads_HQ439467/01-EAGERmapping/ANCIENT.SIM.CONT.COV-7.5.RUN-1/7-DnaDamage/.tmp /data/analysis_SimulatedAncientReads_HQ439467/01-EAGERmapping/ANCIENT.SIM.CONT.COV-7.5.RUN-1/9-GATKBasics/.tmp /data/analysis_SimulatedAncientReads_HQ439467/01-EAGERmapping/ANCIENT.SIM.CONT.COV-7.5.RUN-1/10-GATKGenotyper/.tmp 
################
## Runtime of Module was: 0 seconds.
################
#FastQCdefault at 2024-07-03T08:43:09.305 was executed with the following commandline:
fastqc -o /data/analysis_SimulatedAncientReads_HQ439467/01-EAGERmapping/ANCIENT.SIM.CONT.COV-7.5.RUN-1/0-FastQC --extract  -f fastq /data/simulation_AncientReads_HQ439467/03-Downsampling/ANCIENT.SIM.CONT.COV-7.5.RUN-1.fq 
################
#perl: warning: Setting locale failed.
perl: warning: Please check that your locale settings:
	LANGUAGE = "de_DE:en",
	LC_ALL = "C.UTF-8",
	LC_MEASUREMENT = "de_DE.UTF-8",
	LC_TELEPHONE = "de_DE.UTF-8",
	LC_TIME = "de_DE.UTF-8",
	LC_PAPER = "de_DE.UTF-8",
	LC_ADDRESS = "de_DE.UTF-8",
	LC_IDENTIFICATION = "de_DE.UTF-8",
	LC_MONETARY = "de_DE.UTF-8",
	LC_NAME = "de_DE.UTF-8",
	LC_NUMERIC = "de_DE.UTF-8",
	LANG = "de_DE.UTF-8"
    are supported and installed on your system.
perl: warning: Falling back to the standard locale ("C").
Picked up JAVA_TOOL_OPTIONS: -Djava.io.tmpdir=/data/analysis_SimulatedAncientReads_HQ439467/01-EAGERmapping/ANCIENT.SIM.CONT.COV-7.5.RUN-1/0-FastQC/.tmp
Picked up _JAVA_OPTIONS: -Dsun.java2d.xrender=false -Xmx256G -Xms8G
Skipping '' which didn't exist, or couldn't be read
Started analysis of ANCIENT.SIM.CONT.COV-7.5.RUN-1.fq
Approx 25% complete for ANCIENT.SIM.CONT.COV-7.5.RUN-1.fq
Approx 50% complete for ANCIENT.SIM.CONT.COV-7.5.RUN-1.fq
Approx 75% complete for ANCIENT.SIM.CONT.COV-7.5.RUN-1.fq
# Runtime of Module was: 3 seconds.
################
#AdapterRemovalsingleendedonly at 2024-07-03T08:43:13.053 was executed with the following commandline:
AdapterRemoval --file1 /data/simulation_AncientReads_HQ439467/03-Downsampling/ANCIENT.SIM.CONT.COV-7.5.RUN-1.fq --basename /data/analysis_SimulatedAncientReads_HQ439467/01-EAGERmapping/ANCIENT.SIM.CONT.COV-7.5.RUN-1/1-AdapClip/ANCIENT.SIM.CONT.COV-7.5.RUN-1 --gzip --threads 4 --trimns --trimqualities --adapter1 AGATCGGAAGAGCACACGTCTGAACTCCAGTCAC --adapter2 AGATCGGAAGAGCGTCGTGTAGGGAAAGAGTGTA --minlength 30 --minquality 20 --minadapteroverlap 1 
################
#Trimming single ended reads ...
Opening FASTQ file '/data/simulation_AncientReads_HQ439467/03-Downsampling/ANCIENT.SIM.CONT.COV-7.5.RUN-1.fq'

Processed a total of 3,890 reads in 0.1s; 64,000 reads per second on average ...
# Runtime of Module was: 0 seconds.
################
#TrackFastQ at 2024-07-03T08:43:13.12 was executed with the following commandline:
/bin/sh -c echo 'all' > /data/analysis_SimulatedAncientReads_HQ439467/01-EAGERmapping/ANCIENT.SIM.CONT.COV-7.5.RUN-1/1-AdapClip//track_fastq.log 
################
#/bin/sh: warning: setlocale: LC_ALL: cannot change locale (C.UTF-8)
# Runtime of Module was: 0 seconds.
# EAGER Version used for this run: 1.92.56
################
#CircularMapperGenerator at 2024-07-03T08:43:13.13 was executed with the following commandline:
circulargenerator -e 500 -i /data/references/NC_001640_Equus-callabus_mt/NC_001640.1.fna -s NC_001640.1 
################
## The Module CircularMapperGenerator has already been run! (i.e the command above was NOT executed)################
#BWAAlign at 2024-07-03T08:43:13.13 was executed with the following commandline:
bwa aln -t 4 /data/references/NC_001640_Equus-callabus_mt/NC_001640.1_500.fna /data/analysis_SimulatedAncientReads_HQ439467/01-EAGERmapping/ANCIENT.SIM.CONT.COV-7.5.RUN-1/1-AdapClip/ANCIENT.SIM.CONT.COV-7.5.RUN-1.truncated.gz -n 0.01 -l 16500  -f /data/analysis_SimulatedAncientReads_HQ439467/01-EAGERmapping/ANCIENT.SIM.CONT.COV-7.5.RUN-1/3-Mapper/ANCIENT.SIM.CONT.COV-7.5.RUN-1.truncated.MT.sai 
################
#[bwa_aln] 17bp reads: max_diff = 2
[bwa_aln] 22bp reads: max_diff = 3
[bwa_aln] 42bp reads: max_diff = 4
[bwa_aln] 64bp reads: max_diff = 5
[bwa_aln] 90bp reads: max_diff = 6
[bwa_aln] 117bp reads: max_diff = 7
[bwa_aln] 146bp reads: max_diff = 8
[bwa_aln] 176bp reads: max_diff = 9
[bwa_aln] 207bp reads: max_diff = 10
[bwa_aln] 239bp reads: max_diff = 11
[bwa_aln_core] calculate SA coordinate... 0.12 sec
[bwa_aln_core] write to the disk... 0.00 sec
[bwa_aln_core] 3677 sequences have been processed.
[main] Version: 0.7.17-r1188
[main] CMD: bwa aln -t 4 -n 0.01 -l 16500 -f /data/analysis_SimulatedAncientReads_HQ439467/01-EAGERmapping/ANCIENT.SIM.CONT.COV-7.5.RUN-1/3-Mapper/ANCIENT.SIM.CONT.COV-7.5.RUN-1.truncated.MT.sai /data/references/NC_001640_Equus-callabus_mt/NC_001640.1_500.fna /data/analysis_SimulatedAncientReads_HQ439467/01-EAGERmapping/ANCIENT.SIM.CONT.COV-7.5.RUN-1/1-AdapClip/ANCIENT.SIM.CONT.COV-7.5.RUN-1.truncated.gz 
[main] Real time: 0.157 sec; CPU: 0.125 sec
# Runtime of Module was: 0 seconds.
################
#BWASamse at 2024-07-03T08:43:13.292 was executed with the following commandline:
bwa samse -r @RG\tID:ILLUMINA-ANCIENT.SIM.CONT.COV-7.5.RUN-1\tSM:ANCIENT.SIM.CONT.COV-7.5.RUN-1\tPL:illumina /data/references/NC_001640_Equus-callabus_mt/NC_001640.1_500.fna /data/analysis_SimulatedAncientReads_HQ439467/01-EAGERmapping/ANCIENT.SIM.CONT.COV-7.5.RUN-1/3-Mapper/ANCIENT.SIM.CONT.COV-7.5.RUN-1.truncated.MT.sai /data/analysis_SimulatedAncientReads_HQ439467/01-EAGERmapping/ANCIENT.SIM.CONT.COV-7.5.RUN-1/1-AdapClip/ANCIENT.SIM.CONT.COV-7.5.RUN-1.truncated.gz -f /data/analysis_SimulatedAncientReads_HQ439467/01-EAGERmapping/ANCIENT.SIM.CONT.COV-7.5.RUN-1/3-Mapper/ANCIENT.SIM.CONT.COV-7.5.RUN-1.truncated.MT.sam 
################
#[bwa_aln_core] convert to sequence coordinate... 0.01 sec
[bwa_aln_core] refine gapped alignments... 0.00 sec
[bwa_aln_core] print alignments... 0.01 sec
[bwa_aln_core] 3677 sequences have been processed.
[main] Version: 0.7.17-r1188
[main] CMD: bwa samse -r @RG\tID:ILLUMINA-ANCIENT.SIM.CONT.COV-7.5.RUN-1\tSM:ANCIENT.SIM.CONT.COV-7.5.RUN-1\tPL:illumina -f /data/analysis_SimulatedAncientReads_HQ439467/01-EAGERmapping/ANCIENT.SIM.CONT.COV-7.5.RUN-1/3-Mapper/ANCIENT.SIM.CONT.COV-7.5.RUN-1.truncated.MT.sam /data/references/NC_001640_Equus-callabus_mt/NC_001640.1_500.fna /data/analysis_SimulatedAncientReads_HQ439467/01-EAGERmapping/ANCIENT.SIM.CONT.COV-7.5.RUN-1/3-Mapper/ANCIENT.SIM.CONT.COV-7.5.RUN-1.truncated.MT.sai /data/analysis_SimulatedAncientReads_HQ439467/01-EAGERmapping/ANCIENT.SIM.CONT.COV-7.5.RUN-1/1-AdapClip/ANCIENT.SIM.CONT.COV-7.5.RUN-1.truncated.gz
[main] Real time: 0.172 sec; CPU: 0.024 sec
# Runtime of Module was: 0 seconds.
################
#Flagstatsam at 2024-07-03T08:43:13.471 was executed with the following commandline:
/bin/sh -c samtools flagstat /data/analysis_SimulatedAncientReads_HQ439467/01-EAGERmapping/ANCIENT.SIM.CONT.COV-7.5.RUN-1/3-Mapper/ANCIENT.SIM.CONT.COV-7.5.RUN-1.truncated.MT.sam > /data/analysis_SimulatedAncientReads_HQ439467/01-EAGERmapping/ANCIENT.SIM.CONT.COV-7.5.RUN-1/3-Mapper/ANCIENT.SIM.CONT.COV-7.5.RUN-1.truncated.MT.sam.stats 
################
#/bin/sh: warning: setlocale: LC_ALL: cannot change locale (C.UTF-8)
# Runtime of Module was: 0 seconds.
################
#CircularMapperRealignerdefault at 2024-07-03T08:43:13.484 was executed with the following commandline:
realignsamfile -e 500 -i /data/analysis_SimulatedAncientReads_HQ439467/01-EAGERmapping/ANCIENT.SIM.CONT.COV-7.5.RUN-1/3-Mapper/ANCIENT.SIM.CONT.COV-7.5.RUN-1.truncated.MT.sam -r /data/references/NC_001640_Equus-callabus_mt/NC_001640.1.fna 
################
#/bin/bash: warning: setlocale: LC_ALL: cannot change locale (C.UTF-8)
Picked up _JAVA_OPTIONS: -Dsun.java2d.xrender=false -Xmx256G -Xms8G
DEBUG	2024-07-03 08:43:15	BlockCompressedOutputStream	Using deflater: Deflater
# Runtime of Module was: 2 seconds.
################
#Flagstatdefault at 2024-07-03T08:43:15.811 was executed with the following commandline:
/bin/sh -c samtools flagstat /data/analysis_SimulatedAncientReads_HQ439467/01-EAGERmapping/ANCIENT.SIM.CONT.COV-7.5.RUN-1/3-Mapper/ANCIENT.SIM.CONT.COV-7.5.RUN-1.truncated.MT_realigned.bam > /data/analysis_SimulatedAncientReads_HQ439467/01-EAGERmapping/ANCIENT.SIM.CONT.COV-7.5.RUN-1/3-Mapper/ANCIENT.SIM.CONT.COV-7.5.RUN-1.truncated.MT_realigned.bam.stats 
################
#/bin/sh: warning: setlocale: LC_ALL: cannot change locale (C.UTF-8)
# Runtime of Module was: 0 seconds.
################
#SamtoolsViewOnlyMapped at 2024-07-03T08:43:15.824 was executed with the following commandline:
samtools view -@ 4 -F4 -b /data/analysis_SimulatedAncientReads_HQ439467/01-EAGERmapping/ANCIENT.SIM.CONT.COV-7.5.RUN-1/3-Mapper/ANCIENT.SIM.CONT.COV-7.5.RUN-1.truncated.MT_realigned.bam -o /data/analysis_SimulatedAncientReads_HQ439467/01-EAGERmapping/ANCIENT.SIM.CONT.COV-7.5.RUN-1/4-Samtools/ANCIENT.SIM.CONT.COV-7.5.RUN-1.truncated.MT_realigned.mappedonly.bam 
################
## Runtime of Module was: 0 seconds.
################
#SamtoolsSortUnfiltered at 2024-07-03T08:43:16.049 was executed with the following commandline:
samtools sort -@ 4 -m 8G /data/analysis_SimulatedAncientReads_HQ439467/01-EAGERmapping/ANCIENT.SIM.CONT.COV-7.5.RUN-1/4-Samtools/ANCIENT.SIM.CONT.COV-7.5.RUN-1.truncated.MT_realigned.mappedonly.bam -o /data/analysis_SimulatedAncientReads_HQ439467/01-EAGERmapping/ANCIENT.SIM.CONT.COV-7.5.RUN-1/4-Samtools/ANCIENT.SIM.CONT.COV-7.5.RUN-1.truncated.MT_realigned.mappedonly.sorted.bam 
################
#[bam_sort_core] merging from 0 files and 4 in-memory blocks...
# Runtime of Module was: 0 seconds.
################
#SamtoolsIndexUnfiltered at 2024-07-03T08:43:16.371 was executed with the following commandline:
samtools index /data/analysis_SimulatedAncientReads_HQ439467/01-EAGERmapping/ANCIENT.SIM.CONT.COV-7.5.RUN-1/4-Samtools/ANCIENT.SIM.CONT.COV-7.5.RUN-1.truncated.MT_realigned.mappedonly.sorted.bam 
################
## Runtime of Module was: 0 seconds.
################
#SamtoolsViewfiltered at 2024-07-03T08:43:16.532 was executed with the following commandline:
samtools view -@ 4 -q 30 -b /data/analysis_SimulatedAncientReads_HQ439467/01-EAGERmapping/ANCIENT.SIM.CONT.COV-7.5.RUN-1/4-Samtools/ANCIENT.SIM.CONT.COV-7.5.RUN-1.truncated.MT_realigned.mappedonly.sorted.bam -o /data/analysis_SimulatedAncientReads_HQ439467/01-EAGERmapping/ANCIENT.SIM.CONT.COV-7.5.RUN-1/4-Samtools/ANCIENT.SIM.CONT.COV-7.5.RUN-1.truncated.MT_realigned.mappedonly.sorted.qF.bam 
################
## Runtime of Module was: 0 seconds.
################
#Flagstatfiltered at 2024-07-03T08:43:16.898 was executed with the following commandline:
/bin/sh -c samtools flagstat /data/analysis_SimulatedAncientReads_HQ439467/01-EAGERmapping/ANCIENT.SIM.CONT.COV-7.5.RUN-1/4-Samtools/ANCIENT.SIM.CONT.COV-7.5.RUN-1.truncated.MT_realigned.mappedonly.sorted.qF.bam > /data/analysis_SimulatedAncientReads_HQ439467/01-EAGERmapping/ANCIENT.SIM.CONT.COV-7.5.RUN-1/4-Samtools/ANCIENT.SIM.CONT.COV-7.5.RUN-1.truncated.MT_realigned.mappedonly.sorted.qF.bam.qF.stats 
################
#/bin/sh: warning: setlocale: LC_ALL: cannot change locale (C.UTF-8)
# Runtime of Module was: 0 seconds.
################
#SamtoolsSortdefault at 2024-07-03T08:43:16.916 was executed with the following commandline:
samtools sort -@ 4 -m 8G /data/analysis_SimulatedAncientReads_HQ439467/01-EAGERmapping/ANCIENT.SIM.CONT.COV-7.5.RUN-1/4-Samtools/ANCIENT.SIM.CONT.COV-7.5.RUN-1.truncated.MT_realigned.mappedonly.sorted.qF.bam -o /data/analysis_SimulatedAncientReads_HQ439467/01-EAGERmapping/ANCIENT.SIM.CONT.COV-7.5.RUN-1/4-Samtools/ANCIENT.SIM.CONT.COV-7.5.RUN-1.truncated.MT_realigned.mappedonly.sorted.qF.sorted.bam 
################
#[bam_sort_core] merging from 0 files and 4 in-memory blocks...
# Runtime of Module was: 0 seconds.
################
#SamtoolsIndexdefault at 2024-07-03T08:43:17.349 was executed with the following commandline:
samtools index /data/analysis_SimulatedAncientReads_HQ439467/01-EAGERmapping/ANCIENT.SIM.CONT.COV-7.5.RUN-1/4-Samtools/ANCIENT.SIM.CONT.COV-7.5.RUN-1.truncated.MT_realigned.mappedonly.sorted.qF.sorted.bam 
################
## Runtime of Module was: 0 seconds.
################
#CleanSam at 2024-07-03T08:43:17.475 was executed with the following commandline:
picard CleanSam INPUT=/data/analysis_SimulatedAncientReads_HQ439467/01-EAGERmapping/ANCIENT.SIM.CONT.COV-7.5.RUN-1/4-Samtools/ANCIENT.SIM.CONT.COV-7.5.RUN-1.truncated.MT_realigned.mappedonly.sorted.qF.sorted.bam OUTPUT=/data/analysis_SimulatedAncientReads_HQ439467/01-EAGERmapping/ANCIENT.SIM.CONT.COV-7.5.RUN-1/5-DeDup/ANCIENT.SIM.CONT.COV-7.5.RUN-1.truncated.MT_realigned.mappedonly.sorted.qF.sorted.cleaned.bam VALIDATION_STRINGENCY=SILENT 
################
#/bin/sh: warning: setlocale: LC_ALL: cannot change locale (C.UTF-8)
Picked up _JAVA_OPTIONS: -Dsun.java2d.xrender=false -Xmx256G -Xms8G
[Wed Jul 03 08:43:20 UTC 2024] picard.sam.CleanSam INPUT=/data/analysis_SimulatedAncientReads_HQ439467/01-EAGERmapping/ANCIENT.SIM.CONT.COV-7.5.RUN-1/4-Samtools/ANCIENT.SIM.CONT.COV-7.5.RUN-1.truncated.MT_realigned.mappedonly.sorted.qF.sorted.bam OUTPUT=/data/analysis_SimulatedAncientReads_HQ439467/01-EAGERmapping/ANCIENT.SIM.CONT.COV-7.5.RUN-1/5-DeDup/ANCIENT.SIM.CONT.COV-7.5.RUN-1.truncated.MT_realigned.mappedonly.sorted.qF.sorted.cleaned.bam VALIDATION_STRINGENCY=SILENT    VERBOSITY=INFO QUIET=false COMPRESSION_LEVEL=5 MAX_RECORDS_IN_RAM=500000 CREATE_INDEX=false CREATE_MD5_FILE=false GA4GH_CLIENT_SECRETS=client_secrets.json
[Wed Jul 03 08:43:20 UTC 2024] Executing as haeusler@thor on Linux 5.15.0-112-generic amd64; Java HotSpot(TM) 64-Bit Server VM 1.8.0_144-b01; Picard version: 2.9.2-SNAPSHOT
[Wed Jul 03 08:43:20 UTC 2024] picard.sam.CleanSam done. Elapsed time: 0.00 minutes.
Runtime.totalMemory()=8232370176
# Runtime of Module was: 3 seconds.
################
#DeDup at 2024-07-03T08:43:20.933 was executed with the following commandline:
dedup -i /data/analysis_SimulatedAncientReads_HQ439467/01-EAGERmapping/ANCIENT.SIM.CONT.COV-7.5.RUN-1/5-DeDup/ANCIENT.SIM.CONT.COV-7.5.RUN-1.truncated.MT_realigned.mappedonly.sorted.qF.sorted.cleaned.bam -m -o /data/analysis_SimulatedAncientReads_HQ439467/01-EAGERmapping/ANCIENT.SIM.CONT.COV-7.5.RUN-1/5-DeDup 
################
#/bin/bash: warning: setlocale: LC_ALL: cannot change locale (C.UTF-8)
Picked up JAVA_TOOL_OPTIONS: -Djava.io.tmpdir=/data/analysis_SimulatedAncientReads_HQ439467/01-EAGERmapping/ANCIENT.SIM.CONT.COV-7.5.RUN-1/5-DeDup/.tmp
Picked up _JAVA_OPTIONS: -Dsun.java2d.xrender=false -Xmx256G -Xms8G
DeDup v0.12.1
# Runtime of Module was: 3 seconds.
################
#SamtoolsSortDeDup at 2024-07-03T08:43:24.119 was executed with the following commandline:
samtools sort -@ 4 -m 8G /data/analysis_SimulatedAncientReads_HQ439467/01-EAGERmapping/ANCIENT.SIM.CONT.COV-7.5.RUN-1/5-DeDup/ANCIENT.SIM.CONT.COV-7.5.RUN-1.truncated.MT_realigned.mappedonly.sorted.qF.sorted.cleaned_rmdup.bam -o /data/analysis_SimulatedAncientReads_HQ439467/01-EAGERmapping/ANCIENT.SIM.CONT.COV-7.5.RUN-1/5-DeDup/ANCIENT.SIM.CONT.COV-7.5.RUN-1.truncated.MT_realigned.mappedonly.sorted.qF.sorted.cleaned_rmdup.sorted.bam 
################
#[bam_sort_core] merging from 0 files and 4 in-memory blocks...
# Runtime of Module was: 0 seconds.
################
#SamtoolsIndexDedup at 2024-07-03T08:43:24.469 was executed with the following commandline:
samtools index /data/analysis_SimulatedAncientReads_HQ439467/01-EAGERmapping/ANCIENT.SIM.CONT.COV-7.5.RUN-1/5-DeDup/ANCIENT.SIM.CONT.COV-7.5.RUN-1.truncated.MT_realigned.mappedonly.sorted.qF.sorted.cleaned_rmdup.sorted.bam 
################
## Runtime of Module was: 0 seconds.
################
#QualiMapDefault at 2024-07-03T08:43:24.6 was executed with the following commandline:
qualimap bamqc -bam /data/analysis_SimulatedAncientReads_HQ439467/01-EAGERmapping/ANCIENT.SIM.CONT.COV-7.5.RUN-1/5-DeDup/ANCIENT.SIM.CONT.COV-7.5.RUN-1.truncated.MT_realigned.mappedonly.sorted.qF.sorted.cleaned_rmdup.sorted.bam -nt 4 -outdir /data/analysis_SimulatedAncientReads_HQ439467/01-EAGERmapping/ANCIENT.SIM.CONT.COV-7.5.RUN-1/6-QualiMap/ANCIENT.SIM.CONT.COV-7.5.RUN-1.truncated.MT_realigned.mappedonly.sorted.qF.sorted.cleaned_rmdup.sorted -outformat HTML --java-mem-size=32G 
################
#/bin/bash: warning: setlocale: LC_ALL: cannot change locale (C.UTF-8)
Java HotSpot(TM) 64-Bit Server VM warning: ignoring option MaxPermSize=1024m; support was removed in 8.0
Picked up _JAVA_OPTIONS: -Dsun.java2d.xrender=false -Xmx256G -Xms8G
# Runtime of Module was: 5 seconds.
################
#DamageProfiler at 2024-07-03T08:43:30.012 was executed with the following commandline:
damageprofiler -i /data/analysis_SimulatedAncientReads_HQ439467/01-EAGERmapping/ANCIENT.SIM.CONT.COV-7.5.RUN-1/5-DeDup/ANCIENT.SIM.CONT.COV-7.5.RUN-1.truncated.MT_realigned.mappedonly.sorted.qF.sorted.cleaned_rmdup.sorted.bam -r /data/references/NC_001640_Equus-callabus_mt/NC_001640.1.fna -l 100 -o /data/analysis_SimulatedAncientReads_HQ439467/01-EAGERmapping/ANCIENT.SIM.CONT.COV-7.5.RUN-1/7-DnaDamage/ANCIENT.SIM.CONT.COV-7.5.RUN-1.truncated.MT_realigned.mappedonly.sorted.qF.sorted.cleaned_rmdup.sorted -t 25  
################
#/bin/bash: warning: setlocale: LC_ALL: cannot change locale (C.UTF-8)
Picked up _JAVA_OPTIONS: -Dsun.java2d.xrender=false -Xmx256G -Xms8G
# Runtime of Module was: 2 seconds.
# EAGER Version used for this run: 1.92.56
################
#GATKRealignerTargetCreator at 2024-07-03T08:43:32.332 was executed with the following commandline:
gatk -T RealignerTargetCreator -R /data/references/NC_001640_Equus-callabus_mt/NC_001640.1.fna -I /data/analysis_SimulatedAncientReads_HQ439467/01-EAGERmapping/ANCIENT.SIM.CONT.COV-7.5.RUN-1/5-DeDup/ANCIENT.SIM.CONT.COV-7.5.RUN-1.truncated.MT_realigned.mappedonly.sorted.qF.sorted.cleaned_rmdup.sorted.bam -nt 4 -o /data/analysis_SimulatedAncientReads_HQ439467/01-EAGERmapping/ANCIENT.SIM.CONT.COV-7.5.RUN-1/9-GATKBasics/ANCIENT.SIM.CONT.COV-7.5.RUN-1.truncated.MT_realigned.mappedonly.sorted.qF.sorted.cleaned_rmdup.sorted.intervals 
################
#/bin/bash: warning: setlocale: LC_ALL: cannot change locale (C.UTF-8)
Picked up JAVA_TOOL_OPTIONS: -Djava.io.tmpdir=/data/analysis_SimulatedAncientReads_HQ439467/01-EAGERmapping/ANCIENT.SIM.CONT.COV-7.5.RUN-1/9-GATKBasics/.tmp
Picked up _JAVA_OPTIONS: -Dsun.java2d.xrender=false -Xmx256G -Xms8G
INFO  08:43:35,744 HelpFormatter - ---------------------------------------------------------------------------------- 
INFO  08:43:35,746 HelpFormatter - The Genome Analysis Toolkit (GATK) v3.8-0-ge9d806836, Compiled 2017/07/28 21:26:50 
INFO  08:43:35,746 HelpFormatter - Copyright (c) 2010-2016 The Broad Institute 
INFO  08:43:35,746 HelpFormatter - For support and documentation go to https://software.broadinstitute.org/gatk 
INFO  08:43:35,746 HelpFormatter - [Wed Jul 03 08:43:35 UTC 2024] Executing on Linux 5.15.0-112-generic amd64 
INFO  08:43:35,746 HelpFormatter - Java HotSpot(TM) 64-Bit Server VM 1.8.0_144-b01 
INFO  08:43:35,749 HelpFormatter - Program Args: -T RealignerTargetCreator -R /data/references/NC_001640_Equus-callabus_mt/NC_001640.1.fna -I /data/analysis_SimulatedAncientReads_HQ439467/01-EAGERmapping/ANCIENT.SIM.CONT.COV-7.5.RUN-1/5-DeDup/ANCIENT.SIM.CONT.COV-7.5.RUN-1.truncated.MT_realigned.mappedonly.sorted.qF.sorted.cleaned_rmdup.sorted.bam -nt 4 -o /data/analysis_SimulatedAncientReads_HQ439467/01-EAGERmapping/ANCIENT.SIM.CONT.COV-7.5.RUN-1/9-GATKBasics/ANCIENT.SIM.CONT.COV-7.5.RUN-1.truncated.MT_realigned.mappedonly.sorted.qF.sorted.cleaned_rmdup.sorted.intervals 
INFO  08:43:35,752 HelpFormatter - Executing as haeusler@thor on Linux 5.15.0-112-generic amd64; Java HotSpot(TM) 64-Bit Server VM 1.8.0_144-b01. 
INFO  08:43:35,753 HelpFormatter - Date/Time: 2024/07/03 08:43:35 
INFO  08:43:35,754 HelpFormatter - ---------------------------------------------------------------------------------- 
INFO  08:43:35,754 HelpFormatter - ---------------------------------------------------------------------------------- 
ERROR StatusLogger Unable to create class org.apache.logging.log4j.core.impl.Log4jContextFactory specified in jar:file:/opt/gatk/GenomeAnalysisTK.jar!/META-INF/log4j-provider.properties
ERROR StatusLogger Log4j2 could not find a logging implementation. Please add log4j-core to the classpath. Using SimpleLogger to log to the console...
INFO  08:43:35,868 GenomeAnalysisEngine - Deflater: IntelDeflater 
INFO  08:43:35,869 GenomeAnalysisEngine - Inflater: IntelInflater 
INFO  08:43:35,869 GenomeAnalysisEngine - Strictness is SILENT 
INFO  08:43:35,955 GenomeAnalysisEngine - Downsampling Settings: Method: BY_SAMPLE, Target Coverage: 1000 
INFO  08:43:35,961 SAMDataSource$SAMReaders - Initializing SAMRecords in serial 
INFO  08:43:35,980 SAMDataSource$SAMReaders - Done initializing BAM readers: total time 0.02 
INFO  08:43:35,998 MicroScheduler - Running the GATK in parallel mode with 4 total threads, 1 CPU thread(s) for each of 4 data thread(s), of 64 processors available on this machine 
INFO  08:43:36,048 GenomeAnalysisEngine - Preparing for traversal over 1 BAM files 
INFO  08:43:36,060 GenomeAnalysisEngine - Done preparing for traversal 
INFO  08:43:36,060 ProgressMeter - [INITIALIZATION COMPLETE; STARTING PROCESSING] 
INFO  08:43:36,060 ProgressMeter -                 | processed |    time |    per 1M |           |   total | remaining 
INFO  08:43:36,060 ProgressMeter -        Location |     sites | elapsed |     sites | completed | runtime |   runtime 
INFO  08:43:36,065 SAMDataSource$SAMReaders - Initializing SAMRecords in serial 
INFO  08:43:36,068 SAMDataSource$SAMReaders - Done initializing BAM readers: total time 0.00 
INFO  08:43:36,335 ProgressMeter -            done     16660.0     0.0 s      16.0 s       99.5%     0.0 s       0.0 s 
INFO  08:43:36,336 ProgressMeter - Total runtime 0.28 secs, 0.00 min, 0.00 hours 
INFO  08:43:36,341 MicroScheduler - 0 reads were filtered out during the traversal out of approximately 3661 total reads (0.00%) 
INFO  08:43:36,342 MicroScheduler -   -> 0 reads (0.00% of total) failing BadCigarFilter 
INFO  08:43:36,342 MicroScheduler -   -> 0 reads (0.00% of total) failing BadMateFilter 
INFO  08:43:36,343 MicroScheduler -   -> 0 reads (0.00% of total) failing DuplicateReadFilter 
INFO  08:43:36,343 MicroScheduler -   -> 0 reads (0.00% of total) failing FailsVendorQualityCheckFilter 
INFO  08:43:36,344 MicroScheduler -   -> 0 reads (0.00% of total) failing MalformedReadFilter 
INFO  08:43:36,344 MicroScheduler -   -> 0 reads (0.00% of total) failing MappingQualityUnavailableFilter 
INFO  08:43:36,344 MicroScheduler -   -> 0 reads (0.00% of total) failing MappingQualityZeroFilter 
INFO  08:43:36,345 MicroScheduler -   -> 0 reads (0.00% of total) failing NotPrimaryAlignmentFilter 
INFO  08:43:36,345 MicroScheduler -   -> 0 reads (0.00% of total) failing Platform454Filter 
INFO  08:43:36,346 MicroScheduler -   -> 0 reads (0.00% of total) failing UnmappedReadFilter 
------------------------------------------------------------------------------------------
Done. ------------------------------------------------------------------------------------------
# Runtime of Module was: 4 seconds.
################
#GATKIndelRealigner at 2024-07-03T08:43:36.44 was executed with the following commandline:
gatk -T IndelRealigner -R /data/references/NC_001640_Equus-callabus_mt/NC_001640.1.fna -I /data/analysis_SimulatedAncientReads_HQ439467/01-EAGERmapping/ANCIENT.SIM.CONT.COV-7.5.RUN-1/5-DeDup/ANCIENT.SIM.CONT.COV-7.5.RUN-1.truncated.MT_realigned.mappedonly.sorted.qF.sorted.cleaned_rmdup.sorted.bam -targetIntervals /data/analysis_SimulatedAncientReads_HQ439467/01-EAGERmapping/ANCIENT.SIM.CONT.COV-7.5.RUN-1/9-GATKBasics/ANCIENT.SIM.CONT.COV-7.5.RUN-1.truncated.MT_realigned.mappedonly.sorted.qF.sorted.cleaned_rmdup.sorted.intervals -o /data/analysis_SimulatedAncientReads_HQ439467/01-EAGERmapping/ANCIENT.SIM.CONT.COV-7.5.RUN-1/9-GATKBasics/ANCIENT.SIM.CONT.COV-7.5.RUN-1.truncated.MT_realigned.mappedonly.sorted.qF.sorted.cleaned_rmdup.sorted.real.bam 
################
#/bin/bash: warning: setlocale: LC_ALL: cannot change locale (C.UTF-8)
Picked up JAVA_TOOL_OPTIONS: -Djava.io.tmpdir=/data/analysis_SimulatedAncientReads_HQ439467/01-EAGERmapping/ANCIENT.SIM.CONT.COV-7.5.RUN-1/9-GATKBasics/.tmp
Picked up _JAVA_OPTIONS: -Dsun.java2d.xrender=false -Xmx256G -Xms8G
INFO  08:43:40,380 HelpFormatter - ---------------------------------------------------------------------------------- 
INFO  08:43:40,382 HelpFormatter - The Genome Analysis Toolkit (GATK) v3.8-0-ge9d806836, Compiled 2017/07/28 21:26:50 
INFO  08:43:40,382 HelpFormatter - Copyright (c) 2010-2016 The Broad Institute 
INFO  08:43:40,382 HelpFormatter - For support and documentation go to https://software.broadinstitute.org/gatk 
INFO  08:43:40,382 HelpFormatter - [Wed Jul 03 08:43:40 UTC 2024] Executing on Linux 5.15.0-112-generic amd64 
INFO  08:43:40,383 HelpFormatter - Java HotSpot(TM) 64-Bit Server VM 1.8.0_144-b01 
INFO  08:43:40,385 HelpFormatter - Program Args: -T IndelRealigner -R /data/references/NC_001640_Equus-callabus_mt/NC_001640.1.fna -I /data/analysis_SimulatedAncientReads_HQ439467/01-EAGERmapping/ANCIENT.SIM.CONT.COV-7.5.RUN-1/5-DeDup/ANCIENT.SIM.CONT.COV-7.5.RUN-1.truncated.MT_realigned.mappedonly.sorted.qF.sorted.cleaned_rmdup.sorted.bam -targetIntervals /data/analysis_SimulatedAncientReads_HQ439467/01-EAGERmapping/ANCIENT.SIM.CONT.COV-7.5.RUN-1/9-GATKBasics/ANCIENT.SIM.CONT.COV-7.5.RUN-1.truncated.MT_realigned.mappedonly.sorted.qF.sorted.cleaned_rmdup.sorted.intervals -o /data/analysis_SimulatedAncientReads_HQ439467/01-EAGERmapping/ANCIENT.SIM.CONT.COV-7.5.RUN-1/9-GATKBasics/ANCIENT.SIM.CONT.COV-7.5.RUN-1.truncated.MT_realigned.mappedonly.sorted.qF.sorted.cleaned_rmdup.sorted.real.bam 
INFO  08:43:40,388 HelpFormatter - Executing as haeusler@thor on Linux 5.15.0-112-generic amd64; Java HotSpot(TM) 64-Bit Server VM 1.8.0_144-b01. 
INFO  08:43:40,388 HelpFormatter - Date/Time: 2024/07/03 08:43:40 
INFO  08:43:40,388 HelpFormatter - ---------------------------------------------------------------------------------- 
INFO  08:43:40,389 HelpFormatter - ---------------------------------------------------------------------------------- 
ERROR StatusLogger Unable to create class org.apache.logging.log4j.core.impl.Log4jContextFactory specified in jar:file:/opt/gatk/GenomeAnalysisTK.jar!/META-INF/log4j-provider.properties
ERROR StatusLogger Log4j2 could not find a logging implementation. Please add log4j-core to the classpath. Using SimpleLogger to log to the console...
INFO  08:43:40,568 GenomeAnalysisEngine - Deflater: IntelDeflater 
INFO  08:43:40,569 GenomeAnalysisEngine - Inflater: IntelInflater 
INFO  08:43:40,569 GenomeAnalysisEngine - Strictness is SILENT 
INFO  08:43:40,629 GenomeAnalysisEngine - Downsampling Settings: No downsampling 
INFO  08:43:40,635 SAMDataSource$SAMReaders - Initializing SAMRecords in serial 
INFO  08:43:40,653 SAMDataSource$SAMReaders - Done initializing BAM readers: total time 0.02 
INFO  08:43:40,721 GenomeAnalysisEngine - Preparing for traversal over 1 BAM files 
INFO  08:43:40,724 GenomeAnalysisEngine - Done preparing for traversal 
INFO  08:43:40,724 ProgressMeter - [INITIALIZATION COMPLETE; STARTING PROCESSING] 
INFO  08:43:40,725 ProgressMeter -                 | processed |    time |    per 1M |           |   total | remaining 
INFO  08:43:40,725 ProgressMeter -        Location |     reads | elapsed |     reads | completed | runtime |   runtime 
INFO  08:43:40,732 ReadShardBalancer$1 - Loading BAM index data 
INFO  08:43:40,733 ReadShardBalancer$1 - Done loading BAM index data 
INFO  08:43:40,935 ProgressMeter -            done      3660.0     0.0 s      57.0 s       96.6%     0.0 s       0.0 s 
INFO  08:43:40,936 ProgressMeter - Total runtime 0.21 secs, 0.00 min, 0.00 hours 
INFO  08:43:40,938 MicroScheduler - 0 reads were filtered out during the traversal out of approximately 3660 total reads (0.00%) 
INFO  08:43:40,939 MicroScheduler -   -> 0 reads (0.00% of total) failing BadCigarFilter 
INFO  08:43:40,939 MicroScheduler -   -> 0 reads (0.00% of total) failing MalformedReadFilter 
------------------------------------------------------------------------------------------
Done. ------------------------------------------------------------------------------------------
# Runtime of Module was: 4 seconds.
################
#GATKUnifiedGenotyperEMIT ALL POSITIONS, NO DBSNP at 2024-07-03T08:43:41.021 was executed with the following commandline:
gatk -T UnifiedGenotyper -R /data/references/NC_001640_Equus-callabus_mt/NC_001640.1.fna -I /data/analysis_SimulatedAncientReads_HQ439467/01-EAGERmapping/ANCIENT.SIM.CONT.COV-7.5.RUN-1/9-GATKBasics/ANCIENT.SIM.CONT.COV-7.5.RUN-1.truncated.MT_realigned.mappedonly.sorted.qF.sorted.cleaned_rmdup.sorted.real.bam -o /data/analysis_SimulatedAncientReads_HQ439467/01-EAGERmapping/ANCIENT.SIM.CONT.COV-7.5.RUN-1/10-GATKGenotyper/ANCIENT.SIM.CONT.COV-7.5.RUN-1.truncated.MT_realigned.mappedonly.sorted.qF.sorted.cleaned_rmdup.sorted.real.unifiedgenotyper.vcf -nt 4 -stand_call_conf 30 --sample_ploidy 2 -dcov 250 --output_mode EMIT_ALL_SITES  
################
#/bin/bash: warning: setlocale: LC_ALL: cannot change locale (C.UTF-8)
Picked up JAVA_TOOL_OPTIONS: -Djava.io.tmpdir=/data/analysis_SimulatedAncientReads_HQ439467/01-EAGERmapping/ANCIENT.SIM.CONT.COV-7.5.RUN-1/10-GATKGenotyper/.tmp
Picked up _JAVA_OPTIONS: -Dsun.java2d.xrender=false -Xmx256G -Xms8G
INFO  08:43:45,497 HelpFormatter - ---------------------------------------------------------------------------------- 
INFO  08:43:45,498 HelpFormatter - The Genome Analysis Toolkit (GATK) v3.8-0-ge9d806836, Compiled 2017/07/28 21:26:50 
INFO  08:43:45,499 HelpFormatter - Copyright (c) 2010-2016 The Broad Institute 
INFO  08:43:45,499 HelpFormatter - For support and documentation go to https://software.broadinstitute.org/gatk 
INFO  08:43:45,499 HelpFormatter - [Wed Jul 03 08:43:45 UTC 2024] Executing on Linux 5.15.0-112-generic amd64 
INFO  08:43:45,499 HelpFormatter - Java HotSpot(TM) 64-Bit Server VM 1.8.0_144-b01 
INFO  08:43:45,502 HelpFormatter - Program Args: -T UnifiedGenotyper -R /data/references/NC_001640_Equus-callabus_mt/NC_001640.1.fna -I /data/analysis_SimulatedAncientReads_HQ439467/01-EAGERmapping/ANCIENT.SIM.CONT.COV-7.5.RUN-1/9-GATKBasics/ANCIENT.SIM.CONT.COV-7.5.RUN-1.truncated.MT_realigned.mappedonly.sorted.qF.sorted.cleaned_rmdup.sorted.real.bam -o /data/analysis_SimulatedAncientReads_HQ439467/01-EAGERmapping/ANCIENT.SIM.CONT.COV-7.5.RUN-1/10-GATKGenotyper/ANCIENT.SIM.CONT.COV-7.5.RUN-1.truncated.MT_realigned.mappedonly.sorted.qF.sorted.cleaned_rmdup.sorted.real.unifiedgenotyper.vcf -nt 4 -stand_call_conf 30 --sample_ploidy 2 -dcov 250 --output_mode EMIT_ALL_SITES 
INFO  08:43:45,504 HelpFormatter - Executing as haeusler@thor on Linux 5.15.0-112-generic amd64; Java HotSpot(TM) 64-Bit Server VM 1.8.0_144-b01. 
INFO  08:43:45,505 HelpFormatter - Date/Time: 2024/07/03 08:43:45 
INFO  08:43:45,505 HelpFormatter - ---------------------------------------------------------------------------------- 
INFO  08:43:45,505 HelpFormatter - ---------------------------------------------------------------------------------- 
ERROR StatusLogger Unable to create class org.apache.logging.log4j.core.impl.Log4jContextFactory specified in jar:file:/opt/gatk/GenomeAnalysisTK.jar!/META-INF/log4j-provider.properties
ERROR StatusLogger Log4j2 could not find a logging implementation. Please add log4j-core to the classpath. Using SimpleLogger to log to the console...
INFO  08:43:45,632 GenomeAnalysisEngine - Deflater: IntelDeflater 
INFO  08:43:45,632 GenomeAnalysisEngine - Inflater: IntelInflater 
INFO  08:43:45,633 GenomeAnalysisEngine - Strictness is SILENT 
INFO  08:43:45,720 GenomeAnalysisEngine - Downsampling Settings: Method: BY_SAMPLE, Target Coverage: 250 
INFO  08:43:45,725 SAMDataSource$SAMReaders - Initializing SAMRecords in serial 
INFO  08:43:45,743 SAMDataSource$SAMReaders - Done initializing BAM readers: total time 0.02 
INFO  08:43:45,760 MicroScheduler - Running the GATK in parallel mode with 4 total threads, 1 CPU thread(s) for each of 4 data thread(s), of 64 processors available on this machine 
INFO  08:43:45,815 GenomeAnalysisEngine - Preparing for traversal over 1 BAM files 
INFO  08:43:45,826 GenomeAnalysisEngine - Done preparing for traversal 
INFO  08:43:45,826 ProgressMeter - [INITIALIZATION COMPLETE; STARTING PROCESSING] 
INFO  08:43:45,826 ProgressMeter -                 | processed |    time |    per 1M |           |   total | remaining 
INFO  08:43:45,826 ProgressMeter -        Location |     sites | elapsed |     sites | completed | runtime |   runtime 
INFO  08:43:45,864 StrandBiasTest - SAM/BAM data was found. Attempting to use read data to calculate strand bias annotations values. 
WARN  08:43:45,864 InbreedingCoeff - Annotation will not be calculated. InbreedingCoeff requires at least 10 unrelated samples. 
INFO  08:43:45,865 StrandBiasTest - SAM/BAM data was found. Attempting to use read data to calculate strand bias annotations values. 
INFO  08:43:45,914 SAMDataSource$SAMReaders - Initializing SAMRecords in serial 
INFO  08:43:45,917 SAMDataSource$SAMReaders - Done initializing BAM readers: total time 0.00 
INFO  08:43:49,119 ProgressMeter -            done     16660.0     3.0 s       3.3 m       99.5%     3.0 s       0.0 s 
INFO  08:43:49,120 ProgressMeter - Total runtime 3.29 secs, 0.05 min, 0.00 hours 
INFO  08:43:49,120 MicroScheduler - 0 reads were filtered out during the traversal out of approximately 3661 total reads (0.00%) 
INFO  08:43:49,120 MicroScheduler -   -> 0 reads (0.00% of total) failing BadCigarFilter 
INFO  08:43:49,120 MicroScheduler -   -> 0 reads (0.00% of total) failing BadMateFilter 
INFO  08:43:49,120 MicroScheduler -   -> 0 reads (0.00% of total) failing DuplicateReadFilter 
INFO  08:43:49,121 MicroScheduler -   -> 0 reads (0.00% of total) failing FailsVendorQualityCheckFilter 
INFO  08:43:49,121 MicroScheduler -   -> 0 reads (0.00% of total) failing MalformedReadFilter 
INFO  08:43:49,121 MicroScheduler -   -> 0 reads (0.00% of total) failing MappingQualityUnavailableFilter 
INFO  08:43:49,121 MicroScheduler -   -> 0 reads (0.00% of total) failing NotPrimaryAlignmentFilter 
INFO  08:43:49,121 MicroScheduler -   -> 0 reads (0.00% of total) failing UnmappedReadFilter 
------------------------------------------------------------------------------------------
Done. ------------------------------------------------------------------------------------------
# Runtime of Module was: 8 seconds.
################
#BGZip at 2024-07-03T08:43:49.389 was executed with the following commandline:
bgzip -f /data/analysis_SimulatedAncientReads_HQ439467/01-EAGERmapping/ANCIENT.SIM.CONT.COV-7.5.RUN-1/10-GATKGenotyper/ANCIENT.SIM.CONT.COV-7.5.RUN-1.truncated.MT_realigned.mappedonly.sorted.qF.sorted.cleaned_rmdup.sorted.real.unifiedgenotyper.vcf 
################
## Runtime of Module was: 0 seconds.
################
#Tabix at 2024-07-03T08:43:49.841 was executed with the following commandline:
tabix -p vcf /data/analysis_SimulatedAncientReads_HQ439467/01-EAGERmapping/ANCIENT.SIM.CONT.COV-7.5.RUN-1/10-GATKGenotyper/ANCIENT.SIM.CONT.COV-7.5.RUN-1.truncated.MT_realigned.mappedonly.sorted.qF.sorted.cleaned_rmdup.sorted.real.unifiedgenotyper.vcf.gz 
################
## Runtime of Module was: 0 seconds.
################
#CleanUpRedundantData at 2024-07-03T08:43:49.991 was executed with the following commandline:
/bin/sh -c rm /data/analysis_SimulatedAncientReads_HQ439467/01-EAGERmapping/ANCIENT.SIM.CONT.COV-7.5.RUN-1/3-Mapper/*.sam; rm /data/analysis_SimulatedAncientReads_HQ439467/01-EAGERmapping/ANCIENT.SIM.CONT.COV-7.5.RUN-1/3-Mapper/*.sai; rm /data/analysis_SimulatedAncientReads_HQ439467/01-EAGERmapping/ANCIENT.SIM.CONT.COV-7.5.RUN-1/4-Samtools/ANCIENT.SIM.CONT.COV-7.5.RUN-1.truncated.MT_realigned.mappedonly.sorted.qF.sorted.bam.bai; rm /data/analysis_SimulatedAncientReads_HQ439467/01-EAGERmapping/ANCIENT.SIM.CONT.COV-7.5.RUN-1/4-Samtools/ANCIENT.SIM.CONT.COV-7.5.RUN-1.truncated.MT_realigned.mappedonly.sorted.qF.sorted.bam ; rm /data/analysis_SimulatedAncientReads_HQ439467/01-EAGERmapping/ANCIENT.SIM.CONT.COV-7.5.RUN-1/4-Samtools/ANCIENT.SIM.CONT.COV-7.5.RUN-1.truncated.MT_realigned.mappedonly.bam ; rm /data/analysis_SimulatedAncientReads_HQ439467/01-EAGERmapping/ANCIENT.SIM.CONT.COV-7.5.RUN-1/4-Samtools/ANCIENT.SIM.CONT.COV-7.5.RUN-1.truncated.MT_realigned.mappedonly.sorted.qF.bam ; rm /data/analysis_SimulatedAncientReads_HQ439467/01-EAGERmapping/ANCIENT.SIM.CONT.COV-7.5.RUN-1/5-DeDup/ANCIENT.SIM.CONT.COV-7.5.RUN-1.truncated.MT_realigned.mappedonly.sorted.qF.sorted.cleaned_rmdup.bam;  
################
#/bin/sh: warning: setlocale: LC_ALL: cannot change locale (C.UTF-8)
# Runtime of Module was: 0 seconds.
################
#ReportGenerator at 2024-07-03T08:43:50.018 was executed with the following commandline:
ReportTable /data/analysis_SimulatedAncientReads_HQ439467/01-EAGERmapping/Report_01-EAGERmapping.csv /data/analysis_SimulatedAncientReads_HQ439467/01-EAGERmapping 
################
#/bin/bash: warning: setlocale: LC_ALL: cannot change locale (C.UTF-8)
Picked up _JAVA_OPTIONS: -Dsun.java2d.xrender=false -Xmx256G -Xms8G
# Runtime of Module was: 2 seconds.
