# EAGER Version used for this run: 1.92.56
################
#CreateResultsDirectories at 2024-07-03T08:42:25.23 was executed with the following commandline:
mkdir -p /data/analysis_SimulatedAncientReads_HQ439467/01-EAGERmapping/ANCIENT.SIM.CONT.COV-7.5.RUN-4/0-FastQC/.tmp /data/analysis_SimulatedAncientReads_HQ439467/01-EAGERmapping/ANCIENT.SIM.CONT.COV-7.5.RUN-4/1-AdapClip/.tmp /data/analysis_SimulatedAncientReads_HQ439467/01-EAGERmapping/ANCIENT.SIM.CONT.COV-7.5.RUN-4/3-Mapper/.tmp /data/analysis_SimulatedAncientReads_HQ439467/01-EAGERmapping/ANCIENT.SIM.CONT.COV-7.5.RUN-4/4-Samtools/.tmp /data/analysis_SimulatedAncientReads_HQ439467/01-EAGERmapping/ANCIENT.SIM.CONT.COV-7.5.RUN-4/5-DeDup/.tmp /data/analysis_SimulatedAncientReads_HQ439467/01-EAGERmapping/ANCIENT.SIM.CONT.COV-7.5.RUN-4/6-QualiMap/.tmp /data/analysis_SimulatedAncientReads_HQ439467/01-EAGERmapping/ANCIENT.SIM.CONT.COV-7.5.RUN-4/7-DnaDamage/.tmp /data/analysis_SimulatedAncientReads_HQ439467/01-EAGERmapping/ANCIENT.SIM.CONT.COV-7.5.RUN-4/9-GATKBasics/.tmp /data/analysis_SimulatedAncientReads_HQ439467/01-EAGERmapping/ANCIENT.SIM.CONT.COV-7.5.RUN-4/10-GATKGenotyper/.tmp 
################
## Runtime of Module was: 0 seconds.
################
#FastQCdefault at 2024-07-03T08:42:25.242 was executed with the following commandline:
fastqc -o /data/analysis_SimulatedAncientReads_HQ439467/01-EAGERmapping/ANCIENT.SIM.CONT.COV-7.5.RUN-4/0-FastQC --extract  -f fastq /data/simulation_AncientReads_HQ439467/03-Downsampling/ANCIENT.SIM.CONT.COV-7.5.RUN-4.fq 
################
#perl: warning: Setting locale failed.
perl: warning: Please check that your locale settings:
	LANGUAGE = "de_DE:en",
	LC_ALL = "C.UTF-8",
	LC_MEASUREMENT = "de_DE.UTF-8",
	LC_TELEPHONE = "de_DE.UTF-8",
	LC_TIME = "de_DE.UTF-8",
	LC_PAPER = "de_DE.UTF-8",
	LC_ADDRESS = "de_DE.UTF-8",
	LC_IDENTIFICATION = "de_DE.UTF-8",
	LC_MONETARY = "de_DE.UTF-8",
	LC_NAME = "de_DE.UTF-8",
	LC_NUMERIC = "de_DE.UTF-8",
	LANG = "de_DE.UTF-8"
    are supported and installed on your system.
perl: warning: Falling back to the standard locale ("C").
Picked up JAVA_TOOL_OPTIONS: -Djava.io.tmpdir=/data/analysis_SimulatedAncientReads_HQ439467/01-EAGERmapping/ANCIENT.SIM.CONT.COV-7.5.RUN-4/0-FastQC/.tmp
Picked up _JAVA_OPTIONS: -Dsun.java2d.xrender=false -Xmx256G -Xms8G
Skipping '' which didn't exist, or couldn't be read
Started analysis of ANCIENT.SIM.CONT.COV-7.5.RUN-4.fq
Approx 25% complete for ANCIENT.SIM.CONT.COV-7.5.RUN-4.fq
Approx 50% complete for ANCIENT.SIM.CONT.COV-7.5.RUN-4.fq
Approx 75% complete for ANCIENT.SIM.CONT.COV-7.5.RUN-4.fq
# Runtime of Module was: 6 seconds.
################
#AdapterRemovalsingleendedonly at 2024-07-03T08:42:31.74 was executed with the following commandline:
AdapterRemoval --file1 /data/simulation_AncientReads_HQ439467/03-Downsampling/ANCIENT.SIM.CONT.COV-7.5.RUN-4.fq --basename /data/analysis_SimulatedAncientReads_HQ439467/01-EAGERmapping/ANCIENT.SIM.CONT.COV-7.5.RUN-4/1-AdapClip/ANCIENT.SIM.CONT.COV-7.5.RUN-4 --gzip --threads 4 --trimns --trimqualities --adapter1 AGATCGGAAGAGCACACGTCTGAACTCCAGTCAC --adapter2 AGATCGGAAGAGCGTCGTGTAGGGAAAGAGTGTA --minlength 30 --minquality 20 --minadapteroverlap 1 
################
#Trimming single ended reads ...
Opening FASTQ file '/data/simulation_AncientReads_HQ439467/03-Downsampling/ANCIENT.SIM.CONT.COV-7.5.RUN-4.fq'

Processed a total of 3,890 reads in 0.1s; 58,000 reads per second on average ...
# Runtime of Module was: 0 seconds.
################
#TrackFastQ at 2024-07-03T08:42:31.815 was executed with the following commandline:
/bin/sh -c echo 'all' > /data/analysis_SimulatedAncientReads_HQ439467/01-EAGERmapping/ANCIENT.SIM.CONT.COV-7.5.RUN-4/1-AdapClip//track_fastq.log 
################
#/bin/sh: warning: setlocale: LC_ALL: cannot change locale (C.UTF-8)
# Runtime of Module was: 0 seconds.
# EAGER Version used for this run: 1.92.56
################
#CircularMapperGenerator at 2024-07-03T08:42:31.827 was executed with the following commandline:
circulargenerator -e 500 -i /data/references/NC_001640_Equus-callabus_mt/NC_001640.1.fna -s NC_001640.1 
################
## The Module CircularMapperGenerator has already been run! (i.e the command above was NOT executed)################
#BWAAlign at 2024-07-03T08:42:31.828 was executed with the following commandline:
bwa aln -t 4 /data/references/NC_001640_Equus-callabus_mt/NC_001640.1_500.fna /data/analysis_SimulatedAncientReads_HQ439467/01-EAGERmapping/ANCIENT.SIM.CONT.COV-7.5.RUN-4/1-AdapClip/ANCIENT.SIM.CONT.COV-7.5.RUN-4.truncated.gz -n 0.01 -l 16500  -f /data/analysis_SimulatedAncientReads_HQ439467/01-EAGERmapping/ANCIENT.SIM.CONT.COV-7.5.RUN-4/3-Mapper/ANCIENT.SIM.CONT.COV-7.5.RUN-4.truncated.MT.sai 
################
#[bwa_aln] 17bp reads: max_diff = 2
[bwa_aln] 22bp reads: max_diff = 3
[bwa_aln] 42bp reads: max_diff = 4
[bwa_aln] 64bp reads: max_diff = 5
[bwa_aln] 90bp reads: max_diff = 6
[bwa_aln] 117bp reads: max_diff = 7
[bwa_aln] 146bp reads: max_diff = 8
[bwa_aln] 176bp reads: max_diff = 9
[bwa_aln] 207bp reads: max_diff = 10
[bwa_aln] 239bp reads: max_diff = 11
[bwa_aln_core] calculate SA coordinate... 0.11 sec
[bwa_aln_core] write to the disk... 0.00 sec
[bwa_aln_core] 3684 sequences have been processed.
[main] Version: 0.7.17-r1188
[main] CMD: bwa aln -t 4 -n 0.01 -l 16500 -f /data/analysis_SimulatedAncientReads_HQ439467/01-EAGERmapping/ANCIENT.SIM.CONT.COV-7.5.RUN-4/3-Mapper/ANCIENT.SIM.CONT.COV-7.5.RUN-4.truncated.MT.sai /data/references/NC_001640_Equus-callabus_mt/NC_001640.1_500.fna /data/analysis_SimulatedAncientReads_HQ439467/01-EAGERmapping/ANCIENT.SIM.CONT.COV-7.5.RUN-4/1-AdapClip/ANCIENT.SIM.CONT.COV-7.5.RUN-4.truncated.gz 
[main] Real time: 0.369 sec; CPU: 0.123 sec
# Runtime of Module was: 0 seconds.
################
#BWASamse at 2024-07-03T08:42:32.202 was executed with the following commandline:
bwa samse -r @RG\tID:ILLUMINA-ANCIENT.SIM.CONT.COV-7.5.RUN-4\tSM:ANCIENT.SIM.CONT.COV-7.5.RUN-4\tPL:illumina /data/references/NC_001640_Equus-callabus_mt/NC_001640.1_500.fna /data/analysis_SimulatedAncientReads_HQ439467/01-EAGERmapping/ANCIENT.SIM.CONT.COV-7.5.RUN-4/3-Mapper/ANCIENT.SIM.CONT.COV-7.5.RUN-4.truncated.MT.sai /data/analysis_SimulatedAncientReads_HQ439467/01-EAGERmapping/ANCIENT.SIM.CONT.COV-7.5.RUN-4/1-AdapClip/ANCIENT.SIM.CONT.COV-7.5.RUN-4.truncated.gz -f /data/analysis_SimulatedAncientReads_HQ439467/01-EAGERmapping/ANCIENT.SIM.CONT.COV-7.5.RUN-4/3-Mapper/ANCIENT.SIM.CONT.COV-7.5.RUN-4.truncated.MT.sam 
################
#[bwa_aln_core] convert to sequence coordinate... 0.01 sec
[bwa_aln_core] refine gapped alignments... 0.00 sec
[bwa_aln_core] print alignments... 0.01 sec
[bwa_aln_core] 3684 sequences have been processed.
[main] Version: 0.7.17-r1188
[main] CMD: bwa samse -r @RG\tID:ILLUMINA-ANCIENT.SIM.CONT.COV-7.5.RUN-4\tSM:ANCIENT.SIM.CONT.COV-7.5.RUN-4\tPL:illumina -f /data/analysis_SimulatedAncientReads_HQ439467/01-EAGERmapping/ANCIENT.SIM.CONT.COV-7.5.RUN-4/3-Mapper/ANCIENT.SIM.CONT.COV-7.5.RUN-4.truncated.MT.sam /data/references/NC_001640_Equus-callabus_mt/NC_001640.1_500.fna /data/analysis_SimulatedAncientReads_HQ439467/01-EAGERmapping/ANCIENT.SIM.CONT.COV-7.5.RUN-4/3-Mapper/ANCIENT.SIM.CONT.COV-7.5.RUN-4.truncated.MT.sai /data/analysis_SimulatedAncientReads_HQ439467/01-EAGERmapping/ANCIENT.SIM.CONT.COV-7.5.RUN-4/1-AdapClip/ANCIENT.SIM.CONT.COV-7.5.RUN-4.truncated.gz
[main] Real time: 0.424 sec; CPU: 0.025 sec
# Runtime of Module was: 0 seconds.
################
#Flagstatsam at 2024-07-03T08:42:32.637 was executed with the following commandline:
/bin/sh -c samtools flagstat /data/analysis_SimulatedAncientReads_HQ439467/01-EAGERmapping/ANCIENT.SIM.CONT.COV-7.5.RUN-4/3-Mapper/ANCIENT.SIM.CONT.COV-7.5.RUN-4.truncated.MT.sam > /data/analysis_SimulatedAncientReads_HQ439467/01-EAGERmapping/ANCIENT.SIM.CONT.COV-7.5.RUN-4/3-Mapper/ANCIENT.SIM.CONT.COV-7.5.RUN-4.truncated.MT.sam.stats 
################
#/bin/sh: warning: setlocale: LC_ALL: cannot change locale (C.UTF-8)
# Runtime of Module was: 0 seconds.
################
#CircularMapperRealignerdefault at 2024-07-03T08:42:32.652 was executed with the following commandline:
realignsamfile -e 500 -i /data/analysis_SimulatedAncientReads_HQ439467/01-EAGERmapping/ANCIENT.SIM.CONT.COV-7.5.RUN-4/3-Mapper/ANCIENT.SIM.CONT.COV-7.5.RUN-4.truncated.MT.sam -r /data/references/NC_001640_Equus-callabus_mt/NC_001640.1.fna 
################
#/bin/bash: warning: setlocale: LC_ALL: cannot change locale (C.UTF-8)
Picked up _JAVA_OPTIONS: -Dsun.java2d.xrender=false -Xmx256G -Xms8G
DEBUG	2024-07-03 08:42:39	BlockCompressedOutputStream	Using deflater: Deflater
# Runtime of Module was: 6 seconds.
################
#Flagstatdefault at 2024-07-03T08:42:39.314 was executed with the following commandline:
/bin/sh -c samtools flagstat /data/analysis_SimulatedAncientReads_HQ439467/01-EAGERmapping/ANCIENT.SIM.CONT.COV-7.5.RUN-4/3-Mapper/ANCIENT.SIM.CONT.COV-7.5.RUN-4.truncated.MT_realigned.bam > /data/analysis_SimulatedAncientReads_HQ439467/01-EAGERmapping/ANCIENT.SIM.CONT.COV-7.5.RUN-4/3-Mapper/ANCIENT.SIM.CONT.COV-7.5.RUN-4.truncated.MT_realigned.bam.stats 
################
#/bin/sh: warning: setlocale: LC_ALL: cannot change locale (C.UTF-8)
# Runtime of Module was: 0 seconds.
################
#SamtoolsViewOnlyMapped at 2024-07-03T08:42:39.33 was executed with the following commandline:
samtools view -@ 4 -F4 -b /data/analysis_SimulatedAncientReads_HQ439467/01-EAGERmapping/ANCIENT.SIM.CONT.COV-7.5.RUN-4/3-Mapper/ANCIENT.SIM.CONT.COV-7.5.RUN-4.truncated.MT_realigned.bam -o /data/analysis_SimulatedAncientReads_HQ439467/01-EAGERmapping/ANCIENT.SIM.CONT.COV-7.5.RUN-4/4-Samtools/ANCIENT.SIM.CONT.COV-7.5.RUN-4.truncated.MT_realigned.mappedonly.bam 
################
## Runtime of Module was: 0 seconds.
################
#SamtoolsSortUnfiltered at 2024-07-03T08:42:39.644 was executed with the following commandline:
samtools sort -@ 4 -m 8G /data/analysis_SimulatedAncientReads_HQ439467/01-EAGERmapping/ANCIENT.SIM.CONT.COV-7.5.RUN-4/4-Samtools/ANCIENT.SIM.CONT.COV-7.5.RUN-4.truncated.MT_realigned.mappedonly.bam -o /data/analysis_SimulatedAncientReads_HQ439467/01-EAGERmapping/ANCIENT.SIM.CONT.COV-7.5.RUN-4/4-Samtools/ANCIENT.SIM.CONT.COV-7.5.RUN-4.truncated.MT_realigned.mappedonly.sorted.bam 
################
#[bam_sort_core] merging from 0 files and 4 in-memory blocks...
# Runtime of Module was: 0 seconds.
################
#SamtoolsIndexUnfiltered at 2024-07-03T08:42:39.85 was executed with the following commandline:
samtools index /data/analysis_SimulatedAncientReads_HQ439467/01-EAGERmapping/ANCIENT.SIM.CONT.COV-7.5.RUN-4/4-Samtools/ANCIENT.SIM.CONT.COV-7.5.RUN-4.truncated.MT_realigned.mappedonly.sorted.bam 
################
## Runtime of Module was: 0 seconds.
################
#SamtoolsViewfiltered at 2024-07-03T08:42:39.945 was executed with the following commandline:
samtools view -@ 4 -q 30 -b /data/analysis_SimulatedAncientReads_HQ439467/01-EAGERmapping/ANCIENT.SIM.CONT.COV-7.5.RUN-4/4-Samtools/ANCIENT.SIM.CONT.COV-7.5.RUN-4.truncated.MT_realigned.mappedonly.sorted.bam -o /data/analysis_SimulatedAncientReads_HQ439467/01-EAGERmapping/ANCIENT.SIM.CONT.COV-7.5.RUN-4/4-Samtools/ANCIENT.SIM.CONT.COV-7.5.RUN-4.truncated.MT_realigned.mappedonly.sorted.qF.bam 
################
## Runtime of Module was: 0 seconds.
################
#Flagstatfiltered at 2024-07-03T08:42:40.392 was executed with the following commandline:
/bin/sh -c samtools flagstat /data/analysis_SimulatedAncientReads_HQ439467/01-EAGERmapping/ANCIENT.SIM.CONT.COV-7.5.RUN-4/4-Samtools/ANCIENT.SIM.CONT.COV-7.5.RUN-4.truncated.MT_realigned.mappedonly.sorted.qF.bam > /data/analysis_SimulatedAncientReads_HQ439467/01-EAGERmapping/ANCIENT.SIM.CONT.COV-7.5.RUN-4/4-Samtools/ANCIENT.SIM.CONT.COV-7.5.RUN-4.truncated.MT_realigned.mappedonly.sorted.qF.bam.qF.stats 
################
#/bin/sh: warning: setlocale: LC_ALL: cannot change locale (C.UTF-8)
# Runtime of Module was: 0 seconds.
################
#SamtoolsSortdefault at 2024-07-03T08:42:40.409 was executed with the following commandline:
samtools sort -@ 4 -m 8G /data/analysis_SimulatedAncientReads_HQ439467/01-EAGERmapping/ANCIENT.SIM.CONT.COV-7.5.RUN-4/4-Samtools/ANCIENT.SIM.CONT.COV-7.5.RUN-4.truncated.MT_realigned.mappedonly.sorted.qF.bam -o /data/analysis_SimulatedAncientReads_HQ439467/01-EAGERmapping/ANCIENT.SIM.CONT.COV-7.5.RUN-4/4-Samtools/ANCIENT.SIM.CONT.COV-7.5.RUN-4.truncated.MT_realigned.mappedonly.sorted.qF.sorted.bam 
################
#[bam_sort_core] merging from 0 files and 4 in-memory blocks...
# Runtime of Module was: 0 seconds.
################
#SamtoolsIndexdefault at 2024-07-03T08:42:40.563 was executed with the following commandline:
samtools index /data/analysis_SimulatedAncientReads_HQ439467/01-EAGERmapping/ANCIENT.SIM.CONT.COV-7.5.RUN-4/4-Samtools/ANCIENT.SIM.CONT.COV-7.5.RUN-4.truncated.MT_realigned.mappedonly.sorted.qF.sorted.bam 
################
## Runtime of Module was: 0 seconds.
################
#CleanSam at 2024-07-03T08:42:40.772 was executed with the following commandline:
picard CleanSam INPUT=/data/analysis_SimulatedAncientReads_HQ439467/01-EAGERmapping/ANCIENT.SIM.CONT.COV-7.5.RUN-4/4-Samtools/ANCIENT.SIM.CONT.COV-7.5.RUN-4.truncated.MT_realigned.mappedonly.sorted.qF.sorted.bam OUTPUT=/data/analysis_SimulatedAncientReads_HQ439467/01-EAGERmapping/ANCIENT.SIM.CONT.COV-7.5.RUN-4/5-DeDup/ANCIENT.SIM.CONT.COV-7.5.RUN-4.truncated.MT_realigned.mappedonly.sorted.qF.sorted.cleaned.bam VALIDATION_STRINGENCY=SILENT 
################
#/bin/sh: warning: setlocale: LC_ALL: cannot change locale (C.UTF-8)
Picked up _JAVA_OPTIONS: -Dsun.java2d.xrender=false -Xmx256G -Xms8G
[Wed Jul 03 08:42:42 UTC 2024] picard.sam.CleanSam INPUT=/data/analysis_SimulatedAncientReads_HQ439467/01-EAGERmapping/ANCIENT.SIM.CONT.COV-7.5.RUN-4/4-Samtools/ANCIENT.SIM.CONT.COV-7.5.RUN-4.truncated.MT_realigned.mappedonly.sorted.qF.sorted.bam OUTPUT=/data/analysis_SimulatedAncientReads_HQ439467/01-EAGERmapping/ANCIENT.SIM.CONT.COV-7.5.RUN-4/5-DeDup/ANCIENT.SIM.CONT.COV-7.5.RUN-4.truncated.MT_realigned.mappedonly.sorted.qF.sorted.cleaned.bam VALIDATION_STRINGENCY=SILENT    VERBOSITY=INFO QUIET=false COMPRESSION_LEVEL=5 MAX_RECORDS_IN_RAM=500000 CREATE_INDEX=false CREATE_MD5_FILE=false GA4GH_CLIENT_SECRETS=client_secrets.json
[Wed Jul 03 08:42:42 UTC 2024] Executing as haeusler@thor on Linux 5.15.0-112-generic amd64; Java HotSpot(TM) 64-Bit Server VM 1.8.0_144-b01; Picard version: 2.9.2-SNAPSHOT
[Wed Jul 03 08:42:42 UTC 2024] picard.sam.CleanSam done. Elapsed time: 0.00 minutes.
Runtime.totalMemory()=8232370176
# Runtime of Module was: 1 seconds.
################
#DeDup at 2024-07-03T08:42:42.668 was executed with the following commandline:
dedup -i /data/analysis_SimulatedAncientReads_HQ439467/01-EAGERmapping/ANCIENT.SIM.CONT.COV-7.5.RUN-4/5-DeDup/ANCIENT.SIM.CONT.COV-7.5.RUN-4.truncated.MT_realigned.mappedonly.sorted.qF.sorted.cleaned.bam -m -o /data/analysis_SimulatedAncientReads_HQ439467/01-EAGERmapping/ANCIENT.SIM.CONT.COV-7.5.RUN-4/5-DeDup 
################
#/bin/bash: warning: setlocale: LC_ALL: cannot change locale (C.UTF-8)
Picked up JAVA_TOOL_OPTIONS: -Djava.io.tmpdir=/data/analysis_SimulatedAncientReads_HQ439467/01-EAGERmapping/ANCIENT.SIM.CONT.COV-7.5.RUN-4/5-DeDup/.tmp
Picked up _JAVA_OPTIONS: -Dsun.java2d.xrender=false -Xmx256G -Xms8G
DeDup v0.12.1
# Runtime of Module was: 1 seconds.
################
#SamtoolsSortDeDup at 2024-07-03T08:42:44.255 was executed with the following commandline:
samtools sort -@ 4 -m 8G /data/analysis_SimulatedAncientReads_HQ439467/01-EAGERmapping/ANCIENT.SIM.CONT.COV-7.5.RUN-4/5-DeDup/ANCIENT.SIM.CONT.COV-7.5.RUN-4.truncated.MT_realigned.mappedonly.sorted.qF.sorted.cleaned_rmdup.bam -o /data/analysis_SimulatedAncientReads_HQ439467/01-EAGERmapping/ANCIENT.SIM.CONT.COV-7.5.RUN-4/5-DeDup/ANCIENT.SIM.CONT.COV-7.5.RUN-4.truncated.MT_realigned.mappedonly.sorted.qF.sorted.cleaned_rmdup.sorted.bam 
################
#[bam_sort_core] merging from 0 files and 4 in-memory blocks...
# Runtime of Module was: 0 seconds.
################
#SamtoolsIndexDedup at 2024-07-03T08:42:44.511 was executed with the following commandline:
samtools index /data/analysis_SimulatedAncientReads_HQ439467/01-EAGERmapping/ANCIENT.SIM.CONT.COV-7.5.RUN-4/5-DeDup/ANCIENT.SIM.CONT.COV-7.5.RUN-4.truncated.MT_realigned.mappedonly.sorted.qF.sorted.cleaned_rmdup.sorted.bam 
################
## Runtime of Module was: 0 seconds.
################
#QualiMapDefault at 2024-07-03T08:42:44.651 was executed with the following commandline:
qualimap bamqc -bam /data/analysis_SimulatedAncientReads_HQ439467/01-EAGERmapping/ANCIENT.SIM.CONT.COV-7.5.RUN-4/5-DeDup/ANCIENT.SIM.CONT.COV-7.5.RUN-4.truncated.MT_realigned.mappedonly.sorted.qF.sorted.cleaned_rmdup.sorted.bam -nt 4 -outdir /data/analysis_SimulatedAncientReads_HQ439467/01-EAGERmapping/ANCIENT.SIM.CONT.COV-7.5.RUN-4/6-QualiMap/ANCIENT.SIM.CONT.COV-7.5.RUN-4.truncated.MT_realigned.mappedonly.sorted.qF.sorted.cleaned_rmdup.sorted -outformat HTML --java-mem-size=32G 
################
#/bin/bash: warning: setlocale: LC_ALL: cannot change locale (C.UTF-8)
Java HotSpot(TM) 64-Bit Server VM warning: ignoring option MaxPermSize=1024m; support was removed in 8.0
Picked up _JAVA_OPTIONS: -Dsun.java2d.xrender=false -Xmx256G -Xms8G
# Runtime of Module was: 3 seconds.
################
#DamageProfiler at 2024-07-03T08:42:48.102 was executed with the following commandline:
damageprofiler -i /data/analysis_SimulatedAncientReads_HQ439467/01-EAGERmapping/ANCIENT.SIM.CONT.COV-7.5.RUN-4/5-DeDup/ANCIENT.SIM.CONT.COV-7.5.RUN-4.truncated.MT_realigned.mappedonly.sorted.qF.sorted.cleaned_rmdup.sorted.bam -r /data/references/NC_001640_Equus-callabus_mt/NC_001640.1.fna -l 100 -o /data/analysis_SimulatedAncientReads_HQ439467/01-EAGERmapping/ANCIENT.SIM.CONT.COV-7.5.RUN-4/7-DnaDamage/ANCIENT.SIM.CONT.COV-7.5.RUN-4.truncated.MT_realigned.mappedonly.sorted.qF.sorted.cleaned_rmdup.sorted -t 25  
################
#/bin/bash: warning: setlocale: LC_ALL: cannot change locale (C.UTF-8)
Picked up _JAVA_OPTIONS: -Dsun.java2d.xrender=false -Xmx256G -Xms8G
# Runtime of Module was: 2 seconds.
# EAGER Version used for this run: 1.92.56
################
#GATKRealignerTargetCreator at 2024-07-03T08:42:50.906 was executed with the following commandline:
gatk -T RealignerTargetCreator -R /data/references/NC_001640_Equus-callabus_mt/NC_001640.1.fna -I /data/analysis_SimulatedAncientReads_HQ439467/01-EAGERmapping/ANCIENT.SIM.CONT.COV-7.5.RUN-4/5-DeDup/ANCIENT.SIM.CONT.COV-7.5.RUN-4.truncated.MT_realigned.mappedonly.sorted.qF.sorted.cleaned_rmdup.sorted.bam -nt 4 -o /data/analysis_SimulatedAncientReads_HQ439467/01-EAGERmapping/ANCIENT.SIM.CONT.COV-7.5.RUN-4/9-GATKBasics/ANCIENT.SIM.CONT.COV-7.5.RUN-4.truncated.MT_realigned.mappedonly.sorted.qF.sorted.cleaned_rmdup.sorted.intervals 
################
#/bin/bash: warning: setlocale: LC_ALL: cannot change locale (C.UTF-8)
Picked up JAVA_TOOL_OPTIONS: -Djava.io.tmpdir=/data/analysis_SimulatedAncientReads_HQ439467/01-EAGERmapping/ANCIENT.SIM.CONT.COV-7.5.RUN-4/9-GATKBasics/.tmp
Picked up _JAVA_OPTIONS: -Dsun.java2d.xrender=false -Xmx256G -Xms8G
INFO  08:42:54,581 HelpFormatter - ---------------------------------------------------------------------------------- 
INFO  08:42:54,583 HelpFormatter - The Genome Analysis Toolkit (GATK) v3.8-0-ge9d806836, Compiled 2017/07/28 21:26:50 
INFO  08:42:54,583 HelpFormatter - Copyright (c) 2010-2016 The Broad Institute 
INFO  08:42:54,584 HelpFormatter - For support and documentation go to https://software.broadinstitute.org/gatk 
INFO  08:42:54,584 HelpFormatter - [Wed Jul 03 08:42:54 UTC 2024] Executing on Linux 5.15.0-112-generic amd64 
INFO  08:42:54,584 HelpFormatter - Java HotSpot(TM) 64-Bit Server VM 1.8.0_144-b01 
INFO  08:42:54,587 HelpFormatter - Program Args: -T RealignerTargetCreator -R /data/references/NC_001640_Equus-callabus_mt/NC_001640.1.fna -I /data/analysis_SimulatedAncientReads_HQ439467/01-EAGERmapping/ANCIENT.SIM.CONT.COV-7.5.RUN-4/5-DeDup/ANCIENT.SIM.CONT.COV-7.5.RUN-4.truncated.MT_realigned.mappedonly.sorted.qF.sorted.cleaned_rmdup.sorted.bam -nt 4 -o /data/analysis_SimulatedAncientReads_HQ439467/01-EAGERmapping/ANCIENT.SIM.CONT.COV-7.5.RUN-4/9-GATKBasics/ANCIENT.SIM.CONT.COV-7.5.RUN-4.truncated.MT_realigned.mappedonly.sorted.qF.sorted.cleaned_rmdup.sorted.intervals 
INFO  08:42:54,589 HelpFormatter - Executing as haeusler@thor on Linux 5.15.0-112-generic amd64; Java HotSpot(TM) 64-Bit Server VM 1.8.0_144-b01. 
INFO  08:42:54,591 HelpFormatter - Date/Time: 2024/07/03 08:42:54 
INFO  08:42:54,591 HelpFormatter - ---------------------------------------------------------------------------------- 
INFO  08:42:54,591 HelpFormatter - ---------------------------------------------------------------------------------- 
ERROR StatusLogger Unable to create class org.apache.logging.log4j.core.impl.Log4jContextFactory specified in jar:file:/opt/gatk/GenomeAnalysisTK.jar!/META-INF/log4j-provider.properties
ERROR StatusLogger Log4j2 could not find a logging implementation. Please add log4j-core to the classpath. Using SimpleLogger to log to the console...
INFO  08:42:54,729 GenomeAnalysisEngine - Deflater: IntelDeflater 
INFO  08:42:54,729 GenomeAnalysisEngine - Inflater: IntelInflater 
INFO  08:42:54,729 GenomeAnalysisEngine - Strictness is SILENT 
INFO  08:42:54,818 GenomeAnalysisEngine - Downsampling Settings: Method: BY_SAMPLE, Target Coverage: 1000 
INFO  08:42:54,824 SAMDataSource$SAMReaders - Initializing SAMRecords in serial 
INFO  08:42:54,841 SAMDataSource$SAMReaders - Done initializing BAM readers: total time 0.02 
INFO  08:42:54,859 MicroScheduler - Running the GATK in parallel mode with 4 total threads, 1 CPU thread(s) for each of 4 data thread(s), of 64 processors available on this machine 
INFO  08:42:54,912 GenomeAnalysisEngine - Preparing for traversal over 1 BAM files 
INFO  08:42:54,923 GenomeAnalysisEngine - Done preparing for traversal 
INFO  08:42:54,924 ProgressMeter - [INITIALIZATION COMPLETE; STARTING PROCESSING] 
INFO  08:42:54,924 ProgressMeter -                 | processed |    time |    per 1M |           |   total | remaining 
INFO  08:42:54,925 ProgressMeter -        Location |     sites | elapsed |     sites | completed | runtime |   runtime 
INFO  08:42:54,929 SAMDataSource$SAMReaders - Initializing SAMRecords in serial 
INFO  08:42:54,932 SAMDataSource$SAMReaders - Done initializing BAM readers: total time 0.00 
INFO  08:42:55,219 ProgressMeter -            done     16660.0     0.0 s      17.0 s       99.5%     0.0 s       0.0 s 
INFO  08:42:55,219 ProgressMeter - Total runtime 0.30 secs, 0.00 min, 0.00 hours 
INFO  08:42:55,222 MicroScheduler - 0 reads were filtered out during the traversal out of approximately 3664 total reads (0.00%) 
INFO  08:42:55,222 MicroScheduler -   -> 0 reads (0.00% of total) failing BadCigarFilter 
INFO  08:42:55,223 MicroScheduler -   -> 0 reads (0.00% of total) failing BadMateFilter 
INFO  08:42:55,223 MicroScheduler -   -> 0 reads (0.00% of total) failing DuplicateReadFilter 
INFO  08:42:55,223 MicroScheduler -   -> 0 reads (0.00% of total) failing FailsVendorQualityCheckFilter 
INFO  08:42:55,224 MicroScheduler -   -> 0 reads (0.00% of total) failing MalformedReadFilter 
INFO  08:42:55,224 MicroScheduler -   -> 0 reads (0.00% of total) failing MappingQualityUnavailableFilter 
INFO  08:42:55,224 MicroScheduler -   -> 0 reads (0.00% of total) failing MappingQualityZeroFilter 
INFO  08:42:55,224 MicroScheduler -   -> 0 reads (0.00% of total) failing NotPrimaryAlignmentFilter 
INFO  08:42:55,224 MicroScheduler -   -> 0 reads (0.00% of total) failing Platform454Filter 
INFO  08:42:55,224 MicroScheduler -   -> 0 reads (0.00% of total) failing UnmappedReadFilter 
------------------------------------------------------------------------------------------
Done. ------------------------------------------------------------------------------------------
# Runtime of Module was: 4 seconds.
################
#GATKIndelRealigner at 2024-07-03T08:42:55.35 was executed with the following commandline:
gatk -T IndelRealigner -R /data/references/NC_001640_Equus-callabus_mt/NC_001640.1.fna -I /data/analysis_SimulatedAncientReads_HQ439467/01-EAGERmapping/ANCIENT.SIM.CONT.COV-7.5.RUN-4/5-DeDup/ANCIENT.SIM.CONT.COV-7.5.RUN-4.truncated.MT_realigned.mappedonly.sorted.qF.sorted.cleaned_rmdup.sorted.bam -targetIntervals /data/analysis_SimulatedAncientReads_HQ439467/01-EAGERmapping/ANCIENT.SIM.CONT.COV-7.5.RUN-4/9-GATKBasics/ANCIENT.SIM.CONT.COV-7.5.RUN-4.truncated.MT_realigned.mappedonly.sorted.qF.sorted.cleaned_rmdup.sorted.intervals -o /data/analysis_SimulatedAncientReads_HQ439467/01-EAGERmapping/ANCIENT.SIM.CONT.COV-7.5.RUN-4/9-GATKBasics/ANCIENT.SIM.CONT.COV-7.5.RUN-4.truncated.MT_realigned.mappedonly.sorted.qF.sorted.cleaned_rmdup.sorted.real.bam 
################
#/bin/bash: warning: setlocale: LC_ALL: cannot change locale (C.UTF-8)
Picked up JAVA_TOOL_OPTIONS: -Djava.io.tmpdir=/data/analysis_SimulatedAncientReads_HQ439467/01-EAGERmapping/ANCIENT.SIM.CONT.COV-7.5.RUN-4/9-GATKBasics/.tmp
Picked up _JAVA_OPTIONS: -Dsun.java2d.xrender=false -Xmx256G -Xms8G
INFO  08:42:58,399 HelpFormatter - ---------------------------------------------------------------------------------- 
INFO  08:42:58,401 HelpFormatter - The Genome Analysis Toolkit (GATK) v3.8-0-ge9d806836, Compiled 2017/07/28 21:26:50 
INFO  08:42:58,401 HelpFormatter - Copyright (c) 2010-2016 The Broad Institute 
INFO  08:42:58,401 HelpFormatter - For support and documentation go to https://software.broadinstitute.org/gatk 
INFO  08:42:58,401 HelpFormatter - [Wed Jul 03 08:42:58 UTC 2024] Executing on Linux 5.15.0-112-generic amd64 
INFO  08:42:58,401 HelpFormatter - Java HotSpot(TM) 64-Bit Server VM 1.8.0_144-b01 
INFO  08:42:58,404 HelpFormatter - Program Args: -T IndelRealigner -R /data/references/NC_001640_Equus-callabus_mt/NC_001640.1.fna -I /data/analysis_SimulatedAncientReads_HQ439467/01-EAGERmapping/ANCIENT.SIM.CONT.COV-7.5.RUN-4/5-DeDup/ANCIENT.SIM.CONT.COV-7.5.RUN-4.truncated.MT_realigned.mappedonly.sorted.qF.sorted.cleaned_rmdup.sorted.bam -targetIntervals /data/analysis_SimulatedAncientReads_HQ439467/01-EAGERmapping/ANCIENT.SIM.CONT.COV-7.5.RUN-4/9-GATKBasics/ANCIENT.SIM.CONT.COV-7.5.RUN-4.truncated.MT_realigned.mappedonly.sorted.qF.sorted.cleaned_rmdup.sorted.intervals -o /data/analysis_SimulatedAncientReads_HQ439467/01-EAGERmapping/ANCIENT.SIM.CONT.COV-7.5.RUN-4/9-GATKBasics/ANCIENT.SIM.CONT.COV-7.5.RUN-4.truncated.MT_realigned.mappedonly.sorted.qF.sorted.cleaned_rmdup.sorted.real.bam 
INFO  08:42:58,407 HelpFormatter - Executing as haeusler@thor on Linux 5.15.0-112-generic amd64; Java HotSpot(TM) 64-Bit Server VM 1.8.0_144-b01. 
INFO  08:42:58,407 HelpFormatter - Date/Time: 2024/07/03 08:42:58 
INFO  08:42:58,407 HelpFormatter - ---------------------------------------------------------------------------------- 
INFO  08:42:58,407 HelpFormatter - ---------------------------------------------------------------------------------- 
ERROR StatusLogger Unable to create class org.apache.logging.log4j.core.impl.Log4jContextFactory specified in jar:file:/opt/gatk/GenomeAnalysisTK.jar!/META-INF/log4j-provider.properties
ERROR StatusLogger Log4j2 could not find a logging implementation. Please add log4j-core to the classpath. Using SimpleLogger to log to the console...
INFO  08:42:58,584 GenomeAnalysisEngine - Deflater: IntelDeflater 
INFO  08:42:58,584 GenomeAnalysisEngine - Inflater: IntelInflater 
INFO  08:42:58,584 GenomeAnalysisEngine - Strictness is SILENT 
INFO  08:42:58,645 GenomeAnalysisEngine - Downsampling Settings: No downsampling 
INFO  08:42:58,652 SAMDataSource$SAMReaders - Initializing SAMRecords in serial 
INFO  08:42:58,669 SAMDataSource$SAMReaders - Done initializing BAM readers: total time 0.02 
INFO  08:42:58,734 GenomeAnalysisEngine - Preparing for traversal over 1 BAM files 
INFO  08:42:58,737 GenomeAnalysisEngine - Done preparing for traversal 
INFO  08:42:58,738 ProgressMeter - [INITIALIZATION COMPLETE; STARTING PROCESSING] 
INFO  08:42:58,738 ProgressMeter -                 | processed |    time |    per 1M |           |   total | remaining 
INFO  08:42:58,738 ProgressMeter -        Location |     reads | elapsed |     reads | completed | runtime |   runtime 
INFO  08:42:58,746 ReadShardBalancer$1 - Loading BAM index data 
INFO  08:42:58,746 ReadShardBalancer$1 - Done loading BAM index data 
INFO  08:42:58,943 ProgressMeter -            done      3663.0     0.0 s      55.0 s       96.0%     0.0 s       0.0 s 
INFO  08:42:58,943 ProgressMeter - Total runtime 0.21 secs, 0.00 min, 0.00 hours 
INFO  08:42:58,946 MicroScheduler - 0 reads were filtered out during the traversal out of approximately 3663 total reads (0.00%) 
INFO  08:42:58,946 MicroScheduler -   -> 0 reads (0.00% of total) failing BadCigarFilter 
INFO  08:42:58,946 MicroScheduler -   -> 0 reads (0.00% of total) failing MalformedReadFilter 
------------------------------------------------------------------------------------------
Done. ------------------------------------------------------------------------------------------
# Runtime of Module was: 3 seconds.
################
#GATKUnifiedGenotyperEMIT ALL POSITIONS, NO DBSNP at 2024-07-03T08:42:59.113 was executed with the following commandline:
gatk -T UnifiedGenotyper -R /data/references/NC_001640_Equus-callabus_mt/NC_001640.1.fna -I /data/analysis_SimulatedAncientReads_HQ439467/01-EAGERmapping/ANCIENT.SIM.CONT.COV-7.5.RUN-4/9-GATKBasics/ANCIENT.SIM.CONT.COV-7.5.RUN-4.truncated.MT_realigned.mappedonly.sorted.qF.sorted.cleaned_rmdup.sorted.real.bam -o /data/analysis_SimulatedAncientReads_HQ439467/01-EAGERmapping/ANCIENT.SIM.CONT.COV-7.5.RUN-4/10-GATKGenotyper/ANCIENT.SIM.CONT.COV-7.5.RUN-4.truncated.MT_realigned.mappedonly.sorted.qF.sorted.cleaned_rmdup.sorted.real.unifiedgenotyper.vcf -nt 4 -stand_call_conf 30 --sample_ploidy 2 -dcov 250 --output_mode EMIT_ALL_SITES  
################
#/bin/bash: warning: setlocale: LC_ALL: cannot change locale (C.UTF-8)
Picked up JAVA_TOOL_OPTIONS: -Djava.io.tmpdir=/data/analysis_SimulatedAncientReads_HQ439467/01-EAGERmapping/ANCIENT.SIM.CONT.COV-7.5.RUN-4/10-GATKGenotyper/.tmp
Picked up _JAVA_OPTIONS: -Dsun.java2d.xrender=false -Xmx256G -Xms8G
INFO  08:43:02,507 HelpFormatter - ---------------------------------------------------------------------------------- 
INFO  08:43:02,509 HelpFormatter - The Genome Analysis Toolkit (GATK) v3.8-0-ge9d806836, Compiled 2017/07/28 21:26:50 
INFO  08:43:02,509 HelpFormatter - Copyright (c) 2010-2016 The Broad Institute 
INFO  08:43:02,509 HelpFormatter - For support and documentation go to https://software.broadinstitute.org/gatk 
INFO  08:43:02,510 HelpFormatter - [Wed Jul 03 08:43:02 UTC 2024] Executing on Linux 5.15.0-112-generic amd64 
INFO  08:43:02,510 HelpFormatter - Java HotSpot(TM) 64-Bit Server VM 1.8.0_144-b01 
INFO  08:43:02,512 HelpFormatter - Program Args: -T UnifiedGenotyper -R /data/references/NC_001640_Equus-callabus_mt/NC_001640.1.fna -I /data/analysis_SimulatedAncientReads_HQ439467/01-EAGERmapping/ANCIENT.SIM.CONT.COV-7.5.RUN-4/9-GATKBasics/ANCIENT.SIM.CONT.COV-7.5.RUN-4.truncated.MT_realigned.mappedonly.sorted.qF.sorted.cleaned_rmdup.sorted.real.bam -o /data/analysis_SimulatedAncientReads_HQ439467/01-EAGERmapping/ANCIENT.SIM.CONT.COV-7.5.RUN-4/10-GATKGenotyper/ANCIENT.SIM.CONT.COV-7.5.RUN-4.truncated.MT_realigned.mappedonly.sorted.qF.sorted.cleaned_rmdup.sorted.real.unifiedgenotyper.vcf -nt 4 -stand_call_conf 30 --sample_ploidy 2 -dcov 250 --output_mode EMIT_ALL_SITES 
INFO  08:43:02,515 HelpFormatter - Executing as haeusler@thor on Linux 5.15.0-112-generic amd64; Java HotSpot(TM) 64-Bit Server VM 1.8.0_144-b01. 
INFO  08:43:02,515 HelpFormatter - Date/Time: 2024/07/03 08:43:02 
INFO  08:43:02,516 HelpFormatter - ---------------------------------------------------------------------------------- 
INFO  08:43:02,516 HelpFormatter - ---------------------------------------------------------------------------------- 
ERROR StatusLogger Unable to create class org.apache.logging.log4j.core.impl.Log4jContextFactory specified in jar:file:/opt/gatk/GenomeAnalysisTK.jar!/META-INF/log4j-provider.properties
ERROR StatusLogger Log4j2 could not find a logging implementation. Please add log4j-core to the classpath. Using SimpleLogger to log to the console...
INFO  08:43:02,640 GenomeAnalysisEngine - Deflater: IntelDeflater 
INFO  08:43:02,641 GenomeAnalysisEngine - Inflater: IntelInflater 
INFO  08:43:02,641 GenomeAnalysisEngine - Strictness is SILENT 
INFO  08:43:02,725 GenomeAnalysisEngine - Downsampling Settings: Method: BY_SAMPLE, Target Coverage: 250 
INFO  08:43:02,731 SAMDataSource$SAMReaders - Initializing SAMRecords in serial 
INFO  08:43:02,749 SAMDataSource$SAMReaders - Done initializing BAM readers: total time 0.02 
INFO  08:43:02,765 MicroScheduler - Running the GATK in parallel mode with 4 total threads, 1 CPU thread(s) for each of 4 data thread(s), of 64 processors available on this machine 
INFO  08:43:02,820 GenomeAnalysisEngine - Preparing for traversal over 1 BAM files 
INFO  08:43:02,831 GenomeAnalysisEngine - Done preparing for traversal 
INFO  08:43:02,831 ProgressMeter - [INITIALIZATION COMPLETE; STARTING PROCESSING] 
INFO  08:43:02,831 ProgressMeter -                 | processed |    time |    per 1M |           |   total | remaining 
INFO  08:43:02,832 ProgressMeter -        Location |     sites | elapsed |     sites | completed | runtime |   runtime 
INFO  08:43:02,869 StrandBiasTest - SAM/BAM data was found. Attempting to use read data to calculate strand bias annotations values. 
WARN  08:43:02,869 InbreedingCoeff - Annotation will not be calculated. InbreedingCoeff requires at least 10 unrelated samples. 
INFO  08:43:02,870 StrandBiasTest - SAM/BAM data was found. Attempting to use read data to calculate strand bias annotations values. 
INFO  08:43:02,920 SAMDataSource$SAMReaders - Initializing SAMRecords in serial 
INFO  08:43:02,923 SAMDataSource$SAMReaders - Done initializing BAM readers: total time 0.00 
INFO  08:43:06,024 ProgressMeter -            done     16660.0     3.0 s       3.2 m       99.5%     3.0 s       0.0 s 
INFO  08:43:06,024 ProgressMeter - Total runtime 3.19 secs, 0.05 min, 0.00 hours 
INFO  08:43:06,024 MicroScheduler - 0 reads were filtered out during the traversal out of approximately 3664 total reads (0.00%) 
INFO  08:43:06,025 MicroScheduler -   -> 0 reads (0.00% of total) failing BadCigarFilter 
INFO  08:43:06,025 MicroScheduler -   -> 0 reads (0.00% of total) failing BadMateFilter 
INFO  08:43:06,025 MicroScheduler -   -> 0 reads (0.00% of total) failing DuplicateReadFilter 
INFO  08:43:06,025 MicroScheduler -   -> 0 reads (0.00% of total) failing FailsVendorQualityCheckFilter 
INFO  08:43:06,025 MicroScheduler -   -> 0 reads (0.00% of total) failing MalformedReadFilter 
INFO  08:43:06,026 MicroScheduler -   -> 0 reads (0.00% of total) failing MappingQualityUnavailableFilter 
INFO  08:43:06,026 MicroScheduler -   -> 0 reads (0.00% of total) failing NotPrimaryAlignmentFilter 
INFO  08:43:06,026 MicroScheduler -   -> 0 reads (0.00% of total) failing UnmappedReadFilter 
------------------------------------------------------------------------------------------
Done. ------------------------------------------------------------------------------------------
# Runtime of Module was: 7 seconds.
################
#BGZip at 2024-07-03T08:43:06.326 was executed with the following commandline:
bgzip -f /data/analysis_SimulatedAncientReads_HQ439467/01-EAGERmapping/ANCIENT.SIM.CONT.COV-7.5.RUN-4/10-GATKGenotyper/ANCIENT.SIM.CONT.COV-7.5.RUN-4.truncated.MT_realigned.mappedonly.sorted.qF.sorted.cleaned_rmdup.sorted.real.unifiedgenotyper.vcf 
################
## Runtime of Module was: 0 seconds.
################
#Tabix at 2024-07-03T08:43:06.643 was executed with the following commandline:
tabix -p vcf /data/analysis_SimulatedAncientReads_HQ439467/01-EAGERmapping/ANCIENT.SIM.CONT.COV-7.5.RUN-4/10-GATKGenotyper/ANCIENT.SIM.CONT.COV-7.5.RUN-4.truncated.MT_realigned.mappedonly.sorted.qF.sorted.cleaned_rmdup.sorted.real.unifiedgenotyper.vcf.gz 
################
## Runtime of Module was: 0 seconds.
################
#CleanUpRedundantData at 2024-07-03T08:43:06.957 was executed with the following commandline:
/bin/sh -c rm /data/analysis_SimulatedAncientReads_HQ439467/01-EAGERmapping/ANCIENT.SIM.CONT.COV-7.5.RUN-4/3-Mapper/*.sam; rm /data/analysis_SimulatedAncientReads_HQ439467/01-EAGERmapping/ANCIENT.SIM.CONT.COV-7.5.RUN-4/3-Mapper/*.sai; rm /data/analysis_SimulatedAncientReads_HQ439467/01-EAGERmapping/ANCIENT.SIM.CONT.COV-7.5.RUN-4/4-Samtools/ANCIENT.SIM.CONT.COV-7.5.RUN-4.truncated.MT_realigned.mappedonly.bam ; rm /data/analysis_SimulatedAncientReads_HQ439467/01-EAGERmapping/ANCIENT.SIM.CONT.COV-7.5.RUN-4/4-Samtools/ANCIENT.SIM.CONT.COV-7.5.RUN-4.truncated.MT_realigned.mappedonly.sorted.qF.sorted.bam ; rm /data/analysis_SimulatedAncientReads_HQ439467/01-EAGERmapping/ANCIENT.SIM.CONT.COV-7.5.RUN-4/4-Samtools/ANCIENT.SIM.CONT.COV-7.5.RUN-4.truncated.MT_realigned.mappedonly.sorted.qF.bam ; rm /data/analysis_SimulatedAncientReads_HQ439467/01-EAGERmapping/ANCIENT.SIM.CONT.COV-7.5.RUN-4/4-Samtools/ANCIENT.SIM.CONT.COV-7.5.RUN-4.truncated.MT_realigned.mappedonly.sorted.qF.sorted.bam.bai; rm /data/analysis_SimulatedAncientReads_HQ439467/01-EAGERmapping/ANCIENT.SIM.CONT.COV-7.5.RUN-4/5-DeDup/ANCIENT.SIM.CONT.COV-7.5.RUN-4.truncated.MT_realigned.mappedonly.sorted.qF.sorted.cleaned_rmdup.bam;  
################
#/bin/sh: warning: setlocale: LC_ALL: cannot change locale (C.UTF-8)
# Runtime of Module was: 0 seconds.
################
#ReportGenerator at 2024-07-03T08:43:06.982 was executed with the following commandline:
ReportTable /data/analysis_SimulatedAncientReads_HQ439467/01-EAGERmapping/Report_01-EAGERmapping.csv /data/analysis_SimulatedAncientReads_HQ439467/01-EAGERmapping 
################
#/bin/bash: warning: setlocale: LC_ALL: cannot change locale (C.UTF-8)
Picked up _JAVA_OPTIONS: -Dsun.java2d.xrender=false -Xmx256G -Xms8G
# Runtime of Module was: 2 seconds.
