# EAGER Version used for this run: 1.92.56
################
#CreateResultsDirectories at 2024-07-03T08:11:51.684 was executed with the following commandline:
mkdir -p /data/simulation_AncientReads_HQ439467/02-EAGERmapping/ANCIENT.SIM.CONT.RUN-3/0-FastQC/.tmp /data/simulation_AncientReads_HQ439467/02-EAGERmapping/ANCIENT.SIM.CONT.RUN-3/1-AdapClip/.tmp /data/simulation_AncientReads_HQ439467/02-EAGERmapping/ANCIENT.SIM.CONT.RUN-3/3-Mapper/.tmp /data/simulation_AncientReads_HQ439467/02-EAGERmapping/ANCIENT.SIM.CONT.RUN-3/4-Samtools/.tmp /data/simulation_AncientReads_HQ439467/02-EAGERmapping/ANCIENT.SIM.CONT.RUN-3/5-DeDup/.tmp /data/simulation_AncientReads_HQ439467/02-EAGERmapping/ANCIENT.SIM.CONT.RUN-3/6-QualiMap/.tmp /data/simulation_AncientReads_HQ439467/02-EAGERmapping/ANCIENT.SIM.CONT.RUN-3/7-DnaDamage/.tmp /data/simulation_AncientReads_HQ439467/02-EAGERmapping/ANCIENT.SIM.CONT.RUN-3/9-GATKBasics/.tmp /data/simulation_AncientReads_HQ439467/02-EAGERmapping/ANCIENT.SIM.CONT.RUN-3/10-GATKGenotyper/.tmp 
################
## Runtime of Module was: 0 seconds.
################
#FastQCdefault at 2024-07-03T08:11:51.791 was executed with the following commandline:
fastqc -o /data/simulation_AncientReads_HQ439467/02-EAGERmapping/ANCIENT.SIM.CONT.RUN-3/0-FastQC --extract  -f fastq /data/simulation_AncientReads_HQ439467/01-gargammel/ANCIENT.SIM.CONT.RUN-3_s.fq.gz 
################
#perl: warning: Setting locale failed.
perl: warning: Please check that your locale settings:
	LANGUAGE = "de_DE:en",
	LC_ALL = "C.UTF-8",
	LC_MEASUREMENT = "de_DE.UTF-8",
	LC_TELEPHONE = "de_DE.UTF-8",
	LC_TIME = "de_DE.UTF-8",
	LC_PAPER = "de_DE.UTF-8",
	LC_ADDRESS = "de_DE.UTF-8",
	LC_IDENTIFICATION = "de_DE.UTF-8",
	LC_MONETARY = "de_DE.UTF-8",
	LC_NAME = "de_DE.UTF-8",
	LC_NUMERIC = "de_DE.UTF-8",
	LANG = "de_DE.UTF-8"
    are supported and installed on your system.
perl: warning: Falling back to the standard locale ("C").
Picked up JAVA_TOOL_OPTIONS: -Djava.io.tmpdir=/data/simulation_AncientReads_HQ439467/02-EAGERmapping/ANCIENT.SIM.CONT.RUN-3/0-FastQC/.tmp
Picked up _JAVA_OPTIONS: -Dsun.java2d.xrender=false -Xmx256G -Xms8G
Skipping '' which didn't exist, or couldn't be read
Started analysis of ANCIENT.SIM.CONT.RUN-3_s.fq.gz
Approx 5% complete for ANCIENT.SIM.CONT.RUN-3_s.fq.gz
Approx 10% complete for ANCIENT.SIM.CONT.RUN-3_s.fq.gz
Too many tiles (>500) so giving up trying to do per-tile qualities since we're probably parsing the file wrongly
Approx 15% complete for ANCIENT.SIM.CONT.RUN-3_s.fq.gz
Approx 20% complete for ANCIENT.SIM.CONT.RUN-3_s.fq.gz
Approx 25% complete for ANCIENT.SIM.CONT.RUN-3_s.fq.gz
Approx 30% complete for ANCIENT.SIM.CONT.RUN-3_s.fq.gz
Approx 35% complete for ANCIENT.SIM.CONT.RUN-3_s.fq.gz
Approx 40% complete for ANCIENT.SIM.CONT.RUN-3_s.fq.gz
Approx 45% complete for ANCIENT.SIM.CONT.RUN-3_s.fq.gz
Approx 50% complete for ANCIENT.SIM.CONT.RUN-3_s.fq.gz
Approx 55% complete for ANCIENT.SIM.CONT.RUN-3_s.fq.gz
Approx 60% complete for ANCIENT.SIM.CONT.RUN-3_s.fq.gz
Approx 65% complete for ANCIENT.SIM.CONT.RUN-3_s.fq.gz
Approx 70% complete for ANCIENT.SIM.CONT.RUN-3_s.fq.gz
Approx 75% complete for ANCIENT.SIM.CONT.RUN-3_s.fq.gz
Approx 80% complete for ANCIENT.SIM.CONT.RUN-3_s.fq.gz
Approx 85% complete for ANCIENT.SIM.CONT.RUN-3_s.fq.gz
Approx 90% complete for ANCIENT.SIM.CONT.RUN-3_s.fq.gz
Approx 95% complete for ANCIENT.SIM.CONT.RUN-3_s.fq.gz
# Runtime of Module was: 3 seconds.
################
#AdapterRemovalsingleendedonly at 2024-07-03T08:11:55.779 was executed with the following commandline:
AdapterRemoval --file1 /data/simulation_AncientReads_HQ439467/01-gargammel/ANCIENT.SIM.CONT.RUN-3_s.fq.gz --basename /data/simulation_AncientReads_HQ439467/02-EAGERmapping/ANCIENT.SIM.CONT.RUN-3/1-AdapClip/ANCIENT.SIM.CONT.RUN-3_s.fq --gzip --threads 4 --trimns --trimqualities --adapter1 AGATCGGAAGAGCACACGTCTGAACTCCAGTCAC --adapter2 AGATCGGAAGAGCGTCGTGTAGGGAAAGAGTGTA --minlength 30 --minquality 20 --minadapteroverlap 1 
################
#Trimming single ended reads ...
Opening FASTQ file '/data/simulation_AncientReads_HQ439467/01-gargammel/ANCIENT.SIM.CONT.RUN-3_s.fq.gz'

Processed a total of 39,713 reads in 1.0s; 39,000 reads per second on average ...
# Runtime of Module was: 1 seconds.
################
#TrackFastQ at 2024-07-03T08:11:56.809 was executed with the following commandline:
/bin/sh -c echo 'all' > /data/simulation_AncientReads_HQ439467/02-EAGERmapping/ANCIENT.SIM.CONT.RUN-3/1-AdapClip//track_fastq.log 
################
#/bin/sh: warning: setlocale: LC_ALL: cannot change locale (C.UTF-8)
# Runtime of Module was: 0 seconds.
# EAGER Version used for this run: 1.92.56
################
#CircularMapperGenerator at 2024-07-03T08:11:56.822 was executed with the following commandline:
circulargenerator -e 500 -i /data/references/NC_001640_Equus-callabus_mt/NC_001640.1.fna -s NC_001640.1 
################
## The Module CircularMapperGenerator has already been run! (i.e the command above was NOT executed)################
#BWAAlign at 2024-07-03T08:11:56.824 was executed with the following commandline:
bwa aln -t 4 /data/references/NC_001640_Equus-callabus_mt/NC_001640.1_500.fna /data/simulation_AncientReads_HQ439467/02-EAGERmapping/ANCIENT.SIM.CONT.RUN-3/1-AdapClip/ANCIENT.SIM.CONT.RUN-3_s.fq.truncated.gz -n 0.01 -l 16500  -f /data/simulation_AncientReads_HQ439467/02-EAGERmapping/ANCIENT.SIM.CONT.RUN-3/3-Mapper/ANCIENT.SIM.CONT.RUN-3_s.fq.truncated.MT.sai 
################
#[bwa_aln] 17bp reads: max_diff = 2
[bwa_aln] 22bp reads: max_diff = 3
[bwa_aln] 42bp reads: max_diff = 4
[bwa_aln] 64bp reads: max_diff = 5
[bwa_aln] 90bp reads: max_diff = 6
[bwa_aln] 117bp reads: max_diff = 7
[bwa_aln] 146bp reads: max_diff = 8
[bwa_aln] 176bp reads: max_diff = 9
[bwa_aln] 207bp reads: max_diff = 10
[bwa_aln] 239bp reads: max_diff = 11
[bwa_aln_core] calculate SA coordinate... 0.80 sec
[bwa_aln_core] write to the disk... 0.00 sec
[bwa_aln_core] 39351 sequences have been processed.
[main] Version: 0.7.17-r1188
[main] CMD: bwa aln -t 4 -n 0.01 -l 16500 -f /data/simulation_AncientReads_HQ439467/02-EAGERmapping/ANCIENT.SIM.CONT.RUN-3/3-Mapper/ANCIENT.SIM.CONT.RUN-3_s.fq.truncated.MT.sai /data/references/NC_001640_Equus-callabus_mt/NC_001640.1_500.fna /data/simulation_AncientReads_HQ439467/02-EAGERmapping/ANCIENT.SIM.CONT.RUN-3/1-AdapClip/ANCIENT.SIM.CONT.RUN-3_s.fq.truncated.gz 
[main] Real time: 0.393 sec; CPU: 0.872 sec
# Runtime of Module was: 0 seconds.
################
#BWASamse at 2024-07-03T08:11:57.23 was executed with the following commandline:
bwa samse -r @RG\tID:ILLUMINA-ANCIENT.SIM.CONT.RUN-3_s.fq\tSM:ANCIENT.SIM.CONT.RUN-3_s.fq\tPL:illumina /data/references/NC_001640_Equus-callabus_mt/NC_001640.1_500.fna /data/simulation_AncientReads_HQ439467/02-EAGERmapping/ANCIENT.SIM.CONT.RUN-3/3-Mapper/ANCIENT.SIM.CONT.RUN-3_s.fq.truncated.MT.sai /data/simulation_AncientReads_HQ439467/02-EAGERmapping/ANCIENT.SIM.CONT.RUN-3/1-AdapClip/ANCIENT.SIM.CONT.RUN-3_s.fq.truncated.gz -f /data/simulation_AncientReads_HQ439467/02-EAGERmapping/ANCIENT.SIM.CONT.RUN-3/3-Mapper/ANCIENT.SIM.CONT.RUN-3_s.fq.truncated.MT.sam 
################
#[bwa_aln_core] convert to sequence coordinate... 0.05 sec
[bwa_aln_core] refine gapped alignments... 0.01 sec
[bwa_aln_core] print alignments... 0.05 sec
[bwa_aln_core] 39351 sequences have been processed.
[main] Version: 0.7.17-r1188
[main] CMD: bwa samse -r @RG\tID:ILLUMINA-ANCIENT.SIM.CONT.RUN-3_s.fq\tSM:ANCIENT.SIM.CONT.RUN-3_s.fq\tPL:illumina -f /data/simulation_AncientReads_HQ439467/02-EAGERmapping/ANCIENT.SIM.CONT.RUN-3/3-Mapper/ANCIENT.SIM.CONT.RUN-3_s.fq.truncated.MT.sam /data/references/NC_001640_Equus-callabus_mt/NC_001640.1_500.fna /data/simulation_AncientReads_HQ439467/02-EAGERmapping/ANCIENT.SIM.CONT.RUN-3/3-Mapper/ANCIENT.SIM.CONT.RUN-3_s.fq.truncated.MT.sai /data/simulation_AncientReads_HQ439467/02-EAGERmapping/ANCIENT.SIM.CONT.RUN-3/1-AdapClip/ANCIENT.SIM.CONT.RUN-3_s.fq.truncated.gz
[main] Real time: 0.379 sec; CPU: 0.177 sec
# Runtime of Module was: 0 seconds.
################
#Flagstatsam at 2024-07-03T08:11:57.622 was executed with the following commandline:
/bin/sh -c samtools flagstat /data/simulation_AncientReads_HQ439467/02-EAGERmapping/ANCIENT.SIM.CONT.RUN-3/3-Mapper/ANCIENT.SIM.CONT.RUN-3_s.fq.truncated.MT.sam > /data/simulation_AncientReads_HQ439467/02-EAGERmapping/ANCIENT.SIM.CONT.RUN-3/3-Mapper/ANCIENT.SIM.CONT.RUN-3_s.fq.truncated.MT.sam.stats 
################
#/bin/sh: warning: setlocale: LC_ALL: cannot change locale (C.UTF-8)
# Runtime of Module was: 0 seconds.
################
#CircularMapperRealignerdefault at 2024-07-03T08:11:57.681 was executed with the following commandline:
realignsamfile -e 500 -i /data/simulation_AncientReads_HQ439467/02-EAGERmapping/ANCIENT.SIM.CONT.RUN-3/3-Mapper/ANCIENT.SIM.CONT.RUN-3_s.fq.truncated.MT.sam -r /data/references/NC_001640_Equus-callabus_mt/NC_001640.1.fna 
################
#/bin/bash: warning: setlocale: LC_ALL: cannot change locale (C.UTF-8)
Picked up _JAVA_OPTIONS: -Dsun.java2d.xrender=false -Xmx256G -Xms8G
DEBUG	2024-07-03 08:11:58	BlockCompressedOutputStream	Using deflater: Deflater
# Runtime of Module was: 1 seconds.
################
#Flagstatdefault at 2024-07-03T08:11:59.127 was executed with the following commandline:
/bin/sh -c samtools flagstat /data/simulation_AncientReads_HQ439467/02-EAGERmapping/ANCIENT.SIM.CONT.RUN-3/3-Mapper/ANCIENT.SIM.CONT.RUN-3_s.fq.truncated.MT_realigned.bam > /data/simulation_AncientReads_HQ439467/02-EAGERmapping/ANCIENT.SIM.CONT.RUN-3/3-Mapper/ANCIENT.SIM.CONT.RUN-3_s.fq.truncated.MT_realigned.bam.stats 
################
#/bin/sh: warning: setlocale: LC_ALL: cannot change locale (C.UTF-8)
# Runtime of Module was: 0 seconds.
################
#SamtoolsViewOnlyMapped at 2024-07-03T08:11:59.177 was executed with the following commandline:
samtools view -@ 4 -F4 -b /data/simulation_AncientReads_HQ439467/02-EAGERmapping/ANCIENT.SIM.CONT.RUN-3/3-Mapper/ANCIENT.SIM.CONT.RUN-3_s.fq.truncated.MT_realigned.bam -o /data/simulation_AncientReads_HQ439467/02-EAGERmapping/ANCIENT.SIM.CONT.RUN-3/4-Samtools/ANCIENT.SIM.CONT.RUN-3_s.fq.truncated.MT_realigned.mappedonly.bam 
################
## Runtime of Module was: 0 seconds.
################
#SamtoolsSortUnfiltered at 2024-07-03T08:11:59.317 was executed with the following commandline:
samtools sort -@ 4 -m 8G /data/simulation_AncientReads_HQ439467/02-EAGERmapping/ANCIENT.SIM.CONT.RUN-3/4-Samtools/ANCIENT.SIM.CONT.RUN-3_s.fq.truncated.MT_realigned.mappedonly.bam -o /data/simulation_AncientReads_HQ439467/02-EAGERmapping/ANCIENT.SIM.CONT.RUN-3/4-Samtools/ANCIENT.SIM.CONT.RUN-3_s.fq.truncated.MT_realigned.mappedonly.sorted.bam 
################
#[bam_sort_core] merging from 0 files and 4 in-memory blocks...
# Runtime of Module was: 0 seconds.
################
#SamtoolsIndexUnfiltered at 2024-07-03T08:11:59.456 was executed with the following commandline:
samtools index /data/simulation_AncientReads_HQ439467/02-EAGERmapping/ANCIENT.SIM.CONT.RUN-3/4-Samtools/ANCIENT.SIM.CONT.RUN-3_s.fq.truncated.MT_realigned.mappedonly.sorted.bam 
################
## Runtime of Module was: 0 seconds.
################
#SamtoolsViewfiltered at 2024-07-03T08:11:59.529 was executed with the following commandline:
samtools view -@ 4 -q 30 -b /data/simulation_AncientReads_HQ439467/02-EAGERmapping/ANCIENT.SIM.CONT.RUN-3/4-Samtools/ANCIENT.SIM.CONT.RUN-3_s.fq.truncated.MT_realigned.mappedonly.sorted.bam -o /data/simulation_AncientReads_HQ439467/02-EAGERmapping/ANCIENT.SIM.CONT.RUN-3/4-Samtools/ANCIENT.SIM.CONT.RUN-3_s.fq.truncated.MT_realigned.mappedonly.sorted.qF.bam 
################
## Runtime of Module was: 0 seconds.
################
#Flagstatfiltered at 2024-07-03T08:11:59.663 was executed with the following commandline:
/bin/sh -c samtools flagstat /data/simulation_AncientReads_HQ439467/02-EAGERmapping/ANCIENT.SIM.CONT.RUN-3/4-Samtools/ANCIENT.SIM.CONT.RUN-3_s.fq.truncated.MT_realigned.mappedonly.sorted.qF.bam > /data/simulation_AncientReads_HQ439467/02-EAGERmapping/ANCIENT.SIM.CONT.RUN-3/4-Samtools/ANCIENT.SIM.CONT.RUN-3_s.fq.truncated.MT_realigned.mappedonly.sorted.qF.bam.qF.stats 
################
#/bin/sh: warning: setlocale: LC_ALL: cannot change locale (C.UTF-8)
# Runtime of Module was: 0 seconds.
################
#SamtoolsSortdefault at 2024-07-03T08:11:59.694 was executed with the following commandline:
samtools sort -@ 4 -m 8G /data/simulation_AncientReads_HQ439467/02-EAGERmapping/ANCIENT.SIM.CONT.RUN-3/4-Samtools/ANCIENT.SIM.CONT.RUN-3_s.fq.truncated.MT_realigned.mappedonly.sorted.qF.bam -o /data/simulation_AncientReads_HQ439467/02-EAGERmapping/ANCIENT.SIM.CONT.RUN-3/4-Samtools/ANCIENT.SIM.CONT.RUN-3_s.fq.truncated.MT_realigned.mappedonly.sorted.qF.sorted.bam 
################
#[bam_sort_core] merging from 0 files and 4 in-memory blocks...
# Runtime of Module was: 0 seconds.
################
#SamtoolsIndexdefault at 2024-07-03T08:11:59.855 was executed with the following commandline:
samtools index /data/simulation_AncientReads_HQ439467/02-EAGERmapping/ANCIENT.SIM.CONT.RUN-3/4-Samtools/ANCIENT.SIM.CONT.RUN-3_s.fq.truncated.MT_realigned.mappedonly.sorted.qF.sorted.bam 
################
## Runtime of Module was: 0 seconds.
################
#CleanSam at 2024-07-03T08:11:59.934 was executed with the following commandline:
picard CleanSam INPUT=/data/simulation_AncientReads_HQ439467/02-EAGERmapping/ANCIENT.SIM.CONT.RUN-3/4-Samtools/ANCIENT.SIM.CONT.RUN-3_s.fq.truncated.MT_realigned.mappedonly.sorted.qF.sorted.bam OUTPUT=/data/simulation_AncientReads_HQ439467/02-EAGERmapping/ANCIENT.SIM.CONT.RUN-3/5-DeDup/ANCIENT.SIM.CONT.RUN-3_s.fq.truncated.MT_realigned.mappedonly.sorted.qF.sorted.cleaned.bam VALIDATION_STRINGENCY=SILENT 
################
#/bin/sh: warning: setlocale: LC_ALL: cannot change locale (C.UTF-8)
Picked up _JAVA_OPTIONS: -Dsun.java2d.xrender=false -Xmx256G -Xms8G
[Wed Jul 03 08:12:00 UTC 2024] picard.sam.CleanSam INPUT=/data/simulation_AncientReads_HQ439467/02-EAGERmapping/ANCIENT.SIM.CONT.RUN-3/4-Samtools/ANCIENT.SIM.CONT.RUN-3_s.fq.truncated.MT_realigned.mappedonly.sorted.qF.sorted.bam OUTPUT=/data/simulation_AncientReads_HQ439467/02-EAGERmapping/ANCIENT.SIM.CONT.RUN-3/5-DeDup/ANCIENT.SIM.CONT.RUN-3_s.fq.truncated.MT_realigned.mappedonly.sorted.qF.sorted.cleaned.bam VALIDATION_STRINGENCY=SILENT    VERBOSITY=INFO QUIET=false COMPRESSION_LEVEL=5 MAX_RECORDS_IN_RAM=500000 CREATE_INDEX=false CREATE_MD5_FILE=false GA4GH_CLIENT_SECRETS=client_secrets.json
[Wed Jul 03 08:12:00 UTC 2024] Executing as haeusler@thor on Linux 5.15.0-112-generic amd64; Java HotSpot(TM) 64-Bit Server VM 1.8.0_144-b01; Picard version: 2.9.2-SNAPSHOT
[Wed Jul 03 08:12:01 UTC 2024] picard.sam.CleanSam done. Elapsed time: 0.00 minutes.
Runtime.totalMemory()=8232370176
# Runtime of Module was: 1 seconds.
################
#DeDup at 2024-07-03T08:12:01.124 was executed with the following commandline:
dedup -i /data/simulation_AncientReads_HQ439467/02-EAGERmapping/ANCIENT.SIM.CONT.RUN-3/5-DeDup/ANCIENT.SIM.CONT.RUN-3_s.fq.truncated.MT_realigned.mappedonly.sorted.qF.sorted.cleaned.bam -m -o /data/simulation_AncientReads_HQ439467/02-EAGERmapping/ANCIENT.SIM.CONT.RUN-3/5-DeDup 
################
#/bin/bash: warning: setlocale: LC_ALL: cannot change locale (C.UTF-8)
Picked up JAVA_TOOL_OPTIONS: -Djava.io.tmpdir=/data/simulation_AncientReads_HQ439467/02-EAGERmapping/ANCIENT.SIM.CONT.RUN-3/5-DeDup/.tmp
Picked up _JAVA_OPTIONS: -Dsun.java2d.xrender=false -Xmx256G -Xms8G
DeDup v0.12.1
# Runtime of Module was: 1 seconds.
################
#SamtoolsSortDeDup at 2024-07-03T08:12:02.746 was executed with the following commandline:
samtools sort -@ 4 -m 8G /data/simulation_AncientReads_HQ439467/02-EAGERmapping/ANCIENT.SIM.CONT.RUN-3/5-DeDup/ANCIENT.SIM.CONT.RUN-3_s.fq.truncated.MT_realigned.mappedonly.sorted.qF.sorted.cleaned_rmdup.bam -o /data/simulation_AncientReads_HQ439467/02-EAGERmapping/ANCIENT.SIM.CONT.RUN-3/5-DeDup/ANCIENT.SIM.CONT.RUN-3_s.fq.truncated.MT_realigned.mappedonly.sorted.qF.sorted.cleaned_rmdup.sorted.bam 
################
#[bam_sort_core] merging from 0 files and 4 in-memory blocks...
# Runtime of Module was: 0 seconds.
################
#SamtoolsIndexDedup at 2024-07-03T08:12:02.913 was executed with the following commandline:
samtools index /data/simulation_AncientReads_HQ439467/02-EAGERmapping/ANCIENT.SIM.CONT.RUN-3/5-DeDup/ANCIENT.SIM.CONT.RUN-3_s.fq.truncated.MT_realigned.mappedonly.sorted.qF.sorted.cleaned_rmdup.sorted.bam 
################
## Runtime of Module was: 0 seconds.
################
#QualiMapDefault at 2024-07-03T08:12:02.982 was executed with the following commandline:
qualimap bamqc -bam /data/simulation_AncientReads_HQ439467/02-EAGERmapping/ANCIENT.SIM.CONT.RUN-3/5-DeDup/ANCIENT.SIM.CONT.RUN-3_s.fq.truncated.MT_realigned.mappedonly.sorted.qF.sorted.cleaned_rmdup.sorted.bam -nt 4 -outdir /data/simulation_AncientReads_HQ439467/02-EAGERmapping/ANCIENT.SIM.CONT.RUN-3/6-QualiMap/ANCIENT.SIM.CONT.RUN-3_s.fq.truncated.MT_realigned.mappedonly.sorted.qF.sorted.cleaned_rmdup.sorted -outformat HTML --java-mem-size=32G 
################
#/bin/bash: warning: setlocale: LC_ALL: cannot change locale (C.UTF-8)
Java HotSpot(TM) 64-Bit Server VM warning: ignoring option MaxPermSize=1024m; support was removed in 8.0
Picked up _JAVA_OPTIONS: -Dsun.java2d.xrender=false -Xmx256G -Xms8G
# Runtime of Module was: 3 seconds.
################
#DamageProfiler at 2024-07-03T08:12:06.322 was executed with the following commandline:
damageprofiler -i /data/simulation_AncientReads_HQ439467/02-EAGERmapping/ANCIENT.SIM.CONT.RUN-3/5-DeDup/ANCIENT.SIM.CONT.RUN-3_s.fq.truncated.MT_realigned.mappedonly.sorted.qF.sorted.cleaned_rmdup.sorted.bam -r /data/references/NC_001640_Equus-callabus_mt/NC_001640.1.fna -l 100 -o /data/simulation_AncientReads_HQ439467/02-EAGERmapping/ANCIENT.SIM.CONT.RUN-3/7-DnaDamage/ANCIENT.SIM.CONT.RUN-3_s.fq.truncated.MT_realigned.mappedonly.sorted.qF.sorted.cleaned_rmdup.sorted -t 25  
################
#/bin/bash: warning: setlocale: LC_ALL: cannot change locale (C.UTF-8)
Picked up _JAVA_OPTIONS: -Dsun.java2d.xrender=false -Xmx256G -Xms8G
# Runtime of Module was: 2 seconds.
# EAGER Version used for this run: 1.92.56
################
#GATKRealignerTargetCreator at 2024-07-03T08:12:08.76 was executed with the following commandline:
gatk -T RealignerTargetCreator -R /data/references/NC_001640_Equus-callabus_mt/NC_001640.1.fna -I /data/simulation_AncientReads_HQ439467/02-EAGERmapping/ANCIENT.SIM.CONT.RUN-3/5-DeDup/ANCIENT.SIM.CONT.RUN-3_s.fq.truncated.MT_realigned.mappedonly.sorted.qF.sorted.cleaned_rmdup.sorted.bam -nt 4 -o /data/simulation_AncientReads_HQ439467/02-EAGERmapping/ANCIENT.SIM.CONT.RUN-3/9-GATKBasics/ANCIENT.SIM.CONT.RUN-3_s.fq.truncated.MT_realigned.mappedonly.sorted.qF.sorted.cleaned_rmdup.sorted.intervals 
################
#/bin/bash: warning: setlocale: LC_ALL: cannot change locale (C.UTF-8)
Picked up JAVA_TOOL_OPTIONS: -Djava.io.tmpdir=/data/simulation_AncientReads_HQ439467/02-EAGERmapping/ANCIENT.SIM.CONT.RUN-3/9-GATKBasics/.tmp
Picked up _JAVA_OPTIONS: -Dsun.java2d.xrender=false -Xmx256G -Xms8G
INFO  08:12:10,943 HelpFormatter - ---------------------------------------------------------------------------------- 
INFO  08:12:10,945 HelpFormatter - The Genome Analysis Toolkit (GATK) v3.8-0-ge9d806836, Compiled 2017/07/28 21:26:50 
INFO  08:12:10,945 HelpFormatter - Copyright (c) 2010-2016 The Broad Institute 
INFO  08:12:10,945 HelpFormatter - For support and documentation go to https://software.broadinstitute.org/gatk 
INFO  08:12:10,945 HelpFormatter - [Wed Jul 03 08:12:10 UTC 2024] Executing on Linux 5.15.0-112-generic amd64 
INFO  08:12:10,945 HelpFormatter - Java HotSpot(TM) 64-Bit Server VM 1.8.0_144-b01 
INFO  08:12:10,949 HelpFormatter - Program Args: -T RealignerTargetCreator -R /data/references/NC_001640_Equus-callabus_mt/NC_001640.1.fna -I /data/simulation_AncientReads_HQ439467/02-EAGERmapping/ANCIENT.SIM.CONT.RUN-3/5-DeDup/ANCIENT.SIM.CONT.RUN-3_s.fq.truncated.MT_realigned.mappedonly.sorted.qF.sorted.cleaned_rmdup.sorted.bam -nt 4 -o /data/simulation_AncientReads_HQ439467/02-EAGERmapping/ANCIENT.SIM.CONT.RUN-3/9-GATKBasics/ANCIENT.SIM.CONT.RUN-3_s.fq.truncated.MT_realigned.mappedonly.sorted.qF.sorted.cleaned_rmdup.sorted.intervals 
INFO  08:12:10,951 HelpFormatter - Executing as haeusler@thor on Linux 5.15.0-112-generic amd64; Java HotSpot(TM) 64-Bit Server VM 1.8.0_144-b01. 
INFO  08:12:10,952 HelpFormatter - Date/Time: 2024/07/03 08:12:10 
INFO  08:12:10,952 HelpFormatter - ---------------------------------------------------------------------------------- 
INFO  08:12:10,952 HelpFormatter - ---------------------------------------------------------------------------------- 
ERROR StatusLogger Unable to create class org.apache.logging.log4j.core.impl.Log4jContextFactory specified in jar:file:/opt/gatk/GenomeAnalysisTK.jar!/META-INF/log4j-provider.properties
ERROR StatusLogger Log4j2 could not find a logging implementation. Please add log4j-core to the classpath. Using SimpleLogger to log to the console...
INFO  08:12:11,072 GenomeAnalysisEngine - Deflater: IntelDeflater 
INFO  08:12:11,072 GenomeAnalysisEngine - Inflater: IntelInflater 
INFO  08:12:11,073 GenomeAnalysisEngine - Strictness is SILENT 
INFO  08:12:11,163 GenomeAnalysisEngine - Downsampling Settings: Method: BY_SAMPLE, Target Coverage: 1000 
INFO  08:12:11,169 SAMDataSource$SAMReaders - Initializing SAMRecords in serial 
INFO  08:12:11,187 SAMDataSource$SAMReaders - Done initializing BAM readers: total time 0.02 
INFO  08:12:11,206 MicroScheduler - Running the GATK in parallel mode with 4 total threads, 1 CPU thread(s) for each of 4 data thread(s), of 64 processors available on this machine 
INFO  08:12:11,269 GenomeAnalysisEngine - Preparing for traversal over 1 BAM files 
INFO  08:12:11,281 GenomeAnalysisEngine - Done preparing for traversal 
INFO  08:12:11,281 ProgressMeter - [INITIALIZATION COMPLETE; STARTING PROCESSING] 
INFO  08:12:11,282 ProgressMeter -                 | processed |    time |    per 1M |           |   total | remaining 
INFO  08:12:11,282 ProgressMeter -        Location |     sites | elapsed |     sites | completed | runtime |   runtime 
INFO  08:12:11,287 SAMDataSource$SAMReaders - Initializing SAMRecords in serial 
INFO  08:12:11,290 SAMDataSource$SAMReaders - Done initializing BAM readers: total time 0.00 
INFO  08:12:11,834 ProgressMeter -            done     16660.0     0.0 s      33.0 s       99.5%     0.0 s       0.0 s 
INFO  08:12:11,835 ProgressMeter - Total runtime 0.55 secs, 0.01 min, 0.00 hours 
INFO  08:12:11,840 MicroScheduler - 0 reads were filtered out during the traversal out of approximately 15549 total reads (0.00%) 
INFO  08:12:11,841 MicroScheduler -   -> 0 reads (0.00% of total) failing BadCigarFilter 
INFO  08:12:11,842 MicroScheduler -   -> 0 reads (0.00% of total) failing BadMateFilter 
INFO  08:12:11,842 MicroScheduler -   -> 0 reads (0.00% of total) failing DuplicateReadFilter 
INFO  08:12:11,842 MicroScheduler -   -> 0 reads (0.00% of total) failing FailsVendorQualityCheckFilter 
INFO  08:12:11,843 MicroScheduler -   -> 0 reads (0.00% of total) failing MalformedReadFilter 
INFO  08:12:11,843 MicroScheduler -   -> 0 reads (0.00% of total) failing MappingQualityUnavailableFilter 
INFO  08:12:11,844 MicroScheduler -   -> 0 reads (0.00% of total) failing MappingQualityZeroFilter 
INFO  08:12:11,844 MicroScheduler -   -> 0 reads (0.00% of total) failing NotPrimaryAlignmentFilter 
INFO  08:12:11,845 MicroScheduler -   -> 0 reads (0.00% of total) failing Platform454Filter 
INFO  08:12:11,845 MicroScheduler -   -> 0 reads (0.00% of total) failing UnmappedReadFilter 
------------------------------------------------------------------------------------------
Done. ------------------------------------------------------------------------------------------
# Runtime of Module was: 3 seconds.
################
#GATKIndelRealigner at 2024-07-03T08:12:12.059 was executed with the following commandline:
gatk -T IndelRealigner -R /data/references/NC_001640_Equus-callabus_mt/NC_001640.1.fna -I /data/simulation_AncientReads_HQ439467/02-EAGERmapping/ANCIENT.SIM.CONT.RUN-3/5-DeDup/ANCIENT.SIM.CONT.RUN-3_s.fq.truncated.MT_realigned.mappedonly.sorted.qF.sorted.cleaned_rmdup.sorted.bam -targetIntervals /data/simulation_AncientReads_HQ439467/02-EAGERmapping/ANCIENT.SIM.CONT.RUN-3/9-GATKBasics/ANCIENT.SIM.CONT.RUN-3_s.fq.truncated.MT_realigned.mappedonly.sorted.qF.sorted.cleaned_rmdup.sorted.intervals -o /data/simulation_AncientReads_HQ439467/02-EAGERmapping/ANCIENT.SIM.CONT.RUN-3/9-GATKBasics/ANCIENT.SIM.CONT.RUN-3_s.fq.truncated.MT_realigned.mappedonly.sorted.qF.sorted.cleaned_rmdup.sorted.real.bam 
################
#/bin/bash: warning: setlocale: LC_ALL: cannot change locale (C.UTF-8)
Picked up JAVA_TOOL_OPTIONS: -Djava.io.tmpdir=/data/simulation_AncientReads_HQ439467/02-EAGERmapping/ANCIENT.SIM.CONT.RUN-3/9-GATKBasics/.tmp
Picked up _JAVA_OPTIONS: -Dsun.java2d.xrender=false -Xmx256G -Xms8G
INFO  08:12:14,462 HelpFormatter - ---------------------------------------------------------------------------------- 
INFO  08:12:14,464 HelpFormatter - The Genome Analysis Toolkit (GATK) v3.8-0-ge9d806836, Compiled 2017/07/28 21:26:50 
INFO  08:12:14,464 HelpFormatter - Copyright (c) 2010-2016 The Broad Institute 
INFO  08:12:14,464 HelpFormatter - For support and documentation go to https://software.broadinstitute.org/gatk 
INFO  08:12:14,464 HelpFormatter - [Wed Jul 03 08:12:14 UTC 2024] Executing on Linux 5.15.0-112-generic amd64 
INFO  08:12:14,464 HelpFormatter - Java HotSpot(TM) 64-Bit Server VM 1.8.0_144-b01 
INFO  08:12:14,467 HelpFormatter - Program Args: -T IndelRealigner -R /data/references/NC_001640_Equus-callabus_mt/NC_001640.1.fna -I /data/simulation_AncientReads_HQ439467/02-EAGERmapping/ANCIENT.SIM.CONT.RUN-3/5-DeDup/ANCIENT.SIM.CONT.RUN-3_s.fq.truncated.MT_realigned.mappedonly.sorted.qF.sorted.cleaned_rmdup.sorted.bam -targetIntervals /data/simulation_AncientReads_HQ439467/02-EAGERmapping/ANCIENT.SIM.CONT.RUN-3/9-GATKBasics/ANCIENT.SIM.CONT.RUN-3_s.fq.truncated.MT_realigned.mappedonly.sorted.qF.sorted.cleaned_rmdup.sorted.intervals -o /data/simulation_AncientReads_HQ439467/02-EAGERmapping/ANCIENT.SIM.CONT.RUN-3/9-GATKBasics/ANCIENT.SIM.CONT.RUN-3_s.fq.truncated.MT_realigned.mappedonly.sorted.qF.sorted.cleaned_rmdup.sorted.real.bam 
INFO  08:12:14,470 HelpFormatter - Executing as haeusler@thor on Linux 5.15.0-112-generic amd64; Java HotSpot(TM) 64-Bit Server VM 1.8.0_144-b01. 
INFO  08:12:14,471 HelpFormatter - Date/Time: 2024/07/03 08:12:14 
INFO  08:12:14,471 HelpFormatter - ---------------------------------------------------------------------------------- 
INFO  08:12:14,471 HelpFormatter - ---------------------------------------------------------------------------------- 
ERROR StatusLogger Unable to create class org.apache.logging.log4j.core.impl.Log4jContextFactory specified in jar:file:/opt/gatk/GenomeAnalysisTK.jar!/META-INF/log4j-provider.properties
ERROR StatusLogger Log4j2 could not find a logging implementation. Please add log4j-core to the classpath. Using SimpleLogger to log to the console...
INFO  08:12:14,668 GenomeAnalysisEngine - Deflater: IntelDeflater 
INFO  08:12:14,669 GenomeAnalysisEngine - Inflater: IntelInflater 
INFO  08:12:14,669 GenomeAnalysisEngine - Strictness is SILENT 
INFO  08:12:14,732 GenomeAnalysisEngine - Downsampling Settings: No downsampling 
INFO  08:12:14,738 SAMDataSource$SAMReaders - Initializing SAMRecords in serial 
INFO  08:12:14,755 SAMDataSource$SAMReaders - Done initializing BAM readers: total time 0.02 
INFO  08:12:14,822 GenomeAnalysisEngine - Preparing for traversal over 1 BAM files 
INFO  08:12:14,826 GenomeAnalysisEngine - Done preparing for traversal 
INFO  08:12:14,826 ProgressMeter - [INITIALIZATION COMPLETE; STARTING PROCESSING] 
INFO  08:12:14,826 ProgressMeter -                 | processed |    time |    per 1M |           |   total | remaining 
INFO  08:12:14,827 ProgressMeter -        Location |     reads | elapsed |     reads | completed | runtime |   runtime 
INFO  08:12:14,834 ReadShardBalancer$1 - Loading BAM index data 
INFO  08:12:14,835 ReadShardBalancer$1 - Done loading BAM index data 
INFO  08:12:15,326 ProgressMeter -            done     15529.0     0.0 s      32.0 s       99.8%     0.0 s       0.0 s 
INFO  08:12:15,327 ProgressMeter - Total runtime 0.50 secs, 0.01 min, 0.00 hours 
INFO  08:12:15,329 MicroScheduler - 0 reads were filtered out during the traversal out of approximately 15529 total reads (0.00%) 
INFO  08:12:15,329 MicroScheduler -   -> 0 reads (0.00% of total) failing BadCigarFilter 
INFO  08:12:15,330 MicroScheduler -   -> 0 reads (0.00% of total) failing MalformedReadFilter 
------------------------------------------------------------------------------------------
Done. ------------------------------------------------------------------------------------------
# Runtime of Module was: 3 seconds.
################
#GATKUnifiedGenotyperEMIT ALL POSITIONS, NO DBSNP at 2024-07-03T08:12:15.434 was executed with the following commandline:
gatk -T UnifiedGenotyper -R /data/references/NC_001640_Equus-callabus_mt/NC_001640.1.fna -I /data/simulation_AncientReads_HQ439467/02-EAGERmapping/ANCIENT.SIM.CONT.RUN-3/9-GATKBasics/ANCIENT.SIM.CONT.RUN-3_s.fq.truncated.MT_realigned.mappedonly.sorted.qF.sorted.cleaned_rmdup.sorted.real.bam -o /data/simulation_AncientReads_HQ439467/02-EAGERmapping/ANCIENT.SIM.CONT.RUN-3/10-GATKGenotyper/ANCIENT.SIM.CONT.RUN-3_s.fq.truncated.MT_realigned.mappedonly.sorted.qF.sorted.cleaned_rmdup.sorted.real.unifiedgenotyper.vcf -nt 4 -stand_call_conf 30 --sample_ploidy 2 -dcov 250 --output_mode EMIT_ALL_SITES  
################
#/bin/bash: warning: setlocale: LC_ALL: cannot change locale (C.UTF-8)
Picked up JAVA_TOOL_OPTIONS: -Djava.io.tmpdir=/data/simulation_AncientReads_HQ439467/02-EAGERmapping/ANCIENT.SIM.CONT.RUN-3/10-GATKGenotyper/.tmp
Picked up _JAVA_OPTIONS: -Dsun.java2d.xrender=false -Xmx256G -Xms8G
INFO  08:12:18,004 HelpFormatter - ---------------------------------------------------------------------------------- 
INFO  08:12:18,006 HelpFormatter - The Genome Analysis Toolkit (GATK) v3.8-0-ge9d806836, Compiled 2017/07/28 21:26:50 
INFO  08:12:18,006 HelpFormatter - Copyright (c) 2010-2016 The Broad Institute 
INFO  08:12:18,006 HelpFormatter - For support and documentation go to https://software.broadinstitute.org/gatk 
INFO  08:12:18,006 HelpFormatter - [Wed Jul 03 08:12:17 UTC 2024] Executing on Linux 5.15.0-112-generic amd64 
INFO  08:12:18,006 HelpFormatter - Java HotSpot(TM) 64-Bit Server VM 1.8.0_144-b01 
INFO  08:12:18,009 HelpFormatter - Program Args: -T UnifiedGenotyper -R /data/references/NC_001640_Equus-callabus_mt/NC_001640.1.fna -I /data/simulation_AncientReads_HQ439467/02-EAGERmapping/ANCIENT.SIM.CONT.RUN-3/9-GATKBasics/ANCIENT.SIM.CONT.RUN-3_s.fq.truncated.MT_realigned.mappedonly.sorted.qF.sorted.cleaned_rmdup.sorted.real.bam -o /data/simulation_AncientReads_HQ439467/02-EAGERmapping/ANCIENT.SIM.CONT.RUN-3/10-GATKGenotyper/ANCIENT.SIM.CONT.RUN-3_s.fq.truncated.MT_realigned.mappedonly.sorted.qF.sorted.cleaned_rmdup.sorted.real.unifiedgenotyper.vcf -nt 4 -stand_call_conf 30 --sample_ploidy 2 -dcov 250 --output_mode EMIT_ALL_SITES 
INFO  08:12:18,012 HelpFormatter - Executing as haeusler@thor on Linux 5.15.0-112-generic amd64; Java HotSpot(TM) 64-Bit Server VM 1.8.0_144-b01. 
INFO  08:12:18,012 HelpFormatter - Date/Time: 2024/07/03 08:12:18 
INFO  08:12:18,012 HelpFormatter - ---------------------------------------------------------------------------------- 
INFO  08:12:18,012 HelpFormatter - ---------------------------------------------------------------------------------- 
ERROR StatusLogger Unable to create class org.apache.logging.log4j.core.impl.Log4jContextFactory specified in jar:file:/opt/gatk/GenomeAnalysisTK.jar!/META-INF/log4j-provider.properties
ERROR StatusLogger Log4j2 could not find a logging implementation. Please add log4j-core to the classpath. Using SimpleLogger to log to the console...
INFO  08:12:18,145 GenomeAnalysisEngine - Deflater: IntelDeflater 
INFO  08:12:18,145 GenomeAnalysisEngine - Inflater: IntelInflater 
INFO  08:12:18,146 GenomeAnalysisEngine - Strictness is SILENT 
INFO  08:12:18,231 GenomeAnalysisEngine - Downsampling Settings: Method: BY_SAMPLE, Target Coverage: 250 
INFO  08:12:18,237 SAMDataSource$SAMReaders - Initializing SAMRecords in serial 
INFO  08:12:18,255 SAMDataSource$SAMReaders - Done initializing BAM readers: total time 0.02 
INFO  08:12:18,272 MicroScheduler - Running the GATK in parallel mode with 4 total threads, 1 CPU thread(s) for each of 4 data thread(s), of 64 processors available on this machine 
INFO  08:12:18,326 GenomeAnalysisEngine - Preparing for traversal over 1 BAM files 
INFO  08:12:18,336 GenomeAnalysisEngine - Done preparing for traversal 
INFO  08:12:18,337 ProgressMeter - [INITIALIZATION COMPLETE; STARTING PROCESSING] 
INFO  08:12:18,337 ProgressMeter -                 | processed |    time |    per 1M |           |   total | remaining 
INFO  08:12:18,338 ProgressMeter -        Location |     sites | elapsed |     sites | completed | runtime |   runtime 
INFO  08:12:18,377 StrandBiasTest - SAM/BAM data was found. Attempting to use read data to calculate strand bias annotations values. 
WARN  08:12:18,377 InbreedingCoeff - Annotation will not be calculated. InbreedingCoeff requires at least 10 unrelated samples. 
INFO  08:12:18,378 StrandBiasTest - SAM/BAM data was found. Attempting to use read data to calculate strand bias annotations values. 
INFO  08:12:18,428 SAMDataSource$SAMReaders - Initializing SAMRecords in serial 
INFO  08:12:18,431 SAMDataSource$SAMReaders - Done initializing BAM readers: total time 0.00 
INFO  08:12:21,722 ProgressMeter -            done     16660.0     3.0 s       3.4 m       99.5%     3.0 s       0.0 s 
INFO  08:12:21,722 ProgressMeter - Total runtime 3.39 secs, 0.06 min, 0.00 hours 
INFO  08:12:21,723 MicroScheduler - 0 reads were filtered out during the traversal out of approximately 15549 total reads (0.00%) 
INFO  08:12:21,723 MicroScheduler -   -> 0 reads (0.00% of total) failing BadCigarFilter 
INFO  08:12:21,723 MicroScheduler -   -> 0 reads (0.00% of total) failing BadMateFilter 
INFO  08:12:21,724 MicroScheduler -   -> 0 reads (0.00% of total) failing DuplicateReadFilter 
INFO  08:12:21,724 MicroScheduler -   -> 0 reads (0.00% of total) failing FailsVendorQualityCheckFilter 
INFO  08:12:21,724 MicroScheduler -   -> 0 reads (0.00% of total) failing MalformedReadFilter 
INFO  08:12:21,724 MicroScheduler -   -> 0 reads (0.00% of total) failing MappingQualityUnavailableFilter 
INFO  08:12:21,724 MicroScheduler -   -> 0 reads (0.00% of total) failing NotPrimaryAlignmentFilter 
INFO  08:12:21,724 MicroScheduler -   -> 0 reads (0.00% of total) failing UnmappedReadFilter 
------------------------------------------------------------------------------------------
Done. ------------------------------------------------------------------------------------------
# Runtime of Module was: 6 seconds.
################
#BGZip at 2024-07-03T08:12:22.124 was executed with the following commandline:
bgzip -f /data/simulation_AncientReads_HQ439467/02-EAGERmapping/ANCIENT.SIM.CONT.RUN-3/10-GATKGenotyper/ANCIENT.SIM.CONT.RUN-3_s.fq.truncated.MT_realigned.mappedonly.sorted.qF.sorted.cleaned_rmdup.sorted.real.unifiedgenotyper.vcf 
################
## Runtime of Module was: 0 seconds.
################
#Tabix at 2024-07-03T08:12:22.323 was executed with the following commandline:
tabix -p vcf /data/simulation_AncientReads_HQ439467/02-EAGERmapping/ANCIENT.SIM.CONT.RUN-3/10-GATKGenotyper/ANCIENT.SIM.CONT.RUN-3_s.fq.truncated.MT_realigned.mappedonly.sorted.qF.sorted.cleaned_rmdup.sorted.real.unifiedgenotyper.vcf.gz 
################
## Runtime of Module was: 0 seconds.
################
#CleanUpRedundantData at 2024-07-03T08:12:22.385 was executed with the following commandline:
/bin/sh -c rm /data/simulation_AncientReads_HQ439467/02-EAGERmapping/ANCIENT.SIM.CONT.RUN-3/3-Mapper/*.sam; rm /data/simulation_AncientReads_HQ439467/02-EAGERmapping/ANCIENT.SIM.CONT.RUN-3/3-Mapper/*.sai; rm /data/simulation_AncientReads_HQ439467/02-EAGERmapping/ANCIENT.SIM.CONT.RUN-3/4-Samtools/ANCIENT.SIM.CONT.RUN-3_s.fq.truncated.MT_realigned.mappedonly.bam ; rm /data/simulation_AncientReads_HQ439467/02-EAGERmapping/ANCIENT.SIM.CONT.RUN-3/4-Samtools/ANCIENT.SIM.CONT.RUN-3_s.fq.truncated.MT_realigned.mappedonly.sorted.qF.bam ; rm /data/simulation_AncientReads_HQ439467/02-EAGERmapping/ANCIENT.SIM.CONT.RUN-3/4-Samtools/ANCIENT.SIM.CONT.RUN-3_s.fq.truncated.MT_realigned.mappedonly.sorted.qF.sorted.bam.bai; rm /data/simulation_AncientReads_HQ439467/02-EAGERmapping/ANCIENT.SIM.CONT.RUN-3/4-Samtools/ANCIENT.SIM.CONT.RUN-3_s.fq.truncated.MT_realigned.mappedonly.sorted.qF.sorted.bam ; rm /data/simulation_AncientReads_HQ439467/02-EAGERmapping/ANCIENT.SIM.CONT.RUN-3/5-DeDup/ANCIENT.SIM.CONT.RUN-3_s.fq.truncated.MT_realigned.mappedonly.sorted.qF.sorted.cleaned_rmdup.bam;  
################
#/bin/sh: warning: setlocale: LC_ALL: cannot change locale (C.UTF-8)
# Runtime of Module was: 0 seconds.
################
#ReportGenerator at 2024-07-03T08:12:22.419 was executed with the following commandline:
ReportTable /data/simulation_AncientReads_HQ439467/02-EAGERmapping/Report_02-EAGERmapping.csv /data/simulation_AncientReads_HQ439467/02-EAGERmapping 
################
#/bin/bash: warning: setlocale: LC_ALL: cannot change locale (C.UTF-8)
Picked up _JAVA_OPTIONS: -Dsun.java2d.xrender=false -Xmx256G -Xms8G
# Runtime of Module was: 0 seconds.
