# EAGER Version used for this run: 1.92.56
################
#CreateResultsDirectories at 2024-07-03T08:50:19.175 was executed with the following commandline:
mkdir -p /data/analysis_SimulatedAncientReads_HQ439467/01-EAGERmapping/ANCIENT.SIM.CONT.COV-10.RUN-1/0-FastQC/.tmp /data/analysis_SimulatedAncientReads_HQ439467/01-EAGERmapping/ANCIENT.SIM.CONT.COV-10.RUN-1/1-AdapClip/.tmp /data/analysis_SimulatedAncientReads_HQ439467/01-EAGERmapping/ANCIENT.SIM.CONT.COV-10.RUN-1/3-Mapper/.tmp /data/analysis_SimulatedAncientReads_HQ439467/01-EAGERmapping/ANCIENT.SIM.CONT.COV-10.RUN-1/4-Samtools/.tmp /data/analysis_SimulatedAncientReads_HQ439467/01-EAGERmapping/ANCIENT.SIM.CONT.COV-10.RUN-1/5-DeDup/.tmp /data/analysis_SimulatedAncientReads_HQ439467/01-EAGERmapping/ANCIENT.SIM.CONT.COV-10.RUN-1/6-QualiMap/.tmp /data/analysis_SimulatedAncientReads_HQ439467/01-EAGERmapping/ANCIENT.SIM.CONT.COV-10.RUN-1/7-DnaDamage/.tmp /data/analysis_SimulatedAncientReads_HQ439467/01-EAGERmapping/ANCIENT.SIM.CONT.COV-10.RUN-1/9-GATKBasics/.tmp /data/analysis_SimulatedAncientReads_HQ439467/01-EAGERmapping/ANCIENT.SIM.CONT.COV-10.RUN-1/10-GATKGenotyper/.tmp 
################
## Runtime of Module was: 0 seconds.
################
#FastQCdefault at 2024-07-03T08:50:19.187 was executed with the following commandline:
fastqc -o /data/analysis_SimulatedAncientReads_HQ439467/01-EAGERmapping/ANCIENT.SIM.CONT.COV-10.RUN-1/0-FastQC --extract  -f fastq /data/simulation_AncientReads_HQ439467/03-Downsampling/ANCIENT.SIM.CONT.COV-10.RUN-1.fq 
################
#perl: warning: Setting locale failed.
perl: warning: Please check that your locale settings:
	LANGUAGE = "de_DE:en",
	LC_ALL = "C.UTF-8",
	LC_MEASUREMENT = "de_DE.UTF-8",
	LC_TELEPHONE = "de_DE.UTF-8",
	LC_TIME = "de_DE.UTF-8",
	LC_PAPER = "de_DE.UTF-8",
	LC_ADDRESS = "de_DE.UTF-8",
	LC_IDENTIFICATION = "de_DE.UTF-8",
	LC_MONETARY = "de_DE.UTF-8",
	LC_NAME = "de_DE.UTF-8",
	LC_NUMERIC = "de_DE.UTF-8",
	LANG = "de_DE.UTF-8"
    are supported and installed on your system.
perl: warning: Falling back to the standard locale ("C").
Picked up JAVA_TOOL_OPTIONS: -Djava.io.tmpdir=/data/analysis_SimulatedAncientReads_HQ439467/01-EAGERmapping/ANCIENT.SIM.CONT.COV-10.RUN-1/0-FastQC/.tmp
Picked up _JAVA_OPTIONS: -Dsun.java2d.xrender=false -Xmx256G -Xms8G
Skipping '' which didn't exist, or couldn't be read
Started analysis of ANCIENT.SIM.CONT.COV-10.RUN-1.fq
Approx 15% complete for ANCIENT.SIM.CONT.COV-10.RUN-1.fq
Approx 35% complete for ANCIENT.SIM.CONT.COV-10.RUN-1.fq
Approx 55% complete for ANCIENT.SIM.CONT.COV-10.RUN-1.fq
Approx 75% complete for ANCIENT.SIM.CONT.COV-10.RUN-1.fq
Approx 95% complete for ANCIENT.SIM.CONT.COV-10.RUN-1.fq
Too many tiles (>500) so giving up trying to do per-tile qualities since we're probably parsing the file wrongly
# Runtime of Module was: 4 seconds.
################
#AdapterRemovalsingleendedonly at 2024-07-03T08:50:23.968 was executed with the following commandline:
AdapterRemoval --file1 /data/simulation_AncientReads_HQ439467/03-Downsampling/ANCIENT.SIM.CONT.COV-10.RUN-1.fq --basename /data/analysis_SimulatedAncientReads_HQ439467/01-EAGERmapping/ANCIENT.SIM.CONT.COV-10.RUN-1/1-AdapClip/ANCIENT.SIM.CONT.COV-10.RUN-1 --gzip --threads 4 --trimns --trimqualities --adapter1 AGATCGGAAGAGCACACGTCTGAACTCCAGTCAC --adapter2 AGATCGGAAGAGCGTCGTGTAGGGAAAGAGTGTA --minlength 30 --minquality 20 --minadapteroverlap 1 
################
#Trimming single ended reads ...
Opening FASTQ file '/data/simulation_AncientReads_HQ439467/03-Downsampling/ANCIENT.SIM.CONT.COV-10.RUN-1.fq'

Processed a total of 5,150 reads in 0.1s; 64,000 reads per second on average ...
# Runtime of Module was: 0 seconds.
################
#TrackFastQ at 2024-07-03T08:50:24.056 was executed with the following commandline:
/bin/sh -c echo 'all' > /data/analysis_SimulatedAncientReads_HQ439467/01-EAGERmapping/ANCIENT.SIM.CONT.COV-10.RUN-1/1-AdapClip//track_fastq.log 
################
#/bin/sh: warning: setlocale: LC_ALL: cannot change locale (C.UTF-8)
# Runtime of Module was: 0 seconds.
# EAGER Version used for this run: 1.92.56
################
#CircularMapperGenerator at 2024-07-03T08:50:24.067 was executed with the following commandline:
circulargenerator -e 500 -i /data/references/NC_001640_Equus-callabus_mt/NC_001640.1.fna -s NC_001640.1 
################
## The Module CircularMapperGenerator has already been run! (i.e the command above was NOT executed)################
#BWAAlign at 2024-07-03T08:50:24.068 was executed with the following commandline:
bwa aln -t 4 /data/references/NC_001640_Equus-callabus_mt/NC_001640.1_500.fna /data/analysis_SimulatedAncientReads_HQ439467/01-EAGERmapping/ANCIENT.SIM.CONT.COV-10.RUN-1/1-AdapClip/ANCIENT.SIM.CONT.COV-10.RUN-1.truncated.gz -n 0.01 -l 16500  -f /data/analysis_SimulatedAncientReads_HQ439467/01-EAGERmapping/ANCIENT.SIM.CONT.COV-10.RUN-1/3-Mapper/ANCIENT.SIM.CONT.COV-10.RUN-1.truncated.MT.sai 
################
#[bwa_aln] 17bp reads: max_diff = 2
[bwa_aln] 22bp reads: max_diff = 3
[bwa_aln] 42bp reads: max_diff = 4
[bwa_aln] 64bp reads: max_diff = 5
[bwa_aln] 90bp reads: max_diff = 6
[bwa_aln] 117bp reads: max_diff = 7
[bwa_aln] 146bp reads: max_diff = 8
[bwa_aln] 176bp reads: max_diff = 9
[bwa_aln] 207bp reads: max_diff = 10
[bwa_aln] 239bp reads: max_diff = 11
[bwa_aln_core] calculate SA coordinate... 0.15 sec
[bwa_aln_core] write to the disk... 0.00 sec
[bwa_aln_core] 4881 sequences have been processed.
[main] Version: 0.7.17-r1188
[main] CMD: bwa aln -t 4 -n 0.01 -l 16500 -f /data/analysis_SimulatedAncientReads_HQ439467/01-EAGERmapping/ANCIENT.SIM.CONT.COV-10.RUN-1/3-Mapper/ANCIENT.SIM.CONT.COV-10.RUN-1.truncated.MT.sai /data/references/NC_001640_Equus-callabus_mt/NC_001640.1_500.fna /data/analysis_SimulatedAncientReads_HQ439467/01-EAGERmapping/ANCIENT.SIM.CONT.COV-10.RUN-1/1-AdapClip/ANCIENT.SIM.CONT.COV-10.RUN-1.truncated.gz 
[main] Real time: 0.226 sec; CPU: 0.160 sec
# Runtime of Module was: 0 seconds.
################
#BWASamse at 2024-07-03T08:50:24.3 was executed with the following commandline:
bwa samse -r @RG\tID:ILLUMINA-ANCIENT.SIM.CONT.COV-10.RUN-1\tSM:ANCIENT.SIM.CONT.COV-10.RUN-1\tPL:illumina /data/references/NC_001640_Equus-callabus_mt/NC_001640.1_500.fna /data/analysis_SimulatedAncientReads_HQ439467/01-EAGERmapping/ANCIENT.SIM.CONT.COV-10.RUN-1/3-Mapper/ANCIENT.SIM.CONT.COV-10.RUN-1.truncated.MT.sai /data/analysis_SimulatedAncientReads_HQ439467/01-EAGERmapping/ANCIENT.SIM.CONT.COV-10.RUN-1/1-AdapClip/ANCIENT.SIM.CONT.COV-10.RUN-1.truncated.gz -f /data/analysis_SimulatedAncientReads_HQ439467/01-EAGERmapping/ANCIENT.SIM.CONT.COV-10.RUN-1/3-Mapper/ANCIENT.SIM.CONT.COV-10.RUN-1.truncated.MT.sam 
################
#[bwa_aln_core] convert to sequence coordinate... 0.01 sec
[bwa_aln_core] refine gapped alignments... 0.00 sec
[bwa_aln_core] print alignments... 0.01 sec
[bwa_aln_core] 4881 sequences have been processed.
[main] Version: 0.7.17-r1188
[main] CMD: bwa samse -r @RG\tID:ILLUMINA-ANCIENT.SIM.CONT.COV-10.RUN-1\tSM:ANCIENT.SIM.CONT.COV-10.RUN-1\tPL:illumina -f /data/analysis_SimulatedAncientReads_HQ439467/01-EAGERmapping/ANCIENT.SIM.CONT.COV-10.RUN-1/3-Mapper/ANCIENT.SIM.CONT.COV-10.RUN-1.truncated.MT.sam /data/references/NC_001640_Equus-callabus_mt/NC_001640.1_500.fna /data/analysis_SimulatedAncientReads_HQ439467/01-EAGERmapping/ANCIENT.SIM.CONT.COV-10.RUN-1/3-Mapper/ANCIENT.SIM.CONT.COV-10.RUN-1.truncated.MT.sai /data/analysis_SimulatedAncientReads_HQ439467/01-EAGERmapping/ANCIENT.SIM.CONT.COV-10.RUN-1/1-AdapClip/ANCIENT.SIM.CONT.COV-10.RUN-1.truncated.gz
[main] Real time: 0.247 sec; CPU: 0.031 sec
# Runtime of Module was: 0 seconds.
################
#Flagstatsam at 2024-07-03T08:50:24.555 was executed with the following commandline:
/bin/sh -c samtools flagstat /data/analysis_SimulatedAncientReads_HQ439467/01-EAGERmapping/ANCIENT.SIM.CONT.COV-10.RUN-1/3-Mapper/ANCIENT.SIM.CONT.COV-10.RUN-1.truncated.MT.sam > /data/analysis_SimulatedAncientReads_HQ439467/01-EAGERmapping/ANCIENT.SIM.CONT.COV-10.RUN-1/3-Mapper/ANCIENT.SIM.CONT.COV-10.RUN-1.truncated.MT.sam.stats 
################
#/bin/sh: warning: setlocale: LC_ALL: cannot change locale (C.UTF-8)
# Runtime of Module was: 0 seconds.
################
#CircularMapperRealignerdefault at 2024-07-03T08:50:24.569 was executed with the following commandline:
realignsamfile -e 500 -i /data/analysis_SimulatedAncientReads_HQ439467/01-EAGERmapping/ANCIENT.SIM.CONT.COV-10.RUN-1/3-Mapper/ANCIENT.SIM.CONT.COV-10.RUN-1.truncated.MT.sam -r /data/references/NC_001640_Equus-callabus_mt/NC_001640.1.fna 
################
#/bin/bash: warning: setlocale: LC_ALL: cannot change locale (C.UTF-8)
Picked up _JAVA_OPTIONS: -Dsun.java2d.xrender=false -Xmx256G -Xms8G
DEBUG	2024-07-03 08:50:26	BlockCompressedOutputStream	Using deflater: Deflater
# Runtime of Module was: 1 seconds.
################
#Flagstatdefault at 2024-07-03T08:50:26.492 was executed with the following commandline:
/bin/sh -c samtools flagstat /data/analysis_SimulatedAncientReads_HQ439467/01-EAGERmapping/ANCIENT.SIM.CONT.COV-10.RUN-1/3-Mapper/ANCIENT.SIM.CONT.COV-10.RUN-1.truncated.MT_realigned.bam > /data/analysis_SimulatedAncientReads_HQ439467/01-EAGERmapping/ANCIENT.SIM.CONT.COV-10.RUN-1/3-Mapper/ANCIENT.SIM.CONT.COV-10.RUN-1.truncated.MT_realigned.bam.stats 
################
#/bin/sh: warning: setlocale: LC_ALL: cannot change locale (C.UTF-8)
# Runtime of Module was: 0 seconds.
################
#SamtoolsViewOnlyMapped at 2024-07-03T08:50:26.506 was executed with the following commandline:
samtools view -@ 4 -F4 -b /data/analysis_SimulatedAncientReads_HQ439467/01-EAGERmapping/ANCIENT.SIM.CONT.COV-10.RUN-1/3-Mapper/ANCIENT.SIM.CONT.COV-10.RUN-1.truncated.MT_realigned.bam -o /data/analysis_SimulatedAncientReads_HQ439467/01-EAGERmapping/ANCIENT.SIM.CONT.COV-10.RUN-1/4-Samtools/ANCIENT.SIM.CONT.COV-10.RUN-1.truncated.MT_realigned.mappedonly.bam 
################
## Runtime of Module was: 0 seconds.
################
#SamtoolsSortUnfiltered at 2024-07-03T08:50:26.82 was executed with the following commandline:
samtools sort -@ 4 -m 8G /data/analysis_SimulatedAncientReads_HQ439467/01-EAGERmapping/ANCIENT.SIM.CONT.COV-10.RUN-1/4-Samtools/ANCIENT.SIM.CONT.COV-10.RUN-1.truncated.MT_realigned.mappedonly.bam -o /data/analysis_SimulatedAncientReads_HQ439467/01-EAGERmapping/ANCIENT.SIM.CONT.COV-10.RUN-1/4-Samtools/ANCIENT.SIM.CONT.COV-10.RUN-1.truncated.MT_realigned.mappedonly.sorted.bam 
################
#[bam_sort_core] merging from 0 files and 4 in-memory blocks...
# Runtime of Module was: 0 seconds.
################
#SamtoolsIndexUnfiltered at 2024-07-03T08:50:27.402 was executed with the following commandline:
samtools index /data/analysis_SimulatedAncientReads_HQ439467/01-EAGERmapping/ANCIENT.SIM.CONT.COV-10.RUN-1/4-Samtools/ANCIENT.SIM.CONT.COV-10.RUN-1.truncated.MT_realigned.mappedonly.sorted.bam 
################
## Runtime of Module was: 0 seconds.
################
#SamtoolsViewfiltered at 2024-07-03T08:50:28.236 was executed with the following commandline:
samtools view -@ 4 -q 30 -b /data/analysis_SimulatedAncientReads_HQ439467/01-EAGERmapping/ANCIENT.SIM.CONT.COV-10.RUN-1/4-Samtools/ANCIENT.SIM.CONT.COV-10.RUN-1.truncated.MT_realigned.mappedonly.sorted.bam -o /data/analysis_SimulatedAncientReads_HQ439467/01-EAGERmapping/ANCIENT.SIM.CONT.COV-10.RUN-1/4-Samtools/ANCIENT.SIM.CONT.COV-10.RUN-1.truncated.MT_realigned.mappedonly.sorted.qF.bam 
################
## Runtime of Module was: 0 seconds.
################
#Flagstatfiltered at 2024-07-03T08:50:28.644 was executed with the following commandline:
/bin/sh -c samtools flagstat /data/analysis_SimulatedAncientReads_HQ439467/01-EAGERmapping/ANCIENT.SIM.CONT.COV-10.RUN-1/4-Samtools/ANCIENT.SIM.CONT.COV-10.RUN-1.truncated.MT_realigned.mappedonly.sorted.qF.bam > /data/analysis_SimulatedAncientReads_HQ439467/01-EAGERmapping/ANCIENT.SIM.CONT.COV-10.RUN-1/4-Samtools/ANCIENT.SIM.CONT.COV-10.RUN-1.truncated.MT_realigned.mappedonly.sorted.qF.bam.qF.stats 
################
#/bin/sh: warning: setlocale: LC_ALL: cannot change locale (C.UTF-8)
# Runtime of Module was: 0 seconds.
################
#SamtoolsSortdefault at 2024-07-03T08:50:28.675 was executed with the following commandline:
samtools sort -@ 4 -m 8G /data/analysis_SimulatedAncientReads_HQ439467/01-EAGERmapping/ANCIENT.SIM.CONT.COV-10.RUN-1/4-Samtools/ANCIENT.SIM.CONT.COV-10.RUN-1.truncated.MT_realigned.mappedonly.sorted.qF.bam -o /data/analysis_SimulatedAncientReads_HQ439467/01-EAGERmapping/ANCIENT.SIM.CONT.COV-10.RUN-1/4-Samtools/ANCIENT.SIM.CONT.COV-10.RUN-1.truncated.MT_realigned.mappedonly.sorted.qF.sorted.bam 
################
#[bam_sort_core] merging from 0 files and 4 in-memory blocks...
# Runtime of Module was: 0 seconds.
################
#SamtoolsIndexdefault at 2024-07-03T08:50:28.833 was executed with the following commandline:
samtools index /data/analysis_SimulatedAncientReads_HQ439467/01-EAGERmapping/ANCIENT.SIM.CONT.COV-10.RUN-1/4-Samtools/ANCIENT.SIM.CONT.COV-10.RUN-1.truncated.MT_realigned.mappedonly.sorted.qF.sorted.bam 
################
## Runtime of Module was: 0 seconds.
################
#CleanSam at 2024-07-03T08:50:28.952 was executed with the following commandline:
picard CleanSam INPUT=/data/analysis_SimulatedAncientReads_HQ439467/01-EAGERmapping/ANCIENT.SIM.CONT.COV-10.RUN-1/4-Samtools/ANCIENT.SIM.CONT.COV-10.RUN-1.truncated.MT_realigned.mappedonly.sorted.qF.sorted.bam OUTPUT=/data/analysis_SimulatedAncientReads_HQ439467/01-EAGERmapping/ANCIENT.SIM.CONT.COV-10.RUN-1/5-DeDup/ANCIENT.SIM.CONT.COV-10.RUN-1.truncated.MT_realigned.mappedonly.sorted.qF.sorted.cleaned.bam VALIDATION_STRINGENCY=SILENT 
################
#/bin/sh: warning: setlocale: LC_ALL: cannot change locale (C.UTF-8)
Picked up _JAVA_OPTIONS: -Dsun.java2d.xrender=false -Xmx256G -Xms8G
[Wed Jul 03 08:50:31 UTC 2024] picard.sam.CleanSam INPUT=/data/analysis_SimulatedAncientReads_HQ439467/01-EAGERmapping/ANCIENT.SIM.CONT.COV-10.RUN-1/4-Samtools/ANCIENT.SIM.CONT.COV-10.RUN-1.truncated.MT_realigned.mappedonly.sorted.qF.sorted.bam OUTPUT=/data/analysis_SimulatedAncientReads_HQ439467/01-EAGERmapping/ANCIENT.SIM.CONT.COV-10.RUN-1/5-DeDup/ANCIENT.SIM.CONT.COV-10.RUN-1.truncated.MT_realigned.mappedonly.sorted.qF.sorted.cleaned.bam VALIDATION_STRINGENCY=SILENT    VERBOSITY=INFO QUIET=false COMPRESSION_LEVEL=5 MAX_RECORDS_IN_RAM=500000 CREATE_INDEX=false CREATE_MD5_FILE=false GA4GH_CLIENT_SECRETS=client_secrets.json
[Wed Jul 03 08:50:31 UTC 2024] Executing as haeusler@thor on Linux 5.15.0-112-generic amd64; Java HotSpot(TM) 64-Bit Server VM 1.8.0_144-b01; Picard version: 2.9.2-SNAPSHOT
[Wed Jul 03 08:50:31 UTC 2024] picard.sam.CleanSam done. Elapsed time: 0.00 minutes.
Runtime.totalMemory()=8232370176
# Runtime of Module was: 2 seconds.
################
#DeDup at 2024-07-03T08:50:31.597 was executed with the following commandline:
dedup -i /data/analysis_SimulatedAncientReads_HQ439467/01-EAGERmapping/ANCIENT.SIM.CONT.COV-10.RUN-1/5-DeDup/ANCIENT.SIM.CONT.COV-10.RUN-1.truncated.MT_realigned.mappedonly.sorted.qF.sorted.cleaned.bam -m -o /data/analysis_SimulatedAncientReads_HQ439467/01-EAGERmapping/ANCIENT.SIM.CONT.COV-10.RUN-1/5-DeDup 
################
#/bin/bash: warning: setlocale: LC_ALL: cannot change locale (C.UTF-8)
Picked up JAVA_TOOL_OPTIONS: -Djava.io.tmpdir=/data/analysis_SimulatedAncientReads_HQ439467/01-EAGERmapping/ANCIENT.SIM.CONT.COV-10.RUN-1/5-DeDup/.tmp
Picked up _JAVA_OPTIONS: -Dsun.java2d.xrender=false -Xmx256G -Xms8G
DeDup v0.12.1
# Runtime of Module was: 3 seconds.
################
#SamtoolsSortDeDup at 2024-07-03T08:50:35.117 was executed with the following commandline:
samtools sort -@ 4 -m 8G /data/analysis_SimulatedAncientReads_HQ439467/01-EAGERmapping/ANCIENT.SIM.CONT.COV-10.RUN-1/5-DeDup/ANCIENT.SIM.CONT.COV-10.RUN-1.truncated.MT_realigned.mappedonly.sorted.qF.sorted.cleaned_rmdup.bam -o /data/analysis_SimulatedAncientReads_HQ439467/01-EAGERmapping/ANCIENT.SIM.CONT.COV-10.RUN-1/5-DeDup/ANCIENT.SIM.CONT.COV-10.RUN-1.truncated.MT_realigned.mappedonly.sorted.qF.sorted.cleaned_rmdup.sorted.bam 
################
#[bam_sort_core] merging from 0 files and 4 in-memory blocks...
# Runtime of Module was: 0 seconds.
################
#SamtoolsIndexDedup at 2024-07-03T08:50:35.486 was executed with the following commandline:
samtools index /data/analysis_SimulatedAncientReads_HQ439467/01-EAGERmapping/ANCIENT.SIM.CONT.COV-10.RUN-1/5-DeDup/ANCIENT.SIM.CONT.COV-10.RUN-1.truncated.MT_realigned.mappedonly.sorted.qF.sorted.cleaned_rmdup.sorted.bam 
################
## Runtime of Module was: 0 seconds.
################
#QualiMapDefault at 2024-07-03T08:50:35.712 was executed with the following commandline:
qualimap bamqc -bam /data/analysis_SimulatedAncientReads_HQ439467/01-EAGERmapping/ANCIENT.SIM.CONT.COV-10.RUN-1/5-DeDup/ANCIENT.SIM.CONT.COV-10.RUN-1.truncated.MT_realigned.mappedonly.sorted.qF.sorted.cleaned_rmdup.sorted.bam -nt 4 -outdir /data/analysis_SimulatedAncientReads_HQ439467/01-EAGERmapping/ANCIENT.SIM.CONT.COV-10.RUN-1/6-QualiMap/ANCIENT.SIM.CONT.COV-10.RUN-1.truncated.MT_realigned.mappedonly.sorted.qF.sorted.cleaned_rmdup.sorted -outformat HTML --java-mem-size=32G 
################
#/bin/bash: warning: setlocale: LC_ALL: cannot change locale (C.UTF-8)
Java HotSpot(TM) 64-Bit Server VM warning: ignoring option MaxPermSize=1024m; support was removed in 8.0
Picked up _JAVA_OPTIONS: -Dsun.java2d.xrender=false -Xmx256G -Xms8G
# Runtime of Module was: 3 seconds.
################
#DamageProfiler at 2024-07-03T08:50:39.442 was executed with the following commandline:
damageprofiler -i /data/analysis_SimulatedAncientReads_HQ439467/01-EAGERmapping/ANCIENT.SIM.CONT.COV-10.RUN-1/5-DeDup/ANCIENT.SIM.CONT.COV-10.RUN-1.truncated.MT_realigned.mappedonly.sorted.qF.sorted.cleaned_rmdup.sorted.bam -r /data/references/NC_001640_Equus-callabus_mt/NC_001640.1.fna -l 100 -o /data/analysis_SimulatedAncientReads_HQ439467/01-EAGERmapping/ANCIENT.SIM.CONT.COV-10.RUN-1/7-DnaDamage/ANCIENT.SIM.CONT.COV-10.RUN-1.truncated.MT_realigned.mappedonly.sorted.qF.sorted.cleaned_rmdup.sorted -t 25  
################
#/bin/bash: warning: setlocale: LC_ALL: cannot change locale (C.UTF-8)
Picked up _JAVA_OPTIONS: -Dsun.java2d.xrender=false -Xmx256G -Xms8G
# Runtime of Module was: 3 seconds.
# EAGER Version used for this run: 1.92.56
################
#GATKRealignerTargetCreator at 2024-07-03T08:50:42.649 was executed with the following commandline:
gatk -T RealignerTargetCreator -R /data/references/NC_001640_Equus-callabus_mt/NC_001640.1.fna -I /data/analysis_SimulatedAncientReads_HQ439467/01-EAGERmapping/ANCIENT.SIM.CONT.COV-10.RUN-1/5-DeDup/ANCIENT.SIM.CONT.COV-10.RUN-1.truncated.MT_realigned.mappedonly.sorted.qF.sorted.cleaned_rmdup.sorted.bam -nt 4 -o /data/analysis_SimulatedAncientReads_HQ439467/01-EAGERmapping/ANCIENT.SIM.CONT.COV-10.RUN-1/9-GATKBasics/ANCIENT.SIM.CONT.COV-10.RUN-1.truncated.MT_realigned.mappedonly.sorted.qF.sorted.cleaned_rmdup.sorted.intervals 
################
#/bin/bash: warning: setlocale: LC_ALL: cannot change locale (C.UTF-8)
Picked up JAVA_TOOL_OPTIONS: -Djava.io.tmpdir=/data/analysis_SimulatedAncientReads_HQ439467/01-EAGERmapping/ANCIENT.SIM.CONT.COV-10.RUN-1/9-GATKBasics/.tmp
Picked up _JAVA_OPTIONS: -Dsun.java2d.xrender=false -Xmx256G -Xms8G
INFO  08:50:46,680 HelpFormatter - ---------------------------------------------------------------------------------- 
INFO  08:50:46,682 HelpFormatter - The Genome Analysis Toolkit (GATK) v3.8-0-ge9d806836, Compiled 2017/07/28 21:26:50 
INFO  08:50:46,682 HelpFormatter - Copyright (c) 2010-2016 The Broad Institute 
INFO  08:50:46,682 HelpFormatter - For support and documentation go to https://software.broadinstitute.org/gatk 
INFO  08:50:46,682 HelpFormatter - [Wed Jul 03 08:50:46 UTC 2024] Executing on Linux 5.15.0-112-generic amd64 
INFO  08:50:46,683 HelpFormatter - Java HotSpot(TM) 64-Bit Server VM 1.8.0_144-b01 
INFO  08:50:46,686 HelpFormatter - Program Args: -T RealignerTargetCreator -R /data/references/NC_001640_Equus-callabus_mt/NC_001640.1.fna -I /data/analysis_SimulatedAncientReads_HQ439467/01-EAGERmapping/ANCIENT.SIM.CONT.COV-10.RUN-1/5-DeDup/ANCIENT.SIM.CONT.COV-10.RUN-1.truncated.MT_realigned.mappedonly.sorted.qF.sorted.cleaned_rmdup.sorted.bam -nt 4 -o /data/analysis_SimulatedAncientReads_HQ439467/01-EAGERmapping/ANCIENT.SIM.CONT.COV-10.RUN-1/9-GATKBasics/ANCIENT.SIM.CONT.COV-10.RUN-1.truncated.MT_realigned.mappedonly.sorted.qF.sorted.cleaned_rmdup.sorted.intervals 
INFO  08:50:46,688 HelpFormatter - Executing as haeusler@thor on Linux 5.15.0-112-generic amd64; Java HotSpot(TM) 64-Bit Server VM 1.8.0_144-b01. 
INFO  08:50:46,689 HelpFormatter - Date/Time: 2024/07/03 08:50:46 
INFO  08:50:46,689 HelpFormatter - ---------------------------------------------------------------------------------- 
INFO  08:50:46,689 HelpFormatter - ---------------------------------------------------------------------------------- 
ERROR StatusLogger Unable to create class org.apache.logging.log4j.core.impl.Log4jContextFactory specified in jar:file:/opt/gatk/GenomeAnalysisTK.jar!/META-INF/log4j-provider.properties
ERROR StatusLogger Log4j2 could not find a logging implementation. Please add log4j-core to the classpath. Using SimpleLogger to log to the console...
INFO  08:50:46,825 GenomeAnalysisEngine - Deflater: IntelDeflater 
INFO  08:50:46,825 GenomeAnalysisEngine - Inflater: IntelInflater 
INFO  08:50:46,825 GenomeAnalysisEngine - Strictness is SILENT 
INFO  08:50:46,914 GenomeAnalysisEngine - Downsampling Settings: Method: BY_SAMPLE, Target Coverage: 1000 
INFO  08:50:46,920 SAMDataSource$SAMReaders - Initializing SAMRecords in serial 
INFO  08:50:46,937 SAMDataSource$SAMReaders - Done initializing BAM readers: total time 0.02 
INFO  08:50:46,955 MicroScheduler - Running the GATK in parallel mode with 4 total threads, 1 CPU thread(s) for each of 4 data thread(s), of 64 processors available on this machine 
INFO  08:50:47,006 GenomeAnalysisEngine - Preparing for traversal over 1 BAM files 
INFO  08:50:47,017 GenomeAnalysisEngine - Done preparing for traversal 
INFO  08:50:47,017 ProgressMeter - [INITIALIZATION COMPLETE; STARTING PROCESSING] 
INFO  08:50:47,017 ProgressMeter -                 | processed |    time |    per 1M |           |   total | remaining 
INFO  08:50:47,018 ProgressMeter -        Location |     sites | elapsed |     sites | completed | runtime |   runtime 
INFO  08:50:47,023 SAMDataSource$SAMReaders - Initializing SAMRecords in serial 
INFO  08:50:47,026 SAMDataSource$SAMReaders - Done initializing BAM readers: total time 0.00 
INFO  08:50:47,392 ProgressMeter -            done     16660.0     0.0 s      22.0 s       99.5%     0.0 s       0.0 s 
INFO  08:50:47,393 ProgressMeter - Total runtime 0.38 secs, 0.01 min, 0.00 hours 
INFO  08:50:47,398 MicroScheduler - 0 reads were filtered out during the traversal out of approximately 4847 total reads (0.00%) 
INFO  08:50:47,398 MicroScheduler -   -> 0 reads (0.00% of total) failing BadCigarFilter 
INFO  08:50:47,399 MicroScheduler -   -> 0 reads (0.00% of total) failing BadMateFilter 
INFO  08:50:47,399 MicroScheduler -   -> 0 reads (0.00% of total) failing DuplicateReadFilter 
INFO  08:50:47,400 MicroScheduler -   -> 0 reads (0.00% of total) failing FailsVendorQualityCheckFilter 
INFO  08:50:47,400 MicroScheduler -   -> 0 reads (0.00% of total) failing MalformedReadFilter 
INFO  08:50:47,401 MicroScheduler -   -> 0 reads (0.00% of total) failing MappingQualityUnavailableFilter 
INFO  08:50:47,401 MicroScheduler -   -> 0 reads (0.00% of total) failing MappingQualityZeroFilter 
INFO  08:50:47,401 MicroScheduler -   -> 0 reads (0.00% of total) failing NotPrimaryAlignmentFilter 
INFO  08:50:47,402 MicroScheduler -   -> 0 reads (0.00% of total) failing Platform454Filter 
INFO  08:50:47,402 MicroScheduler -   -> 0 reads (0.00% of total) failing UnmappedReadFilter 
------------------------------------------------------------------------------------------
Done. ------------------------------------------------------------------------------------------
# Runtime of Module was: 4 seconds.
################
#GATKIndelRealigner at 2024-07-03T08:50:47.525 was executed with the following commandline:
gatk -T IndelRealigner -R /data/references/NC_001640_Equus-callabus_mt/NC_001640.1.fna -I /data/analysis_SimulatedAncientReads_HQ439467/01-EAGERmapping/ANCIENT.SIM.CONT.COV-10.RUN-1/5-DeDup/ANCIENT.SIM.CONT.COV-10.RUN-1.truncated.MT_realigned.mappedonly.sorted.qF.sorted.cleaned_rmdup.sorted.bam -targetIntervals /data/analysis_SimulatedAncientReads_HQ439467/01-EAGERmapping/ANCIENT.SIM.CONT.COV-10.RUN-1/9-GATKBasics/ANCIENT.SIM.CONT.COV-10.RUN-1.truncated.MT_realigned.mappedonly.sorted.qF.sorted.cleaned_rmdup.sorted.intervals -o /data/analysis_SimulatedAncientReads_HQ439467/01-EAGERmapping/ANCIENT.SIM.CONT.COV-10.RUN-1/9-GATKBasics/ANCIENT.SIM.CONT.COV-10.RUN-1.truncated.MT_realigned.mappedonly.sorted.qF.sorted.cleaned_rmdup.sorted.real.bam 
################
#/bin/bash: warning: setlocale: LC_ALL: cannot change locale (C.UTF-8)
Picked up JAVA_TOOL_OPTIONS: -Djava.io.tmpdir=/data/analysis_SimulatedAncientReads_HQ439467/01-EAGERmapping/ANCIENT.SIM.CONT.COV-10.RUN-1/9-GATKBasics/.tmp
Picked up _JAVA_OPTIONS: -Dsun.java2d.xrender=false -Xmx256G -Xms8G
INFO  08:50:51,025 HelpFormatter - ---------------------------------------------------------------------------------- 
INFO  08:50:51,026 HelpFormatter - The Genome Analysis Toolkit (GATK) v3.8-0-ge9d806836, Compiled 2017/07/28 21:26:50 
INFO  08:50:51,027 HelpFormatter - Copyright (c) 2010-2016 The Broad Institute 
INFO  08:50:51,027 HelpFormatter - For support and documentation go to https://software.broadinstitute.org/gatk 
INFO  08:50:51,027 HelpFormatter - [Wed Jul 03 08:50:51 UTC 2024] Executing on Linux 5.15.0-112-generic amd64 
INFO  08:50:51,027 HelpFormatter - Java HotSpot(TM) 64-Bit Server VM 1.8.0_144-b01 
INFO  08:50:51,030 HelpFormatter - Program Args: -T IndelRealigner -R /data/references/NC_001640_Equus-callabus_mt/NC_001640.1.fna -I /data/analysis_SimulatedAncientReads_HQ439467/01-EAGERmapping/ANCIENT.SIM.CONT.COV-10.RUN-1/5-DeDup/ANCIENT.SIM.CONT.COV-10.RUN-1.truncated.MT_realigned.mappedonly.sorted.qF.sorted.cleaned_rmdup.sorted.bam -targetIntervals /data/analysis_SimulatedAncientReads_HQ439467/01-EAGERmapping/ANCIENT.SIM.CONT.COV-10.RUN-1/9-GATKBasics/ANCIENT.SIM.CONT.COV-10.RUN-1.truncated.MT_realigned.mappedonly.sorted.qF.sorted.cleaned_rmdup.sorted.intervals -o /data/analysis_SimulatedAncientReads_HQ439467/01-EAGERmapping/ANCIENT.SIM.CONT.COV-10.RUN-1/9-GATKBasics/ANCIENT.SIM.CONT.COV-10.RUN-1.truncated.MT_realigned.mappedonly.sorted.qF.sorted.cleaned_rmdup.sorted.real.bam 
INFO  08:50:51,033 HelpFormatter - Executing as haeusler@thor on Linux 5.15.0-112-generic amd64; Java HotSpot(TM) 64-Bit Server VM 1.8.0_144-b01. 
INFO  08:50:51,033 HelpFormatter - Date/Time: 2024/07/03 08:50:51 
INFO  08:50:51,033 HelpFormatter - ---------------------------------------------------------------------------------- 
INFO  08:50:51,033 HelpFormatter - ---------------------------------------------------------------------------------- 
ERROR StatusLogger Unable to create class org.apache.logging.log4j.core.impl.Log4jContextFactory specified in jar:file:/opt/gatk/GenomeAnalysisTK.jar!/META-INF/log4j-provider.properties
ERROR StatusLogger Log4j2 could not find a logging implementation. Please add log4j-core to the classpath. Using SimpleLogger to log to the console...
INFO  08:50:51,212 GenomeAnalysisEngine - Deflater: IntelDeflater 
INFO  08:50:51,212 GenomeAnalysisEngine - Inflater: IntelInflater 
INFO  08:50:51,212 GenomeAnalysisEngine - Strictness is SILENT 
INFO  08:50:51,273 GenomeAnalysisEngine - Downsampling Settings: No downsampling 
INFO  08:50:51,278 SAMDataSource$SAMReaders - Initializing SAMRecords in serial 
INFO  08:50:51,296 SAMDataSource$SAMReaders - Done initializing BAM readers: total time 0.02 
INFO  08:50:51,364 GenomeAnalysisEngine - Preparing for traversal over 1 BAM files 
INFO  08:50:51,368 GenomeAnalysisEngine - Done preparing for traversal 
INFO  08:50:51,368 ProgressMeter - [INITIALIZATION COMPLETE; STARTING PROCESSING] 
INFO  08:50:51,368 ProgressMeter -                 | processed |    time |    per 1M |           |   total | remaining 
INFO  08:50:51,369 ProgressMeter -        Location |     reads | elapsed |     reads | completed | runtime |   runtime 
INFO  08:50:51,377 ReadShardBalancer$1 - Loading BAM index data 
INFO  08:50:51,377 ReadShardBalancer$1 - Done loading BAM index data 
INFO  08:50:51,606 ProgressMeter -            done      4846.0     0.0 s      48.0 s       99.1%     0.0 s       0.0 s 
INFO  08:50:51,607 ProgressMeter - Total runtime 0.24 secs, 0.00 min, 0.00 hours 
INFO  08:50:51,609 MicroScheduler - 0 reads were filtered out during the traversal out of approximately 4846 total reads (0.00%) 
INFO  08:50:51,609 MicroScheduler -   -> 0 reads (0.00% of total) failing BadCigarFilter 
INFO  08:50:51,609 MicroScheduler -   -> 0 reads (0.00% of total) failing MalformedReadFilter 
------------------------------------------------------------------------------------------
Done. ------------------------------------------------------------------------------------------
# Runtime of Module was: 4 seconds.
################
#GATKUnifiedGenotyperEMIT ALL POSITIONS, NO DBSNP at 2024-07-03T08:50:51.743 was executed with the following commandline:
gatk -T UnifiedGenotyper -R /data/references/NC_001640_Equus-callabus_mt/NC_001640.1.fna -I /data/analysis_SimulatedAncientReads_HQ439467/01-EAGERmapping/ANCIENT.SIM.CONT.COV-10.RUN-1/9-GATKBasics/ANCIENT.SIM.CONT.COV-10.RUN-1.truncated.MT_realigned.mappedonly.sorted.qF.sorted.cleaned_rmdup.sorted.real.bam -o /data/analysis_SimulatedAncientReads_HQ439467/01-EAGERmapping/ANCIENT.SIM.CONT.COV-10.RUN-1/10-GATKGenotyper/ANCIENT.SIM.CONT.COV-10.RUN-1.truncated.MT_realigned.mappedonly.sorted.qF.sorted.cleaned_rmdup.sorted.real.unifiedgenotyper.vcf -nt 4 -stand_call_conf 30 --sample_ploidy 2 -dcov 250 --output_mode EMIT_ALL_SITES  
################
#/bin/bash: warning: setlocale: LC_ALL: cannot change locale (C.UTF-8)
Picked up JAVA_TOOL_OPTIONS: -Djava.io.tmpdir=/data/analysis_SimulatedAncientReads_HQ439467/01-EAGERmapping/ANCIENT.SIM.CONT.COV-10.RUN-1/10-GATKGenotyper/.tmp
Picked up _JAVA_OPTIONS: -Dsun.java2d.xrender=false -Xmx256G -Xms8G
INFO  08:50:54,639 HelpFormatter - ---------------------------------------------------------------------------------- 
INFO  08:50:54,640 HelpFormatter - The Genome Analysis Toolkit (GATK) v3.8-0-ge9d806836, Compiled 2017/07/28 21:26:50 
INFO  08:50:54,640 HelpFormatter - Copyright (c) 2010-2016 The Broad Institute 
INFO  08:50:54,641 HelpFormatter - For support and documentation go to https://software.broadinstitute.org/gatk 
INFO  08:50:54,641 HelpFormatter - [Wed Jul 03 08:50:54 UTC 2024] Executing on Linux 5.15.0-112-generic amd64 
INFO  08:50:54,641 HelpFormatter - Java HotSpot(TM) 64-Bit Server VM 1.8.0_144-b01 
INFO  08:50:54,644 HelpFormatter - Program Args: -T UnifiedGenotyper -R /data/references/NC_001640_Equus-callabus_mt/NC_001640.1.fna -I /data/analysis_SimulatedAncientReads_HQ439467/01-EAGERmapping/ANCIENT.SIM.CONT.COV-10.RUN-1/9-GATKBasics/ANCIENT.SIM.CONT.COV-10.RUN-1.truncated.MT_realigned.mappedonly.sorted.qF.sorted.cleaned_rmdup.sorted.real.bam -o /data/analysis_SimulatedAncientReads_HQ439467/01-EAGERmapping/ANCIENT.SIM.CONT.COV-10.RUN-1/10-GATKGenotyper/ANCIENT.SIM.CONT.COV-10.RUN-1.truncated.MT_realigned.mappedonly.sorted.qF.sorted.cleaned_rmdup.sorted.real.unifiedgenotyper.vcf -nt 4 -stand_call_conf 30 --sample_ploidy 2 -dcov 250 --output_mode EMIT_ALL_SITES 
INFO  08:50:54,646 HelpFormatter - Executing as haeusler@thor on Linux 5.15.0-112-generic amd64; Java HotSpot(TM) 64-Bit Server VM 1.8.0_144-b01. 
INFO  08:50:54,647 HelpFormatter - Date/Time: 2024/07/03 08:50:54 
INFO  08:50:54,647 HelpFormatter - ---------------------------------------------------------------------------------- 
INFO  08:50:54,647 HelpFormatter - ---------------------------------------------------------------------------------- 
ERROR StatusLogger Unable to create class org.apache.logging.log4j.core.impl.Log4jContextFactory specified in jar:file:/opt/gatk/GenomeAnalysisTK.jar!/META-INF/log4j-provider.properties
ERROR StatusLogger Log4j2 could not find a logging implementation. Please add log4j-core to the classpath. Using SimpleLogger to log to the console...
INFO  08:50:54,777 GenomeAnalysisEngine - Deflater: IntelDeflater 
INFO  08:50:54,778 GenomeAnalysisEngine - Inflater: IntelInflater 
INFO  08:50:54,778 GenomeAnalysisEngine - Strictness is SILENT 
INFO  08:50:54,862 GenomeAnalysisEngine - Downsampling Settings: Method: BY_SAMPLE, Target Coverage: 250 
INFO  08:50:54,868 SAMDataSource$SAMReaders - Initializing SAMRecords in serial 
INFO  08:50:54,886 SAMDataSource$SAMReaders - Done initializing BAM readers: total time 0.02 
INFO  08:50:54,903 MicroScheduler - Running the GATK in parallel mode with 4 total threads, 1 CPU thread(s) for each of 4 data thread(s), of 64 processors available on this machine 
INFO  08:50:54,958 GenomeAnalysisEngine - Preparing for traversal over 1 BAM files 
INFO  08:50:54,969 GenomeAnalysisEngine - Done preparing for traversal 
INFO  08:50:54,969 ProgressMeter - [INITIALIZATION COMPLETE; STARTING PROCESSING] 
INFO  08:50:54,969 ProgressMeter -                 | processed |    time |    per 1M |           |   total | remaining 
INFO  08:50:54,969 ProgressMeter -        Location |     sites | elapsed |     sites | completed | runtime |   runtime 
INFO  08:50:55,008 StrandBiasTest - SAM/BAM data was found. Attempting to use read data to calculate strand bias annotations values. 
WARN  08:50:55,008 InbreedingCoeff - Annotation will not be calculated. InbreedingCoeff requires at least 10 unrelated samples. 
INFO  08:50:55,009 StrandBiasTest - SAM/BAM data was found. Attempting to use read data to calculate strand bias annotations values. 
INFO  08:50:55,067 SAMDataSource$SAMReaders - Initializing SAMRecords in serial 
INFO  08:50:55,071 SAMDataSource$SAMReaders - Done initializing BAM readers: total time 0.00 
INFO  08:50:58,194 ProgressMeter -            done     16660.0     3.0 s       3.2 m       99.5%     3.0 s       0.0 s 
INFO  08:50:58,195 ProgressMeter - Total runtime 3.23 secs, 0.05 min, 0.00 hours 
INFO  08:50:58,195 MicroScheduler - 0 reads were filtered out during the traversal out of approximately 4847 total reads (0.00%) 
INFO  08:50:58,195 MicroScheduler -   -> 0 reads (0.00% of total) failing BadCigarFilter 
INFO  08:50:58,196 MicroScheduler -   -> 0 reads (0.00% of total) failing BadMateFilter 
INFO  08:50:58,196 MicroScheduler -   -> 0 reads (0.00% of total) failing DuplicateReadFilter 
INFO  08:50:58,196 MicroScheduler -   -> 0 reads (0.00% of total) failing FailsVendorQualityCheckFilter 
INFO  08:50:58,196 MicroScheduler -   -> 0 reads (0.00% of total) failing MalformedReadFilter 
INFO  08:50:58,197 MicroScheduler -   -> 0 reads (0.00% of total) failing MappingQualityUnavailableFilter 
INFO  08:50:58,197 MicroScheduler -   -> 0 reads (0.00% of total) failing NotPrimaryAlignmentFilter 
INFO  08:50:58,197 MicroScheduler -   -> 0 reads (0.00% of total) failing UnmappedReadFilter 
------------------------------------------------------------------------------------------
Done. ------------------------------------------------------------------------------------------
# Runtime of Module was: 6 seconds.
################
#BGZip at 2024-07-03T08:50:58.505 was executed with the following commandline:
bgzip -f /data/analysis_SimulatedAncientReads_HQ439467/01-EAGERmapping/ANCIENT.SIM.CONT.COV-10.RUN-1/10-GATKGenotyper/ANCIENT.SIM.CONT.COV-10.RUN-1.truncated.MT_realigned.mappedonly.sorted.qF.sorted.cleaned_rmdup.sorted.real.unifiedgenotyper.vcf 
################
## Runtime of Module was: 0 seconds.
################
#Tabix at 2024-07-03T08:50:58.668 was executed with the following commandline:
tabix -p vcf /data/analysis_SimulatedAncientReads_HQ439467/01-EAGERmapping/ANCIENT.SIM.CONT.COV-10.RUN-1/10-GATKGenotyper/ANCIENT.SIM.CONT.COV-10.RUN-1.truncated.MT_realigned.mappedonly.sorted.qF.sorted.cleaned_rmdup.sorted.real.unifiedgenotyper.vcf.gz 
################
## Runtime of Module was: 0 seconds.
################
#CleanUpRedundantData at 2024-07-03T08:50:58.924 was executed with the following commandline:
/bin/sh -c rm /data/analysis_SimulatedAncientReads_HQ439467/01-EAGERmapping/ANCIENT.SIM.CONT.COV-10.RUN-1/3-Mapper/*.sam; rm /data/analysis_SimulatedAncientReads_HQ439467/01-EAGERmapping/ANCIENT.SIM.CONT.COV-10.RUN-1/3-Mapper/*.sai; rm /data/analysis_SimulatedAncientReads_HQ439467/01-EAGERmapping/ANCIENT.SIM.CONT.COV-10.RUN-1/4-Samtools/ANCIENT.SIM.CONT.COV-10.RUN-1.truncated.MT_realigned.mappedonly.sorted.qF.bam ; rm /data/analysis_SimulatedAncientReads_HQ439467/01-EAGERmapping/ANCIENT.SIM.CONT.COV-10.RUN-1/4-Samtools/ANCIENT.SIM.CONT.COV-10.RUN-1.truncated.MT_realigned.mappedonly.sorted.qF.sorted.bam.bai; rm /data/analysis_SimulatedAncientReads_HQ439467/01-EAGERmapping/ANCIENT.SIM.CONT.COV-10.RUN-1/4-Samtools/ANCIENT.SIM.CONT.COV-10.RUN-1.truncated.MT_realigned.mappedonly.bam ; rm /data/analysis_SimulatedAncientReads_HQ439467/01-EAGERmapping/ANCIENT.SIM.CONT.COV-10.RUN-1/4-Samtools/ANCIENT.SIM.CONT.COV-10.RUN-1.truncated.MT_realigned.mappedonly.sorted.qF.sorted.bam ; rm /data/analysis_SimulatedAncientReads_HQ439467/01-EAGERmapping/ANCIENT.SIM.CONT.COV-10.RUN-1/5-DeDup/ANCIENT.SIM.CONT.COV-10.RUN-1.truncated.MT_realigned.mappedonly.sorted.qF.sorted.cleaned_rmdup.bam;  
################
#/bin/sh: warning: setlocale: LC_ALL: cannot change locale (C.UTF-8)
# Runtime of Module was: 0 seconds.
################
#ReportGenerator at 2024-07-03T08:50:58.951 was executed with the following commandline:
ReportTable /data/analysis_SimulatedAncientReads_HQ439467/01-EAGERmapping/Report_01-EAGERmapping.csv /data/analysis_SimulatedAncientReads_HQ439467/01-EAGERmapping 
################
#/bin/bash: warning: setlocale: LC_ALL: cannot change locale (C.UTF-8)
Picked up _JAVA_OPTIONS: -Dsun.java2d.xrender=false -Xmx256G -Xms8G
# Runtime of Module was: 6 seconds.
