# EAGER Version used for this run: 1.92.56
################
#CreateResultsDirectories at 2024-07-03T08:31:19.089 was executed with the following commandline:
mkdir -p /data/simulation_AncientReads_HQ439467/02-EAGERmapping/ANCIENT.SIM.CONT.RUN-5/0-FastQC/.tmp /data/simulation_AncientReads_HQ439467/02-EAGERmapping/ANCIENT.SIM.CONT.RUN-5/1-AdapClip/.tmp /data/simulation_AncientReads_HQ439467/02-EAGERmapping/ANCIENT.SIM.CONT.RUN-5/3-Mapper/.tmp /data/simulation_AncientReads_HQ439467/02-EAGERmapping/ANCIENT.SIM.CONT.RUN-5/4-Samtools/.tmp /data/simulation_AncientReads_HQ439467/02-EAGERmapping/ANCIENT.SIM.CONT.RUN-5/5-DeDup/.tmp /data/simulation_AncientReads_HQ439467/02-EAGERmapping/ANCIENT.SIM.CONT.RUN-5/6-QualiMap/.tmp /data/simulation_AncientReads_HQ439467/02-EAGERmapping/ANCIENT.SIM.CONT.RUN-5/7-DnaDamage/.tmp /data/simulation_AncientReads_HQ439467/02-EAGERmapping/ANCIENT.SIM.CONT.RUN-5/9-GATKBasics/.tmp /data/simulation_AncientReads_HQ439467/02-EAGERmapping/ANCIENT.SIM.CONT.RUN-5/10-GATKGenotyper/.tmp 
################
## Runtime of Module was: 0 seconds.
################
#FastQCdefault at 2024-07-03T08:31:19.188 was executed with the following commandline:
fastqc -o /data/simulation_AncientReads_HQ439467/02-EAGERmapping/ANCIENT.SIM.CONT.RUN-5/0-FastQC --extract  -f fastq /data/simulation_AncientReads_HQ439467/01-gargammel/ANCIENT.SIM.CONT.RUN-5_s.fq.gz 
################
#perl: warning: Setting locale failed.
perl: warning: Please check that your locale settings:
	LANGUAGE = "de_DE:en",
	LC_ALL = "C.UTF-8",
	LC_MEASUREMENT = "de_DE.UTF-8",
	LC_TELEPHONE = "de_DE.UTF-8",
	LC_TIME = "de_DE.UTF-8",
	LC_PAPER = "de_DE.UTF-8",
	LC_ADDRESS = "de_DE.UTF-8",
	LC_IDENTIFICATION = "de_DE.UTF-8",
	LC_MONETARY = "de_DE.UTF-8",
	LC_NAME = "de_DE.UTF-8",
	LC_NUMERIC = "de_DE.UTF-8",
	LANG = "de_DE.UTF-8"
    are supported and installed on your system.
perl: warning: Falling back to the standard locale ("C").
Picked up JAVA_TOOL_OPTIONS: -Djava.io.tmpdir=/data/simulation_AncientReads_HQ439467/02-EAGERmapping/ANCIENT.SIM.CONT.RUN-5/0-FastQC/.tmp
Picked up _JAVA_OPTIONS: -Dsun.java2d.xrender=false -Xmx256G -Xms8G
Skipping '' which didn't exist, or couldn't be read
Started analysis of ANCIENT.SIM.CONT.RUN-5_s.fq.gz
Approx 5% complete for ANCIENT.SIM.CONT.RUN-5_s.fq.gz
Approx 10% complete for ANCIENT.SIM.CONT.RUN-5_s.fq.gz
Too many tiles (>500) so giving up trying to do per-tile qualities since we're probably parsing the file wrongly
Approx 15% complete for ANCIENT.SIM.CONT.RUN-5_s.fq.gz
Approx 20% complete for ANCIENT.SIM.CONT.RUN-5_s.fq.gz
Approx 25% complete for ANCIENT.SIM.CONT.RUN-5_s.fq.gz
Approx 30% complete for ANCIENT.SIM.CONT.RUN-5_s.fq.gz
Approx 35% complete for ANCIENT.SIM.CONT.RUN-5_s.fq.gz
Approx 40% complete for ANCIENT.SIM.CONT.RUN-5_s.fq.gz
Approx 45% complete for ANCIENT.SIM.CONT.RUN-5_s.fq.gz
Approx 50% complete for ANCIENT.SIM.CONT.RUN-5_s.fq.gz
Approx 55% complete for ANCIENT.SIM.CONT.RUN-5_s.fq.gz
Approx 60% complete for ANCIENT.SIM.CONT.RUN-5_s.fq.gz
Approx 65% complete for ANCIENT.SIM.CONT.RUN-5_s.fq.gz
Approx 70% complete for ANCIENT.SIM.CONT.RUN-5_s.fq.gz
Approx 75% complete for ANCIENT.SIM.CONT.RUN-5_s.fq.gz
Approx 80% complete for ANCIENT.SIM.CONT.RUN-5_s.fq.gz
Approx 85% complete for ANCIENT.SIM.CONT.RUN-5_s.fq.gz
Approx 90% complete for ANCIENT.SIM.CONT.RUN-5_s.fq.gz
Approx 95% complete for ANCIENT.SIM.CONT.RUN-5_s.fq.gz
# Runtime of Module was: 7 seconds.
################
#AdapterRemovalsingleendedonly at 2024-07-03T08:31:27.037 was executed with the following commandline:
AdapterRemoval --file1 /data/simulation_AncientReads_HQ439467/01-gargammel/ANCIENT.SIM.CONT.RUN-5_s.fq.gz --basename /data/simulation_AncientReads_HQ439467/02-EAGERmapping/ANCIENT.SIM.CONT.RUN-5/1-AdapClip/ANCIENT.SIM.CONT.RUN-5_s.fq --gzip --threads 4 --trimns --trimqualities --adapter1 AGATCGGAAGAGCACACGTCTGAACTCCAGTCAC --adapter2 AGATCGGAAGAGCGTCGTGTAGGGAAAGAGTGTA --minlength 30 --minquality 20 --minadapteroverlap 1 
################
#Trimming single ended reads ...
Opening FASTQ file '/data/simulation_AncientReads_HQ439467/01-gargammel/ANCIENT.SIM.CONT.RUN-5_s.fq.gz'

Processed a total of 39,713 reads in 1.0s; 40,000 reads per second on average ...
# Runtime of Module was: 1 seconds.
################
#TrackFastQ at 2024-07-03T08:31:28.042 was executed with the following commandline:
/bin/sh -c echo 'all' > /data/simulation_AncientReads_HQ439467/02-EAGERmapping/ANCIENT.SIM.CONT.RUN-5/1-AdapClip//track_fastq.log 
################
#/bin/sh: warning: setlocale: LC_ALL: cannot change locale (C.UTF-8)
# Runtime of Module was: 0 seconds.
# EAGER Version used for this run: 1.92.56
################
#CircularMapperGenerator at 2024-07-03T08:31:28.055 was executed with the following commandline:
circulargenerator -e 500 -i /data/references/NC_001640_Equus-callabus_mt/NC_001640.1.fna -s NC_001640.1 
################
## The Module CircularMapperGenerator has already been run! (i.e the command above was NOT executed)################
#BWAAlign at 2024-07-03T08:31:28.057 was executed with the following commandline:
bwa aln -t 4 /data/references/NC_001640_Equus-callabus_mt/NC_001640.1_500.fna /data/simulation_AncientReads_HQ439467/02-EAGERmapping/ANCIENT.SIM.CONT.RUN-5/1-AdapClip/ANCIENT.SIM.CONT.RUN-5_s.fq.truncated.gz -n 0.01 -l 16500  -f /data/simulation_AncientReads_HQ439467/02-EAGERmapping/ANCIENT.SIM.CONT.RUN-5/3-Mapper/ANCIENT.SIM.CONT.RUN-5_s.fq.truncated.MT.sai 
################
#[bwa_aln] 17bp reads: max_diff = 2
[bwa_aln] 22bp reads: max_diff = 3
[bwa_aln] 42bp reads: max_diff = 4
[bwa_aln] 64bp reads: max_diff = 5
[bwa_aln] 90bp reads: max_diff = 6
[bwa_aln] 117bp reads: max_diff = 7
[bwa_aln] 146bp reads: max_diff = 8
[bwa_aln] 176bp reads: max_diff = 9
[bwa_aln] 207bp reads: max_diff = 10
[bwa_aln] 239bp reads: max_diff = 11
[bwa_aln_core] calculate SA coordinate... 0.76 sec
[bwa_aln_core] write to the disk... 0.00 sec
[bwa_aln_core] 39330 sequences have been processed.
[main] Version: 0.7.17-r1188
[main] CMD: bwa aln -t 4 -n 0.01 -l 16500 -f /data/simulation_AncientReads_HQ439467/02-EAGERmapping/ANCIENT.SIM.CONT.RUN-5/3-Mapper/ANCIENT.SIM.CONT.RUN-5_s.fq.truncated.MT.sai /data/references/NC_001640_Equus-callabus_mt/NC_001640.1_500.fna /data/simulation_AncientReads_HQ439467/02-EAGERmapping/ANCIENT.SIM.CONT.RUN-5/1-AdapClip/ANCIENT.SIM.CONT.RUN-5_s.fq.truncated.gz 
[main] Real time: 0.445 sec; CPU: 0.831 sec
# Runtime of Module was: 0 seconds.
################
#BWASamse at 2024-07-03T08:31:28.514 was executed with the following commandline:
bwa samse -r @RG\tID:ILLUMINA-ANCIENT.SIM.CONT.RUN-5_s.fq\tSM:ANCIENT.SIM.CONT.RUN-5_s.fq\tPL:illumina /data/references/NC_001640_Equus-callabus_mt/NC_001640.1_500.fna /data/simulation_AncientReads_HQ439467/02-EAGERmapping/ANCIENT.SIM.CONT.RUN-5/3-Mapper/ANCIENT.SIM.CONT.RUN-5_s.fq.truncated.MT.sai /data/simulation_AncientReads_HQ439467/02-EAGERmapping/ANCIENT.SIM.CONT.RUN-5/1-AdapClip/ANCIENT.SIM.CONT.RUN-5_s.fq.truncated.gz -f /data/simulation_AncientReads_HQ439467/02-EAGERmapping/ANCIENT.SIM.CONT.RUN-5/3-Mapper/ANCIENT.SIM.CONT.RUN-5_s.fq.truncated.MT.sam 
################
#[bwa_aln_core] convert to sequence coordinate... 0.04 sec
[bwa_aln_core] refine gapped alignments... 0.01 sec
[bwa_aln_core] print alignments... 0.08 sec
[bwa_aln_core] 39330 sequences have been processed.
[main] Version: 0.7.17-r1188
[main] CMD: bwa samse -r @RG\tID:ILLUMINA-ANCIENT.SIM.CONT.RUN-5_s.fq\tSM:ANCIENT.SIM.CONT.RUN-5_s.fq\tPL:illumina -f /data/simulation_AncientReads_HQ439467/02-EAGERmapping/ANCIENT.SIM.CONT.RUN-5/3-Mapper/ANCIENT.SIM.CONT.RUN-5_s.fq.truncated.MT.sam /data/references/NC_001640_Equus-callabus_mt/NC_001640.1_500.fna /data/simulation_AncientReads_HQ439467/02-EAGERmapping/ANCIENT.SIM.CONT.RUN-5/3-Mapper/ANCIENT.SIM.CONT.RUN-5_s.fq.truncated.MT.sai /data/simulation_AncientReads_HQ439467/02-EAGERmapping/ANCIENT.SIM.CONT.RUN-5/1-AdapClip/ANCIENT.SIM.CONT.RUN-5_s.fq.truncated.gz
[main] Real time: 0.494 sec; CPU: 0.202 sec
# Runtime of Module was: 0 seconds.
################
#Flagstatsam at 2024-07-03T08:31:29.021 was executed with the following commandline:
/bin/sh -c samtools flagstat /data/simulation_AncientReads_HQ439467/02-EAGERmapping/ANCIENT.SIM.CONT.RUN-5/3-Mapper/ANCIENT.SIM.CONT.RUN-5_s.fq.truncated.MT.sam > /data/simulation_AncientReads_HQ439467/02-EAGERmapping/ANCIENT.SIM.CONT.RUN-5/3-Mapper/ANCIENT.SIM.CONT.RUN-5_s.fq.truncated.MT.sam.stats 
################
#/bin/sh: warning: setlocale: LC_ALL: cannot change locale (C.UTF-8)
# Runtime of Module was: 0 seconds.
################
#CircularMapperRealignerdefault at 2024-07-03T08:31:29.079 was executed with the following commandline:
realignsamfile -e 500 -i /data/simulation_AncientReads_HQ439467/02-EAGERmapping/ANCIENT.SIM.CONT.RUN-5/3-Mapper/ANCIENT.SIM.CONT.RUN-5_s.fq.truncated.MT.sam -r /data/references/NC_001640_Equus-callabus_mt/NC_001640.1.fna 
################
#/bin/bash: warning: setlocale: LC_ALL: cannot change locale (C.UTF-8)
Picked up _JAVA_OPTIONS: -Dsun.java2d.xrender=false -Xmx256G -Xms8G
DEBUG	2024-07-03 08:31:45	BlockCompressedOutputStream	Using deflater: Deflater
# Runtime of Module was: 17 seconds.
################
#Flagstatdefault at 2024-07-03T08:31:46.095 was executed with the following commandline:
/bin/sh -c samtools flagstat /data/simulation_AncientReads_HQ439467/02-EAGERmapping/ANCIENT.SIM.CONT.RUN-5/3-Mapper/ANCIENT.SIM.CONT.RUN-5_s.fq.truncated.MT_realigned.bam > /data/simulation_AncientReads_HQ439467/02-EAGERmapping/ANCIENT.SIM.CONT.RUN-5/3-Mapper/ANCIENT.SIM.CONT.RUN-5_s.fq.truncated.MT_realigned.bam.stats 
################
#/bin/sh: warning: setlocale: LC_ALL: cannot change locale (C.UTF-8)
# Runtime of Module was: 0 seconds.
################
#SamtoolsViewOnlyMapped at 2024-07-03T08:31:46.148 was executed with the following commandline:
samtools view -@ 4 -F4 -b /data/simulation_AncientReads_HQ439467/02-EAGERmapping/ANCIENT.SIM.CONT.RUN-5/3-Mapper/ANCIENT.SIM.CONT.RUN-5_s.fq.truncated.MT_realigned.bam -o /data/simulation_AncientReads_HQ439467/02-EAGERmapping/ANCIENT.SIM.CONT.RUN-5/4-Samtools/ANCIENT.SIM.CONT.RUN-5_s.fq.truncated.MT_realigned.mappedonly.bam 
################
## Runtime of Module was: 0 seconds.
################
#SamtoolsSortUnfiltered at 2024-07-03T08:31:46.303 was executed with the following commandline:
samtools sort -@ 4 -m 8G /data/simulation_AncientReads_HQ439467/02-EAGERmapping/ANCIENT.SIM.CONT.RUN-5/4-Samtools/ANCIENT.SIM.CONT.RUN-5_s.fq.truncated.MT_realigned.mappedonly.bam -o /data/simulation_AncientReads_HQ439467/02-EAGERmapping/ANCIENT.SIM.CONT.RUN-5/4-Samtools/ANCIENT.SIM.CONT.RUN-5_s.fq.truncated.MT_realigned.mappedonly.sorted.bam 
################
#[bam_sort_core] merging from 0 files and 4 in-memory blocks...
# Runtime of Module was: 0 seconds.
################
#SamtoolsIndexUnfiltered at 2024-07-03T08:31:46.596 was executed with the following commandline:
samtools index /data/simulation_AncientReads_HQ439467/02-EAGERmapping/ANCIENT.SIM.CONT.RUN-5/4-Samtools/ANCIENT.SIM.CONT.RUN-5_s.fq.truncated.MT_realigned.mappedonly.sorted.bam 
################
## Runtime of Module was: 0 seconds.
################
#SamtoolsViewfiltered at 2024-07-03T08:31:46.677 was executed with the following commandline:
samtools view -@ 4 -q 30 -b /data/simulation_AncientReads_HQ439467/02-EAGERmapping/ANCIENT.SIM.CONT.RUN-5/4-Samtools/ANCIENT.SIM.CONT.RUN-5_s.fq.truncated.MT_realigned.mappedonly.sorted.bam -o /data/simulation_AncientReads_HQ439467/02-EAGERmapping/ANCIENT.SIM.CONT.RUN-5/4-Samtools/ANCIENT.SIM.CONT.RUN-5_s.fq.truncated.MT_realigned.mappedonly.sorted.qF.bam 
################
## Runtime of Module was: 0 seconds.
################
#Flagstatfiltered at 2024-07-03T08:31:46.808 was executed with the following commandline:
/bin/sh -c samtools flagstat /data/simulation_AncientReads_HQ439467/02-EAGERmapping/ANCIENT.SIM.CONT.RUN-5/4-Samtools/ANCIENT.SIM.CONT.RUN-5_s.fq.truncated.MT_realigned.mappedonly.sorted.qF.bam > /data/simulation_AncientReads_HQ439467/02-EAGERmapping/ANCIENT.SIM.CONT.RUN-5/4-Samtools/ANCIENT.SIM.CONT.RUN-5_s.fq.truncated.MT_realigned.mappedonly.sorted.qF.bam.qF.stats 
################
#/bin/sh: warning: setlocale: LC_ALL: cannot change locale (C.UTF-8)
# Runtime of Module was: 0 seconds.
################
#SamtoolsSortdefault at 2024-07-03T08:31:46.841 was executed with the following commandline:
samtools sort -@ 4 -m 8G /data/simulation_AncientReads_HQ439467/02-EAGERmapping/ANCIENT.SIM.CONT.RUN-5/4-Samtools/ANCIENT.SIM.CONT.RUN-5_s.fq.truncated.MT_realigned.mappedonly.sorted.qF.bam -o /data/simulation_AncientReads_HQ439467/02-EAGERmapping/ANCIENT.SIM.CONT.RUN-5/4-Samtools/ANCIENT.SIM.CONT.RUN-5_s.fq.truncated.MT_realigned.mappedonly.sorted.qF.sorted.bam 
################
#[bam_sort_core] merging from 0 files and 4 in-memory blocks...
# Runtime of Module was: 0 seconds.
################
#SamtoolsIndexdefault at 2024-07-03T08:31:47.406 was executed with the following commandline:
samtools index /data/simulation_AncientReads_HQ439467/02-EAGERmapping/ANCIENT.SIM.CONT.RUN-5/4-Samtools/ANCIENT.SIM.CONT.RUN-5_s.fq.truncated.MT_realigned.mappedonly.sorted.qF.sorted.bam 
################
## Runtime of Module was: 0 seconds.
################
#CleanSam at 2024-07-03T08:31:47.68 was executed with the following commandline:
picard CleanSam INPUT=/data/simulation_AncientReads_HQ439467/02-EAGERmapping/ANCIENT.SIM.CONT.RUN-5/4-Samtools/ANCIENT.SIM.CONT.RUN-5_s.fq.truncated.MT_realigned.mappedonly.sorted.qF.sorted.bam OUTPUT=/data/simulation_AncientReads_HQ439467/02-EAGERmapping/ANCIENT.SIM.CONT.RUN-5/5-DeDup/ANCIENT.SIM.CONT.RUN-5_s.fq.truncated.MT_realigned.mappedonly.sorted.qF.sorted.cleaned.bam VALIDATION_STRINGENCY=SILENT 
################
#/bin/sh: warning: setlocale: LC_ALL: cannot change locale (C.UTF-8)
Picked up _JAVA_OPTIONS: -Dsun.java2d.xrender=false -Xmx256G -Xms8G
[Wed Jul 03 08:31:48 UTC 2024] picard.sam.CleanSam INPUT=/data/simulation_AncientReads_HQ439467/02-EAGERmapping/ANCIENT.SIM.CONT.RUN-5/4-Samtools/ANCIENT.SIM.CONT.RUN-5_s.fq.truncated.MT_realigned.mappedonly.sorted.qF.sorted.bam OUTPUT=/data/simulation_AncientReads_HQ439467/02-EAGERmapping/ANCIENT.SIM.CONT.RUN-5/5-DeDup/ANCIENT.SIM.CONT.RUN-5_s.fq.truncated.MT_realigned.mappedonly.sorted.qF.sorted.cleaned.bam VALIDATION_STRINGENCY=SILENT    VERBOSITY=INFO QUIET=false COMPRESSION_LEVEL=5 MAX_RECORDS_IN_RAM=500000 CREATE_INDEX=false CREATE_MD5_FILE=false GA4GH_CLIENT_SECRETS=client_secrets.json
[Wed Jul 03 08:31:48 UTC 2024] Executing as haeusler@thor on Linux 5.15.0-112-generic amd64; Java HotSpot(TM) 64-Bit Server VM 1.8.0_144-b01; Picard version: 2.9.2-SNAPSHOT
[Wed Jul 03 08:31:48 UTC 2024] picard.sam.CleanSam done. Elapsed time: 0.00 minutes.
Runtime.totalMemory()=8232370176
# Runtime of Module was: 1 seconds.
################
#DeDup at 2024-07-03T08:31:48.707 was executed with the following commandline:
dedup -i /data/simulation_AncientReads_HQ439467/02-EAGERmapping/ANCIENT.SIM.CONT.RUN-5/5-DeDup/ANCIENT.SIM.CONT.RUN-5_s.fq.truncated.MT_realigned.mappedonly.sorted.qF.sorted.cleaned.bam -m -o /data/simulation_AncientReads_HQ439467/02-EAGERmapping/ANCIENT.SIM.CONT.RUN-5/5-DeDup 
################
#/bin/bash: warning: setlocale: LC_ALL: cannot change locale (C.UTF-8)
Picked up JAVA_TOOL_OPTIONS: -Djava.io.tmpdir=/data/simulation_AncientReads_HQ439467/02-EAGERmapping/ANCIENT.SIM.CONT.RUN-5/5-DeDup/.tmp
Picked up _JAVA_OPTIONS: -Dsun.java2d.xrender=false -Xmx256G -Xms8G
DeDup v0.12.1
# Runtime of Module was: 1 seconds.
################
#SamtoolsSortDeDup at 2024-07-03T08:31:50.283 was executed with the following commandline:
samtools sort -@ 4 -m 8G /data/simulation_AncientReads_HQ439467/02-EAGERmapping/ANCIENT.SIM.CONT.RUN-5/5-DeDup/ANCIENT.SIM.CONT.RUN-5_s.fq.truncated.MT_realigned.mappedonly.sorted.qF.sorted.cleaned_rmdup.bam -o /data/simulation_AncientReads_HQ439467/02-EAGERmapping/ANCIENT.SIM.CONT.RUN-5/5-DeDup/ANCIENT.SIM.CONT.RUN-5_s.fq.truncated.MT_realigned.mappedonly.sorted.qF.sorted.cleaned_rmdup.sorted.bam 
################
#[bam_sort_core] merging from 0 files and 4 in-memory blocks...
# Runtime of Module was: 0 seconds.
################
#SamtoolsIndexDedup at 2024-07-03T08:31:50.524 was executed with the following commandline:
samtools index /data/simulation_AncientReads_HQ439467/02-EAGERmapping/ANCIENT.SIM.CONT.RUN-5/5-DeDup/ANCIENT.SIM.CONT.RUN-5_s.fq.truncated.MT_realigned.mappedonly.sorted.qF.sorted.cleaned_rmdup.sorted.bam 
################
## Runtime of Module was: 0 seconds.
################
#QualiMapDefault at 2024-07-03T08:31:50.591 was executed with the following commandline:
qualimap bamqc -bam /data/simulation_AncientReads_HQ439467/02-EAGERmapping/ANCIENT.SIM.CONT.RUN-5/5-DeDup/ANCIENT.SIM.CONT.RUN-5_s.fq.truncated.MT_realigned.mappedonly.sorted.qF.sorted.cleaned_rmdup.sorted.bam -nt 4 -outdir /data/simulation_AncientReads_HQ439467/02-EAGERmapping/ANCIENT.SIM.CONT.RUN-5/6-QualiMap/ANCIENT.SIM.CONT.RUN-5_s.fq.truncated.MT_realigned.mappedonly.sorted.qF.sorted.cleaned_rmdup.sorted -outformat HTML --java-mem-size=32G 
################
#/bin/bash: warning: setlocale: LC_ALL: cannot change locale (C.UTF-8)
Java HotSpot(TM) 64-Bit Server VM warning: ignoring option MaxPermSize=1024m; support was removed in 8.0
Picked up _JAVA_OPTIONS: -Dsun.java2d.xrender=false -Xmx256G -Xms8G
# Runtime of Module was: 3 seconds.
################
#DamageProfiler at 2024-07-03T08:31:54.398 was executed with the following commandline:
damageprofiler -i /data/simulation_AncientReads_HQ439467/02-EAGERmapping/ANCIENT.SIM.CONT.RUN-5/5-DeDup/ANCIENT.SIM.CONT.RUN-5_s.fq.truncated.MT_realigned.mappedonly.sorted.qF.sorted.cleaned_rmdup.sorted.bam -r /data/references/NC_001640_Equus-callabus_mt/NC_001640.1.fna -l 100 -o /data/simulation_AncientReads_HQ439467/02-EAGERmapping/ANCIENT.SIM.CONT.RUN-5/7-DnaDamage/ANCIENT.SIM.CONT.RUN-5_s.fq.truncated.MT_realigned.mappedonly.sorted.qF.sorted.cleaned_rmdup.sorted -t 25  
################
#/bin/bash: warning: setlocale: LC_ALL: cannot change locale (C.UTF-8)
Picked up _JAVA_OPTIONS: -Dsun.java2d.xrender=false -Xmx256G -Xms8G
# Runtime of Module was: 6 seconds.
# EAGER Version used for this run: 1.92.56
################
#GATKRealignerTargetCreator at 2024-07-03T08:32:01.09 was executed with the following commandline:
gatk -T RealignerTargetCreator -R /data/references/NC_001640_Equus-callabus_mt/NC_001640.1.fna -I /data/simulation_AncientReads_HQ439467/02-EAGERmapping/ANCIENT.SIM.CONT.RUN-5/5-DeDup/ANCIENT.SIM.CONT.RUN-5_s.fq.truncated.MT_realigned.mappedonly.sorted.qF.sorted.cleaned_rmdup.sorted.bam -nt 4 -o /data/simulation_AncientReads_HQ439467/02-EAGERmapping/ANCIENT.SIM.CONT.RUN-5/9-GATKBasics/ANCIENT.SIM.CONT.RUN-5_s.fq.truncated.MT_realigned.mappedonly.sorted.qF.sorted.cleaned_rmdup.sorted.intervals 
################
#/bin/bash: warning: setlocale: LC_ALL: cannot change locale (C.UTF-8)
Picked up JAVA_TOOL_OPTIONS: -Djava.io.tmpdir=/data/simulation_AncientReads_HQ439467/02-EAGERmapping/ANCIENT.SIM.CONT.RUN-5/9-GATKBasics/.tmp
Picked up _JAVA_OPTIONS: -Dsun.java2d.xrender=false -Xmx256G -Xms8G
INFO  08:32:05,147 HelpFormatter - ---------------------------------------------------------------------------------- 
INFO  08:32:05,149 HelpFormatter - The Genome Analysis Toolkit (GATK) v3.8-0-ge9d806836, Compiled 2017/07/28 21:26:50 
INFO  08:32:05,149 HelpFormatter - Copyright (c) 2010-2016 The Broad Institute 
INFO  08:32:05,149 HelpFormatter - For support and documentation go to https://software.broadinstitute.org/gatk 
INFO  08:32:05,150 HelpFormatter - [Wed Jul 03 08:32:05 UTC 2024] Executing on Linux 5.15.0-112-generic amd64 
INFO  08:32:05,150 HelpFormatter - Java HotSpot(TM) 64-Bit Server VM 1.8.0_144-b01 
INFO  08:32:05,153 HelpFormatter - Program Args: -T RealignerTargetCreator -R /data/references/NC_001640_Equus-callabus_mt/NC_001640.1.fna -I /data/simulation_AncientReads_HQ439467/02-EAGERmapping/ANCIENT.SIM.CONT.RUN-5/5-DeDup/ANCIENT.SIM.CONT.RUN-5_s.fq.truncated.MT_realigned.mappedonly.sorted.qF.sorted.cleaned_rmdup.sorted.bam -nt 4 -o /data/simulation_AncientReads_HQ439467/02-EAGERmapping/ANCIENT.SIM.CONT.RUN-5/9-GATKBasics/ANCIENT.SIM.CONT.RUN-5_s.fq.truncated.MT_realigned.mappedonly.sorted.qF.sorted.cleaned_rmdup.sorted.intervals 
INFO  08:32:05,156 HelpFormatter - Executing as haeusler@thor on Linux 5.15.0-112-generic amd64; Java HotSpot(TM) 64-Bit Server VM 1.8.0_144-b01. 
INFO  08:32:05,156 HelpFormatter - Date/Time: 2024/07/03 08:32:05 
INFO  08:32:05,156 HelpFormatter - ---------------------------------------------------------------------------------- 
INFO  08:32:05,156 HelpFormatter - ---------------------------------------------------------------------------------- 
ERROR StatusLogger Unable to create class org.apache.logging.log4j.core.impl.Log4jContextFactory specified in jar:file:/opt/gatk/GenomeAnalysisTK.jar!/META-INF/log4j-provider.properties
ERROR StatusLogger Log4j2 could not find a logging implementation. Please add log4j-core to the classpath. Using SimpleLogger to log to the console...
INFO  08:32:05,292 GenomeAnalysisEngine - Deflater: IntelDeflater 
INFO  08:32:05,293 GenomeAnalysisEngine - Inflater: IntelInflater 
INFO  08:32:05,293 GenomeAnalysisEngine - Strictness is SILENT 
INFO  08:32:05,380 GenomeAnalysisEngine - Downsampling Settings: Method: BY_SAMPLE, Target Coverage: 1000 
INFO  08:32:05,386 SAMDataSource$SAMReaders - Initializing SAMRecords in serial 
INFO  08:32:05,405 SAMDataSource$SAMReaders - Done initializing BAM readers: total time 0.02 
INFO  08:32:05,425 MicroScheduler - Running the GATK in parallel mode with 4 total threads, 1 CPU thread(s) for each of 4 data thread(s), of 64 processors available on this machine 
INFO  08:32:05,487 GenomeAnalysisEngine - Preparing for traversal over 1 BAM files 
INFO  08:32:05,499 GenomeAnalysisEngine - Done preparing for traversal 
INFO  08:32:05,499 ProgressMeter - [INITIALIZATION COMPLETE; STARTING PROCESSING] 
INFO  08:32:05,499 ProgressMeter -                 | processed |    time |    per 1M |           |   total | remaining 
INFO  08:32:05,499 ProgressMeter -        Location |     sites | elapsed |     sites | completed | runtime |   runtime 
INFO  08:32:05,504 SAMDataSource$SAMReaders - Initializing SAMRecords in serial 
INFO  08:32:05,507 SAMDataSource$SAMReaders - Done initializing BAM readers: total time 0.00 
INFO  08:32:06,003 ProgressMeter -            done     16660.0     0.0 s      30.0 s       99.5%     0.0 s       0.0 s 
INFO  08:32:06,004 ProgressMeter - Total runtime 0.50 secs, 0.01 min, 0.00 hours 
INFO  08:32:06,008 MicroScheduler - 0 reads were filtered out during the traversal out of approximately 15526 total reads (0.00%) 
INFO  08:32:06,009 MicroScheduler -   -> 0 reads (0.00% of total) failing BadCigarFilter 
INFO  08:32:06,009 MicroScheduler -   -> 0 reads (0.00% of total) failing BadMateFilter 
INFO  08:32:06,010 MicroScheduler -   -> 0 reads (0.00% of total) failing DuplicateReadFilter 
INFO  08:32:06,010 MicroScheduler -   -> 0 reads (0.00% of total) failing FailsVendorQualityCheckFilter 
INFO  08:32:06,010 MicroScheduler -   -> 0 reads (0.00% of total) failing MalformedReadFilter 
INFO  08:32:06,011 MicroScheduler -   -> 0 reads (0.00% of total) failing MappingQualityUnavailableFilter 
INFO  08:32:06,011 MicroScheduler -   -> 0 reads (0.00% of total) failing MappingQualityZeroFilter 
INFO  08:32:06,011 MicroScheduler -   -> 0 reads (0.00% of total) failing NotPrimaryAlignmentFilter 
INFO  08:32:06,012 MicroScheduler -   -> 0 reads (0.00% of total) failing Platform454Filter 
INFO  08:32:06,012 MicroScheduler -   -> 0 reads (0.00% of total) failing UnmappedReadFilter 
------------------------------------------------------------------------------------------
Done. ------------------------------------------------------------------------------------------
# Runtime of Module was: 5 seconds.
################
#GATKIndelRealigner at 2024-07-03T08:32:06.199 was executed with the following commandline:
gatk -T IndelRealigner -R /data/references/NC_001640_Equus-callabus_mt/NC_001640.1.fna -I /data/simulation_AncientReads_HQ439467/02-EAGERmapping/ANCIENT.SIM.CONT.RUN-5/5-DeDup/ANCIENT.SIM.CONT.RUN-5_s.fq.truncated.MT_realigned.mappedonly.sorted.qF.sorted.cleaned_rmdup.sorted.bam -targetIntervals /data/simulation_AncientReads_HQ439467/02-EAGERmapping/ANCIENT.SIM.CONT.RUN-5/9-GATKBasics/ANCIENT.SIM.CONT.RUN-5_s.fq.truncated.MT_realigned.mappedonly.sorted.qF.sorted.cleaned_rmdup.sorted.intervals -o /data/simulation_AncientReads_HQ439467/02-EAGERmapping/ANCIENT.SIM.CONT.RUN-5/9-GATKBasics/ANCIENT.SIM.CONT.RUN-5_s.fq.truncated.MT_realigned.mappedonly.sorted.qF.sorted.cleaned_rmdup.sorted.real.bam 
################
#/bin/bash: warning: setlocale: LC_ALL: cannot change locale (C.UTF-8)
Picked up JAVA_TOOL_OPTIONS: -Djava.io.tmpdir=/data/simulation_AncientReads_HQ439467/02-EAGERmapping/ANCIENT.SIM.CONT.RUN-5/9-GATKBasics/.tmp
Picked up _JAVA_OPTIONS: -Dsun.java2d.xrender=false -Xmx256G -Xms8G
INFO  08:32:11,643 HelpFormatter - ---------------------------------------------------------------------------------- 
INFO  08:32:11,645 HelpFormatter - The Genome Analysis Toolkit (GATK) v3.8-0-ge9d806836, Compiled 2017/07/28 21:26:50 
INFO  08:32:11,645 HelpFormatter - Copyright (c) 2010-2016 The Broad Institute 
INFO  08:32:11,646 HelpFormatter - For support and documentation go to https://software.broadinstitute.org/gatk 
INFO  08:32:11,646 HelpFormatter - [Wed Jul 03 08:32:11 UTC 2024] Executing on Linux 5.15.0-112-generic amd64 
INFO  08:32:11,646 HelpFormatter - Java HotSpot(TM) 64-Bit Server VM 1.8.0_144-b01 
INFO  08:32:11,649 HelpFormatter - Program Args: -T IndelRealigner -R /data/references/NC_001640_Equus-callabus_mt/NC_001640.1.fna -I /data/simulation_AncientReads_HQ439467/02-EAGERmapping/ANCIENT.SIM.CONT.RUN-5/5-DeDup/ANCIENT.SIM.CONT.RUN-5_s.fq.truncated.MT_realigned.mappedonly.sorted.qF.sorted.cleaned_rmdup.sorted.bam -targetIntervals /data/simulation_AncientReads_HQ439467/02-EAGERmapping/ANCIENT.SIM.CONT.RUN-5/9-GATKBasics/ANCIENT.SIM.CONT.RUN-5_s.fq.truncated.MT_realigned.mappedonly.sorted.qF.sorted.cleaned_rmdup.sorted.intervals -o /data/simulation_AncientReads_HQ439467/02-EAGERmapping/ANCIENT.SIM.CONT.RUN-5/9-GATKBasics/ANCIENT.SIM.CONT.RUN-5_s.fq.truncated.MT_realigned.mappedonly.sorted.qF.sorted.cleaned_rmdup.sorted.real.bam 
INFO  08:32:11,651 HelpFormatter - Executing as haeusler@thor on Linux 5.15.0-112-generic amd64; Java HotSpot(TM) 64-Bit Server VM 1.8.0_144-b01. 
INFO  08:32:11,652 HelpFormatter - Date/Time: 2024/07/03 08:32:11 
INFO  08:32:11,652 HelpFormatter - ---------------------------------------------------------------------------------- 
INFO  08:32:11,652 HelpFormatter - ---------------------------------------------------------------------------------- 
ERROR StatusLogger Unable to create class org.apache.logging.log4j.core.impl.Log4jContextFactory specified in jar:file:/opt/gatk/GenomeAnalysisTK.jar!/META-INF/log4j-provider.properties
ERROR StatusLogger Log4j2 could not find a logging implementation. Please add log4j-core to the classpath. Using SimpleLogger to log to the console...
INFO  08:32:11,828 GenomeAnalysisEngine - Deflater: IntelDeflater 
INFO  08:32:11,828 GenomeAnalysisEngine - Inflater: IntelInflater 
INFO  08:32:11,829 GenomeAnalysisEngine - Strictness is SILENT 
INFO  08:32:11,890 GenomeAnalysisEngine - Downsampling Settings: No downsampling 
INFO  08:32:11,895 SAMDataSource$SAMReaders - Initializing SAMRecords in serial 
INFO  08:32:11,913 SAMDataSource$SAMReaders - Done initializing BAM readers: total time 0.02 
INFO  08:32:11,981 GenomeAnalysisEngine - Preparing for traversal over 1 BAM files 
INFO  08:32:11,985 GenomeAnalysisEngine - Done preparing for traversal 
INFO  08:32:11,985 ProgressMeter - [INITIALIZATION COMPLETE; STARTING PROCESSING] 
INFO  08:32:11,985 ProgressMeter -                 | processed |    time |    per 1M |           |   total | remaining 
INFO  08:32:11,986 ProgressMeter -        Location |     reads | elapsed |     reads | completed | runtime |   runtime 
INFO  08:32:11,993 ReadShardBalancer$1 - Loading BAM index data 
INFO  08:32:11,994 ReadShardBalancer$1 - Done loading BAM index data 
INFO  08:32:12,470 ProgressMeter -            done     15511.0     0.0 s      31.0 s       99.9%     0.0 s       0.0 s 
INFO  08:32:12,471 ProgressMeter - Total runtime 0.49 secs, 0.01 min, 0.00 hours 
INFO  08:32:12,473 MicroScheduler - 0 reads were filtered out during the traversal out of approximately 15511 total reads (0.00%) 
INFO  08:32:12,474 MicroScheduler -   -> 0 reads (0.00% of total) failing BadCigarFilter 
INFO  08:32:12,474 MicroScheduler -   -> 0 reads (0.00% of total) failing MalformedReadFilter 
------------------------------------------------------------------------------------------
Done. ------------------------------------------------------------------------------------------
# Runtime of Module was: 6 seconds.
################
#GATKUnifiedGenotyperEMIT ALL POSITIONS, NO DBSNP at 2024-07-03T08:32:12.584 was executed with the following commandline:
gatk -T UnifiedGenotyper -R /data/references/NC_001640_Equus-callabus_mt/NC_001640.1.fna -I /data/simulation_AncientReads_HQ439467/02-EAGERmapping/ANCIENT.SIM.CONT.RUN-5/9-GATKBasics/ANCIENT.SIM.CONT.RUN-5_s.fq.truncated.MT_realigned.mappedonly.sorted.qF.sorted.cleaned_rmdup.sorted.real.bam -o /data/simulation_AncientReads_HQ439467/02-EAGERmapping/ANCIENT.SIM.CONT.RUN-5/10-GATKGenotyper/ANCIENT.SIM.CONT.RUN-5_s.fq.truncated.MT_realigned.mappedonly.sorted.qF.sorted.cleaned_rmdup.sorted.real.unifiedgenotyper.vcf -nt 4 -stand_call_conf 30 --sample_ploidy 2 -dcov 250 --output_mode EMIT_ALL_SITES  
################
#/bin/bash: warning: setlocale: LC_ALL: cannot change locale (C.UTF-8)
Picked up JAVA_TOOL_OPTIONS: -Djava.io.tmpdir=/data/simulation_AncientReads_HQ439467/02-EAGERmapping/ANCIENT.SIM.CONT.RUN-5/10-GATKGenotyper/.tmp
Picked up _JAVA_OPTIONS: -Dsun.java2d.xrender=false -Xmx256G -Xms8G
INFO  08:32:16,244 HelpFormatter - ---------------------------------------------------------------------------------- 
INFO  08:32:16,246 HelpFormatter - The Genome Analysis Toolkit (GATK) v3.8-0-ge9d806836, Compiled 2017/07/28 21:26:50 
INFO  08:32:16,246 HelpFormatter - Copyright (c) 2010-2016 The Broad Institute 
INFO  08:32:16,246 HelpFormatter - For support and documentation go to https://software.broadinstitute.org/gatk 
INFO  08:32:16,247 HelpFormatter - [Wed Jul 03 08:32:16 UTC 2024] Executing on Linux 5.15.0-112-generic amd64 
INFO  08:32:16,247 HelpFormatter - Java HotSpot(TM) 64-Bit Server VM 1.8.0_144-b01 
INFO  08:32:16,249 HelpFormatter - Program Args: -T UnifiedGenotyper -R /data/references/NC_001640_Equus-callabus_mt/NC_001640.1.fna -I /data/simulation_AncientReads_HQ439467/02-EAGERmapping/ANCIENT.SIM.CONT.RUN-5/9-GATKBasics/ANCIENT.SIM.CONT.RUN-5_s.fq.truncated.MT_realigned.mappedonly.sorted.qF.sorted.cleaned_rmdup.sorted.real.bam -o /data/simulation_AncientReads_HQ439467/02-EAGERmapping/ANCIENT.SIM.CONT.RUN-5/10-GATKGenotyper/ANCIENT.SIM.CONT.RUN-5_s.fq.truncated.MT_realigned.mappedonly.sorted.qF.sorted.cleaned_rmdup.sorted.real.unifiedgenotyper.vcf -nt 4 -stand_call_conf 30 --sample_ploidy 2 -dcov 250 --output_mode EMIT_ALL_SITES 
INFO  08:32:16,252 HelpFormatter - Executing as haeusler@thor on Linux 5.15.0-112-generic amd64; Java HotSpot(TM) 64-Bit Server VM 1.8.0_144-b01. 
INFO  08:32:16,252 HelpFormatter - Date/Time: 2024/07/03 08:32:16 
INFO  08:32:16,252 HelpFormatter - ---------------------------------------------------------------------------------- 
INFO  08:32:16,253 HelpFormatter - ---------------------------------------------------------------------------------- 
ERROR StatusLogger Unable to create class org.apache.logging.log4j.core.impl.Log4jContextFactory specified in jar:file:/opt/gatk/GenomeAnalysisTK.jar!/META-INF/log4j-provider.properties
ERROR StatusLogger Log4j2 could not find a logging implementation. Please add log4j-core to the classpath. Using SimpleLogger to log to the console...
INFO  08:32:16,377 GenomeAnalysisEngine - Deflater: IntelDeflater 
INFO  08:32:16,378 GenomeAnalysisEngine - Inflater: IntelInflater 
INFO  08:32:16,378 GenomeAnalysisEngine - Strictness is SILENT 
INFO  08:32:16,463 GenomeAnalysisEngine - Downsampling Settings: Method: BY_SAMPLE, Target Coverage: 250 
INFO  08:32:16,469 SAMDataSource$SAMReaders - Initializing SAMRecords in serial 
INFO  08:32:16,487 SAMDataSource$SAMReaders - Done initializing BAM readers: total time 0.02 
INFO  08:32:16,504 MicroScheduler - Running the GATK in parallel mode with 4 total threads, 1 CPU thread(s) for each of 4 data thread(s), of 64 processors available on this machine 
INFO  08:32:16,555 GenomeAnalysisEngine - Preparing for traversal over 1 BAM files 
INFO  08:32:16,566 GenomeAnalysisEngine - Done preparing for traversal 
INFO  08:32:16,566 ProgressMeter - [INITIALIZATION COMPLETE; STARTING PROCESSING] 
INFO  08:32:16,566 ProgressMeter -                 | processed |    time |    per 1M |           |   total | remaining 
INFO  08:32:16,567 ProgressMeter -        Location |     sites | elapsed |     sites | completed | runtime |   runtime 
INFO  08:32:16,605 StrandBiasTest - SAM/BAM data was found. Attempting to use read data to calculate strand bias annotations values. 
WARN  08:32:16,605 InbreedingCoeff - Annotation will not be calculated. InbreedingCoeff requires at least 10 unrelated samples. 
INFO  08:32:16,606 StrandBiasTest - SAM/BAM data was found. Attempting to use read data to calculate strand bias annotations values. 
INFO  08:32:16,657 SAMDataSource$SAMReaders - Initializing SAMRecords in serial 
INFO  08:32:16,661 SAMDataSource$SAMReaders - Done initializing BAM readers: total time 0.00 
INFO  08:32:20,063 ProgressMeter -            done     16660.0     3.0 s       3.5 m       99.5%     3.0 s       0.0 s 
INFO  08:32:20,063 ProgressMeter - Total runtime 3.50 secs, 0.06 min, 0.00 hours 
INFO  08:32:20,064 MicroScheduler - 0 reads were filtered out during the traversal out of approximately 15526 total reads (0.00%) 
INFO  08:32:20,064 MicroScheduler -   -> 0 reads (0.00% of total) failing BadCigarFilter 
INFO  08:32:20,064 MicroScheduler -   -> 0 reads (0.00% of total) failing BadMateFilter 
INFO  08:32:20,064 MicroScheduler -   -> 0 reads (0.00% of total) failing DuplicateReadFilter 
INFO  08:32:20,065 MicroScheduler -   -> 0 reads (0.00% of total) failing FailsVendorQualityCheckFilter 
INFO  08:32:20,065 MicroScheduler -   -> 0 reads (0.00% of total) failing MalformedReadFilter 
INFO  08:32:20,065 MicroScheduler -   -> 0 reads (0.00% of total) failing MappingQualityUnavailableFilter 
INFO  08:32:20,065 MicroScheduler -   -> 0 reads (0.00% of total) failing NotPrimaryAlignmentFilter 
INFO  08:32:20,065 MicroScheduler -   -> 0 reads (0.00% of total) failing UnmappedReadFilter 
------------------------------------------------------------------------------------------
Done. ------------------------------------------------------------------------------------------
# Runtime of Module was: 7 seconds.
################
#BGZip at 2024-07-03T08:32:20.57 was executed with the following commandline:
bgzip -f /data/simulation_AncientReads_HQ439467/02-EAGERmapping/ANCIENT.SIM.CONT.RUN-5/10-GATKGenotyper/ANCIENT.SIM.CONT.RUN-5_s.fq.truncated.MT_realigned.mappedonly.sorted.qF.sorted.cleaned_rmdup.sorted.real.unifiedgenotyper.vcf 
################
## Runtime of Module was: 0 seconds.
################
#Tabix at 2024-07-03T08:32:21.006 was executed with the following commandline:
tabix -p vcf /data/simulation_AncientReads_HQ439467/02-EAGERmapping/ANCIENT.SIM.CONT.RUN-5/10-GATKGenotyper/ANCIENT.SIM.CONT.RUN-5_s.fq.truncated.MT_realigned.mappedonly.sorted.qF.sorted.cleaned_rmdup.sorted.real.unifiedgenotyper.vcf.gz 
################
## Runtime of Module was: 0 seconds.
################
#CleanUpRedundantData at 2024-07-03T08:32:21.242 was executed with the following commandline:
/bin/sh -c rm /data/simulation_AncientReads_HQ439467/02-EAGERmapping/ANCIENT.SIM.CONT.RUN-5/3-Mapper/*.sam; rm /data/simulation_AncientReads_HQ439467/02-EAGERmapping/ANCIENT.SIM.CONT.RUN-5/3-Mapper/*.sai; rm /data/simulation_AncientReads_HQ439467/02-EAGERmapping/ANCIENT.SIM.CONT.RUN-5/4-Samtools/ANCIENT.SIM.CONT.RUN-5_s.fq.truncated.MT_realigned.mappedonly.bam ; rm /data/simulation_AncientReads_HQ439467/02-EAGERmapping/ANCIENT.SIM.CONT.RUN-5/4-Samtools/ANCIENT.SIM.CONT.RUN-5_s.fq.truncated.MT_realigned.mappedonly.sorted.qF.bam ; rm /data/simulation_AncientReads_HQ439467/02-EAGERmapping/ANCIENT.SIM.CONT.RUN-5/4-Samtools/ANCIENT.SIM.CONT.RUN-5_s.fq.truncated.MT_realigned.mappedonly.sorted.qF.sorted.bam.bai; rm /data/simulation_AncientReads_HQ439467/02-EAGERmapping/ANCIENT.SIM.CONT.RUN-5/4-Samtools/ANCIENT.SIM.CONT.RUN-5_s.fq.truncated.MT_realigned.mappedonly.sorted.qF.sorted.bam ; rm /data/simulation_AncientReads_HQ439467/02-EAGERmapping/ANCIENT.SIM.CONT.RUN-5/5-DeDup/ANCIENT.SIM.CONT.RUN-5_s.fq.truncated.MT_realigned.mappedonly.sorted.qF.sorted.cleaned_rmdup.bam;  
################
#/bin/sh: warning: setlocale: LC_ALL: cannot change locale (C.UTF-8)
# Runtime of Module was: 0 seconds.
################
#ReportGenerator at 2024-07-03T08:32:21.275 was executed with the following commandline:
ReportTable /data/simulation_AncientReads_HQ439467/02-EAGERmapping/Report_02-EAGERmapping.csv /data/simulation_AncientReads_HQ439467/02-EAGERmapping 
################
#/bin/bash: warning: setlocale: LC_ALL: cannot change locale (C.UTF-8)
Picked up _JAVA_OPTIONS: -Dsun.java2d.xrender=false -Xmx256G -Xms8G
# Runtime of Module was: 1 seconds.
