# EAGER Version used for this run: 1.92.56
################
#CreateResultsDirectories at 2024-07-03T08:45:50.275 was executed with the following commandline:
mkdir -p /data/analysis_SimulatedAncientReads_HQ439467/01-EAGERmapping/ANCIENT.SIM.CONT.COV-7.5.RUN-3/0-FastQC/.tmp /data/analysis_SimulatedAncientReads_HQ439467/01-EAGERmapping/ANCIENT.SIM.CONT.COV-7.5.RUN-3/1-AdapClip/.tmp /data/analysis_SimulatedAncientReads_HQ439467/01-EAGERmapping/ANCIENT.SIM.CONT.COV-7.5.RUN-3/3-Mapper/.tmp /data/analysis_SimulatedAncientReads_HQ439467/01-EAGERmapping/ANCIENT.SIM.CONT.COV-7.5.RUN-3/4-Samtools/.tmp /data/analysis_SimulatedAncientReads_HQ439467/01-EAGERmapping/ANCIENT.SIM.CONT.COV-7.5.RUN-3/5-DeDup/.tmp /data/analysis_SimulatedAncientReads_HQ439467/01-EAGERmapping/ANCIENT.SIM.CONT.COV-7.5.RUN-3/6-QualiMap/.tmp /data/analysis_SimulatedAncientReads_HQ439467/01-EAGERmapping/ANCIENT.SIM.CONT.COV-7.5.RUN-3/7-DnaDamage/.tmp /data/analysis_SimulatedAncientReads_HQ439467/01-EAGERmapping/ANCIENT.SIM.CONT.COV-7.5.RUN-3/9-GATKBasics/.tmp /data/analysis_SimulatedAncientReads_HQ439467/01-EAGERmapping/ANCIENT.SIM.CONT.COV-7.5.RUN-3/10-GATKGenotyper/.tmp 
################
## Runtime of Module was: 0 seconds.
################
#FastQCdefault at 2024-07-03T08:45:50.287 was executed with the following commandline:
fastqc -o /data/analysis_SimulatedAncientReads_HQ439467/01-EAGERmapping/ANCIENT.SIM.CONT.COV-7.5.RUN-3/0-FastQC --extract  -f fastq /data/simulation_AncientReads_HQ439467/03-Downsampling/ANCIENT.SIM.CONT.COV-7.5.RUN-3.fq 
################
#perl: warning: Setting locale failed.
perl: warning: Please check that your locale settings:
	LANGUAGE = "de_DE:en",
	LC_ALL = "C.UTF-8",
	LC_MEASUREMENT = "de_DE.UTF-8",
	LC_TELEPHONE = "de_DE.UTF-8",
	LC_TIME = "de_DE.UTF-8",
	LC_PAPER = "de_DE.UTF-8",
	LC_ADDRESS = "de_DE.UTF-8",
	LC_IDENTIFICATION = "de_DE.UTF-8",
	LC_MONETARY = "de_DE.UTF-8",
	LC_NAME = "de_DE.UTF-8",
	LC_NUMERIC = "de_DE.UTF-8",
	LANG = "de_DE.UTF-8"
    are supported and installed on your system.
perl: warning: Falling back to the standard locale ("C").
Picked up JAVA_TOOL_OPTIONS: -Djava.io.tmpdir=/data/analysis_SimulatedAncientReads_HQ439467/01-EAGERmapping/ANCIENT.SIM.CONT.COV-7.5.RUN-3/0-FastQC/.tmp
Picked up _JAVA_OPTIONS: -Dsun.java2d.xrender=false -Xmx256G -Xms8G
Skipping '' which didn't exist, or couldn't be read
Started analysis of ANCIENT.SIM.CONT.COV-7.5.RUN-3.fq
Approx 25% complete for ANCIENT.SIM.CONT.COV-7.5.RUN-3.fq
Approx 50% complete for ANCIENT.SIM.CONT.COV-7.5.RUN-3.fq
Approx 75% complete for ANCIENT.SIM.CONT.COV-7.5.RUN-3.fq
# Runtime of Module was: 4 seconds.
################
#AdapterRemovalsingleendedonly at 2024-07-03T08:45:54.773 was executed with the following commandline:
AdapterRemoval --file1 /data/simulation_AncientReads_HQ439467/03-Downsampling/ANCIENT.SIM.CONT.COV-7.5.RUN-3.fq --basename /data/analysis_SimulatedAncientReads_HQ439467/01-EAGERmapping/ANCIENT.SIM.CONT.COV-7.5.RUN-3/1-AdapClip/ANCIENT.SIM.CONT.COV-7.5.RUN-3 --gzip --threads 4 --trimns --trimqualities --adapter1 AGATCGGAAGAGCACACGTCTGAACTCCAGTCAC --adapter2 AGATCGGAAGAGCGTCGTGTAGGGAAAGAGTGTA --minlength 30 --minquality 20 --minadapteroverlap 1 
################
#Trimming single ended reads ...
Opening FASTQ file '/data/simulation_AncientReads_HQ439467/03-Downsampling/ANCIENT.SIM.CONT.COV-7.5.RUN-3.fq'

Processed a total of 3,890 reads in 0.1s; 58,000 reads per second on average ...
# Runtime of Module was: 0 seconds.
################
#TrackFastQ at 2024-07-03T08:45:54.847 was executed with the following commandline:
/bin/sh -c echo 'all' > /data/analysis_SimulatedAncientReads_HQ439467/01-EAGERmapping/ANCIENT.SIM.CONT.COV-7.5.RUN-3/1-AdapClip//track_fastq.log 
################
#/bin/sh: warning: setlocale: LC_ALL: cannot change locale (C.UTF-8)
# Runtime of Module was: 0 seconds.
# EAGER Version used for this run: 1.92.56
################
#CircularMapperGenerator at 2024-07-03T08:45:54.856 was executed with the following commandline:
circulargenerator -e 500 -i /data/references/NC_001640_Equus-callabus_mt/NC_001640.1.fna -s NC_001640.1 
################
## The Module CircularMapperGenerator has already been run! (i.e the command above was NOT executed)################
#BWAAlign at 2024-07-03T08:45:54.856 was executed with the following commandline:
bwa aln -t 4 /data/references/NC_001640_Equus-callabus_mt/NC_001640.1_500.fna /data/analysis_SimulatedAncientReads_HQ439467/01-EAGERmapping/ANCIENT.SIM.CONT.COV-7.5.RUN-3/1-AdapClip/ANCIENT.SIM.CONT.COV-7.5.RUN-3.truncated.gz -n 0.01 -l 16500  -f /data/analysis_SimulatedAncientReads_HQ439467/01-EAGERmapping/ANCIENT.SIM.CONT.COV-7.5.RUN-3/3-Mapper/ANCIENT.SIM.CONT.COV-7.5.RUN-3.truncated.MT.sai 
################
#[bwa_aln] 17bp reads: max_diff = 2
[bwa_aln] 22bp reads: max_diff = 3
[bwa_aln] 42bp reads: max_diff = 4
[bwa_aln] 64bp reads: max_diff = 5
[bwa_aln] 90bp reads: max_diff = 6
[bwa_aln] 117bp reads: max_diff = 7
[bwa_aln] 146bp reads: max_diff = 8
[bwa_aln] 176bp reads: max_diff = 9
[bwa_aln] 207bp reads: max_diff = 10
[bwa_aln] 239bp reads: max_diff = 11
[bwa_aln_core] calculate SA coordinate... 0.11 sec
[bwa_aln_core] write to the disk... 0.00 sec
[bwa_aln_core] 3695 sequences have been processed.
[main] Version: 0.7.17-r1188
[main] CMD: bwa aln -t 4 -n 0.01 -l 16500 -f /data/analysis_SimulatedAncientReads_HQ439467/01-EAGERmapping/ANCIENT.SIM.CONT.COV-7.5.RUN-3/3-Mapper/ANCIENT.SIM.CONT.COV-7.5.RUN-3.truncated.MT.sai /data/references/NC_001640_Equus-callabus_mt/NC_001640.1_500.fna /data/analysis_SimulatedAncientReads_HQ439467/01-EAGERmapping/ANCIENT.SIM.CONT.COV-7.5.RUN-3/1-AdapClip/ANCIENT.SIM.CONT.COV-7.5.RUN-3.truncated.gz 
[main] Real time: 0.295 sec; CPU: 0.121 sec
# Runtime of Module was: 0 seconds.
################
#BWASamse at 2024-07-03T08:45:55.157 was executed with the following commandline:
bwa samse -r @RG\tID:ILLUMINA-ANCIENT.SIM.CONT.COV-7.5.RUN-3\tSM:ANCIENT.SIM.CONT.COV-7.5.RUN-3\tPL:illumina /data/references/NC_001640_Equus-callabus_mt/NC_001640.1_500.fna /data/analysis_SimulatedAncientReads_HQ439467/01-EAGERmapping/ANCIENT.SIM.CONT.COV-7.5.RUN-3/3-Mapper/ANCIENT.SIM.CONT.COV-7.5.RUN-3.truncated.MT.sai /data/analysis_SimulatedAncientReads_HQ439467/01-EAGERmapping/ANCIENT.SIM.CONT.COV-7.5.RUN-3/1-AdapClip/ANCIENT.SIM.CONT.COV-7.5.RUN-3.truncated.gz -f /data/analysis_SimulatedAncientReads_HQ439467/01-EAGERmapping/ANCIENT.SIM.CONT.COV-7.5.RUN-3/3-Mapper/ANCIENT.SIM.CONT.COV-7.5.RUN-3.truncated.MT.sam 
################
#[bwa_aln_core] convert to sequence coordinate... 0.01 sec
[bwa_aln_core] refine gapped alignments... 0.00 sec
[bwa_aln_core] print alignments... 0.01 sec
[bwa_aln_core] 3695 sequences have been processed.
[main] Version: 0.7.17-r1188
[main] CMD: bwa samse -r @RG\tID:ILLUMINA-ANCIENT.SIM.CONT.COV-7.5.RUN-3\tSM:ANCIENT.SIM.CONT.COV-7.5.RUN-3\tPL:illumina -f /data/analysis_SimulatedAncientReads_HQ439467/01-EAGERmapping/ANCIENT.SIM.CONT.COV-7.5.RUN-3/3-Mapper/ANCIENT.SIM.CONT.COV-7.5.RUN-3.truncated.MT.sam /data/references/NC_001640_Equus-callabus_mt/NC_001640.1_500.fna /data/analysis_SimulatedAncientReads_HQ439467/01-EAGERmapping/ANCIENT.SIM.CONT.COV-7.5.RUN-3/3-Mapper/ANCIENT.SIM.CONT.COV-7.5.RUN-3.truncated.MT.sai /data/analysis_SimulatedAncientReads_HQ439467/01-EAGERmapping/ANCIENT.SIM.CONT.COV-7.5.RUN-3/1-AdapClip/ANCIENT.SIM.CONT.COV-7.5.RUN-3.truncated.gz
[main] Real time: 0.143 sec; CPU: 0.025 sec
# Runtime of Module was: 0 seconds.
################
#Flagstatsam at 2024-07-03T08:45:55.308 was executed with the following commandline:
/bin/sh -c samtools flagstat /data/analysis_SimulatedAncientReads_HQ439467/01-EAGERmapping/ANCIENT.SIM.CONT.COV-7.5.RUN-3/3-Mapper/ANCIENT.SIM.CONT.COV-7.5.RUN-3.truncated.MT.sam > /data/analysis_SimulatedAncientReads_HQ439467/01-EAGERmapping/ANCIENT.SIM.CONT.COV-7.5.RUN-3/3-Mapper/ANCIENT.SIM.CONT.COV-7.5.RUN-3.truncated.MT.sam.stats 
################
#/bin/sh: warning: setlocale: LC_ALL: cannot change locale (C.UTF-8)
# Runtime of Module was: 0 seconds.
################
#CircularMapperRealignerdefault at 2024-07-03T08:45:55.321 was executed with the following commandline:
realignsamfile -e 500 -i /data/analysis_SimulatedAncientReads_HQ439467/01-EAGERmapping/ANCIENT.SIM.CONT.COV-7.5.RUN-3/3-Mapper/ANCIENT.SIM.CONT.COV-7.5.RUN-3.truncated.MT.sam -r /data/references/NC_001640_Equus-callabus_mt/NC_001640.1.fna 
################
#/bin/bash: warning: setlocale: LC_ALL: cannot change locale (C.UTF-8)
Picked up _JAVA_OPTIONS: -Dsun.java2d.xrender=false -Xmx256G -Xms8G
DEBUG	2024-07-03 08:45:56	BlockCompressedOutputStream	Using deflater: Deflater
# Runtime of Module was: 1 seconds.
################
#Flagstatdefault at 2024-07-03T08:45:56.819 was executed with the following commandline:
/bin/sh -c samtools flagstat /data/analysis_SimulatedAncientReads_HQ439467/01-EAGERmapping/ANCIENT.SIM.CONT.COV-7.5.RUN-3/3-Mapper/ANCIENT.SIM.CONT.COV-7.5.RUN-3.truncated.MT_realigned.bam > /data/analysis_SimulatedAncientReads_HQ439467/01-EAGERmapping/ANCIENT.SIM.CONT.COV-7.5.RUN-3/3-Mapper/ANCIENT.SIM.CONT.COV-7.5.RUN-3.truncated.MT_realigned.bam.stats 
################
#/bin/sh: warning: setlocale: LC_ALL: cannot change locale (C.UTF-8)
# Runtime of Module was: 0 seconds.
################
#SamtoolsViewOnlyMapped at 2024-07-03T08:45:56.831 was executed with the following commandline:
samtools view -@ 4 -F4 -b /data/analysis_SimulatedAncientReads_HQ439467/01-EAGERmapping/ANCIENT.SIM.CONT.COV-7.5.RUN-3/3-Mapper/ANCIENT.SIM.CONT.COV-7.5.RUN-3.truncated.MT_realigned.bam -o /data/analysis_SimulatedAncientReads_HQ439467/01-EAGERmapping/ANCIENT.SIM.CONT.COV-7.5.RUN-3/4-Samtools/ANCIENT.SIM.CONT.COV-7.5.RUN-3.truncated.MT_realigned.mappedonly.bam 
################
## Runtime of Module was: 0 seconds.
################
#SamtoolsSortUnfiltered at 2024-07-03T08:45:57.101 was executed with the following commandline:
samtools sort -@ 4 -m 8G /data/analysis_SimulatedAncientReads_HQ439467/01-EAGERmapping/ANCIENT.SIM.CONT.COV-7.5.RUN-3/4-Samtools/ANCIENT.SIM.CONT.COV-7.5.RUN-3.truncated.MT_realigned.mappedonly.bam -o /data/analysis_SimulatedAncientReads_HQ439467/01-EAGERmapping/ANCIENT.SIM.CONT.COV-7.5.RUN-3/4-Samtools/ANCIENT.SIM.CONT.COV-7.5.RUN-3.truncated.MT_realigned.mappedonly.sorted.bam 
################
#[bam_sort_core] merging from 0 files and 4 in-memory blocks...
# Runtime of Module was: 0 seconds.
################
#SamtoolsIndexUnfiltered at 2024-07-03T08:45:57.375 was executed with the following commandline:
samtools index /data/analysis_SimulatedAncientReads_HQ439467/01-EAGERmapping/ANCIENT.SIM.CONT.COV-7.5.RUN-3/4-Samtools/ANCIENT.SIM.CONT.COV-7.5.RUN-3.truncated.MT_realigned.mappedonly.sorted.bam 
################
## Runtime of Module was: 0 seconds.
################
#SamtoolsViewfiltered at 2024-07-03T08:45:57.629 was executed with the following commandline:
samtools view -@ 4 -q 30 -b /data/analysis_SimulatedAncientReads_HQ439467/01-EAGERmapping/ANCIENT.SIM.CONT.COV-7.5.RUN-3/4-Samtools/ANCIENT.SIM.CONT.COV-7.5.RUN-3.truncated.MT_realigned.mappedonly.sorted.bam -o /data/analysis_SimulatedAncientReads_HQ439467/01-EAGERmapping/ANCIENT.SIM.CONT.COV-7.5.RUN-3/4-Samtools/ANCIENT.SIM.CONT.COV-7.5.RUN-3.truncated.MT_realigned.mappedonly.sorted.qF.bam 
################
## Runtime of Module was: 0 seconds.
################
#Flagstatfiltered at 2024-07-03T08:45:57.883 was executed with the following commandline:
/bin/sh -c samtools flagstat /data/analysis_SimulatedAncientReads_HQ439467/01-EAGERmapping/ANCIENT.SIM.CONT.COV-7.5.RUN-3/4-Samtools/ANCIENT.SIM.CONT.COV-7.5.RUN-3.truncated.MT_realigned.mappedonly.sorted.qF.bam > /data/analysis_SimulatedAncientReads_HQ439467/01-EAGERmapping/ANCIENT.SIM.CONT.COV-7.5.RUN-3/4-Samtools/ANCIENT.SIM.CONT.COV-7.5.RUN-3.truncated.MT_realigned.mappedonly.sorted.qF.bam.qF.stats 
################
#/bin/sh: warning: setlocale: LC_ALL: cannot change locale (C.UTF-8)
# Runtime of Module was: 0 seconds.
################
#SamtoolsSortdefault at 2024-07-03T08:45:57.903 was executed with the following commandline:
samtools sort -@ 4 -m 8G /data/analysis_SimulatedAncientReads_HQ439467/01-EAGERmapping/ANCIENT.SIM.CONT.COV-7.5.RUN-3/4-Samtools/ANCIENT.SIM.CONT.COV-7.5.RUN-3.truncated.MT_realigned.mappedonly.sorted.qF.bam -o /data/analysis_SimulatedAncientReads_HQ439467/01-EAGERmapping/ANCIENT.SIM.CONT.COV-7.5.RUN-3/4-Samtools/ANCIENT.SIM.CONT.COV-7.5.RUN-3.truncated.MT_realigned.mappedonly.sorted.qF.sorted.bam 
################
#[bam_sort_core] merging from 0 files and 4 in-memory blocks...
# Runtime of Module was: 0 seconds.
################
#SamtoolsIndexdefault at 2024-07-03T08:45:58.341 was executed with the following commandline:
samtools index /data/analysis_SimulatedAncientReads_HQ439467/01-EAGERmapping/ANCIENT.SIM.CONT.COV-7.5.RUN-3/4-Samtools/ANCIENT.SIM.CONT.COV-7.5.RUN-3.truncated.MT_realigned.mappedonly.sorted.qF.sorted.bam 
################
## Runtime of Module was: 0 seconds.
################
#CleanSam at 2024-07-03T08:45:58.585 was executed with the following commandline:
picard CleanSam INPUT=/data/analysis_SimulatedAncientReads_HQ439467/01-EAGERmapping/ANCIENT.SIM.CONT.COV-7.5.RUN-3/4-Samtools/ANCIENT.SIM.CONT.COV-7.5.RUN-3.truncated.MT_realigned.mappedonly.sorted.qF.sorted.bam OUTPUT=/data/analysis_SimulatedAncientReads_HQ439467/01-EAGERmapping/ANCIENT.SIM.CONT.COV-7.5.RUN-3/5-DeDup/ANCIENT.SIM.CONT.COV-7.5.RUN-3.truncated.MT_realigned.mappedonly.sorted.qF.sorted.cleaned.bam VALIDATION_STRINGENCY=SILENT 
################
#/bin/sh: warning: setlocale: LC_ALL: cannot change locale (C.UTF-8)
Picked up _JAVA_OPTIONS: -Dsun.java2d.xrender=false -Xmx256G -Xms8G
[Wed Jul 03 08:46:04 UTC 2024] picard.sam.CleanSam INPUT=/data/analysis_SimulatedAncientReads_HQ439467/01-EAGERmapping/ANCIENT.SIM.CONT.COV-7.5.RUN-3/4-Samtools/ANCIENT.SIM.CONT.COV-7.5.RUN-3.truncated.MT_realigned.mappedonly.sorted.qF.sorted.bam OUTPUT=/data/analysis_SimulatedAncientReads_HQ439467/01-EAGERmapping/ANCIENT.SIM.CONT.COV-7.5.RUN-3/5-DeDup/ANCIENT.SIM.CONT.COV-7.5.RUN-3.truncated.MT_realigned.mappedonly.sorted.qF.sorted.cleaned.bam VALIDATION_STRINGENCY=SILENT    VERBOSITY=INFO QUIET=false COMPRESSION_LEVEL=5 MAX_RECORDS_IN_RAM=500000 CREATE_INDEX=false CREATE_MD5_FILE=false GA4GH_CLIENT_SECRETS=client_secrets.json
[Wed Jul 03 08:46:04 UTC 2024] Executing as haeusler@thor on Linux 5.15.0-112-generic amd64; Java HotSpot(TM) 64-Bit Server VM 1.8.0_144-b01; Picard version: 2.9.2-SNAPSHOT
[Wed Jul 03 08:46:04 UTC 2024] picard.sam.CleanSam done. Elapsed time: 0.00 minutes.
Runtime.totalMemory()=8232370176
# Runtime of Module was: 5 seconds.
################
#DeDup at 2024-07-03T08:46:04.279 was executed with the following commandline:
dedup -i /data/analysis_SimulatedAncientReads_HQ439467/01-EAGERmapping/ANCIENT.SIM.CONT.COV-7.5.RUN-3/5-DeDup/ANCIENT.SIM.CONT.COV-7.5.RUN-3.truncated.MT_realigned.mappedonly.sorted.qF.sorted.cleaned.bam -m -o /data/analysis_SimulatedAncientReads_HQ439467/01-EAGERmapping/ANCIENT.SIM.CONT.COV-7.5.RUN-3/5-DeDup 
################
#/bin/bash: warning: setlocale: LC_ALL: cannot change locale (C.UTF-8)
Picked up JAVA_TOOL_OPTIONS: -Djava.io.tmpdir=/data/analysis_SimulatedAncientReads_HQ439467/01-EAGERmapping/ANCIENT.SIM.CONT.COV-7.5.RUN-3/5-DeDup/.tmp
Picked up _JAVA_OPTIONS: -Dsun.java2d.xrender=false -Xmx256G -Xms8G
DeDup v0.12.1
# Runtime of Module was: 1 seconds.
################
#SamtoolsSortDeDup at 2024-07-03T08:46:05.848 was executed with the following commandline:
samtools sort -@ 4 -m 8G /data/analysis_SimulatedAncientReads_HQ439467/01-EAGERmapping/ANCIENT.SIM.CONT.COV-7.5.RUN-3/5-DeDup/ANCIENT.SIM.CONT.COV-7.5.RUN-3.truncated.MT_realigned.mappedonly.sorted.qF.sorted.cleaned_rmdup.bam -o /data/analysis_SimulatedAncientReads_HQ439467/01-EAGERmapping/ANCIENT.SIM.CONT.COV-7.5.RUN-3/5-DeDup/ANCIENT.SIM.CONT.COV-7.5.RUN-3.truncated.MT_realigned.mappedonly.sorted.qF.sorted.cleaned_rmdup.sorted.bam 
################
#[bam_sort_core] merging from 0 files and 4 in-memory blocks...
# Runtime of Module was: 0 seconds.
################
#SamtoolsIndexDedup at 2024-07-03T08:46:06.127 was executed with the following commandline:
samtools index /data/analysis_SimulatedAncientReads_HQ439467/01-EAGERmapping/ANCIENT.SIM.CONT.COV-7.5.RUN-3/5-DeDup/ANCIENT.SIM.CONT.COV-7.5.RUN-3.truncated.MT_realigned.mappedonly.sorted.qF.sorted.cleaned_rmdup.sorted.bam 
################
## Runtime of Module was: 0 seconds.
################
#QualiMapDefault at 2024-07-03T08:46:06.335 was executed with the following commandline:
qualimap bamqc -bam /data/analysis_SimulatedAncientReads_HQ439467/01-EAGERmapping/ANCIENT.SIM.CONT.COV-7.5.RUN-3/5-DeDup/ANCIENT.SIM.CONT.COV-7.5.RUN-3.truncated.MT_realigned.mappedonly.sorted.qF.sorted.cleaned_rmdup.sorted.bam -nt 4 -outdir /data/analysis_SimulatedAncientReads_HQ439467/01-EAGERmapping/ANCIENT.SIM.CONT.COV-7.5.RUN-3/6-QualiMap/ANCIENT.SIM.CONT.COV-7.5.RUN-3.truncated.MT_realigned.mappedonly.sorted.qF.sorted.cleaned_rmdup.sorted -outformat HTML --java-mem-size=32G 
################
#/bin/bash: warning: setlocale: LC_ALL: cannot change locale (C.UTF-8)
Java HotSpot(TM) 64-Bit Server VM warning: ignoring option MaxPermSize=1024m; support was removed in 8.0
Picked up _JAVA_OPTIONS: -Dsun.java2d.xrender=false -Xmx256G -Xms8G
# Runtime of Module was: 3 seconds.
################
#DamageProfiler at 2024-07-03T08:46:09.581 was executed with the following commandline:
damageprofiler -i /data/analysis_SimulatedAncientReads_HQ439467/01-EAGERmapping/ANCIENT.SIM.CONT.COV-7.5.RUN-3/5-DeDup/ANCIENT.SIM.CONT.COV-7.5.RUN-3.truncated.MT_realigned.mappedonly.sorted.qF.sorted.cleaned_rmdup.sorted.bam -r /data/references/NC_001640_Equus-callabus_mt/NC_001640.1.fna -l 100 -o /data/analysis_SimulatedAncientReads_HQ439467/01-EAGERmapping/ANCIENT.SIM.CONT.COV-7.5.RUN-3/7-DnaDamage/ANCIENT.SIM.CONT.COV-7.5.RUN-3.truncated.MT_realigned.mappedonly.sorted.qF.sorted.cleaned_rmdup.sorted -t 25  
################
#/bin/bash: warning: setlocale: LC_ALL: cannot change locale (C.UTF-8)
Picked up _JAVA_OPTIONS: -Dsun.java2d.xrender=false -Xmx256G -Xms8G
# Runtime of Module was: 2 seconds.
# EAGER Version used for this run: 1.92.56
################
#GATKRealignerTargetCreator at 2024-07-03T08:46:11.967 was executed with the following commandline:
gatk -T RealignerTargetCreator -R /data/references/NC_001640_Equus-callabus_mt/NC_001640.1.fna -I /data/analysis_SimulatedAncientReads_HQ439467/01-EAGERmapping/ANCIENT.SIM.CONT.COV-7.5.RUN-3/5-DeDup/ANCIENT.SIM.CONT.COV-7.5.RUN-3.truncated.MT_realigned.mappedonly.sorted.qF.sorted.cleaned_rmdup.sorted.bam -nt 4 -o /data/analysis_SimulatedAncientReads_HQ439467/01-EAGERmapping/ANCIENT.SIM.CONT.COV-7.5.RUN-3/9-GATKBasics/ANCIENT.SIM.CONT.COV-7.5.RUN-3.truncated.MT_realigned.mappedonly.sorted.qF.sorted.cleaned_rmdup.sorted.intervals 
################
#/bin/bash: warning: setlocale: LC_ALL: cannot change locale (C.UTF-8)
Picked up JAVA_TOOL_OPTIONS: -Djava.io.tmpdir=/data/analysis_SimulatedAncientReads_HQ439467/01-EAGERmapping/ANCIENT.SIM.CONT.COV-7.5.RUN-3/9-GATKBasics/.tmp
Picked up _JAVA_OPTIONS: -Dsun.java2d.xrender=false -Xmx256G -Xms8G
INFO  08:46:14,590 HelpFormatter - ---------------------------------------------------------------------------------- 
INFO  08:46:14,592 HelpFormatter - The Genome Analysis Toolkit (GATK) v3.8-0-ge9d806836, Compiled 2017/07/28 21:26:50 
INFO  08:46:14,592 HelpFormatter - Copyright (c) 2010-2016 The Broad Institute 
INFO  08:46:14,593 HelpFormatter - For support and documentation go to https://software.broadinstitute.org/gatk 
INFO  08:46:14,593 HelpFormatter - [Wed Jul 03 08:46:14 UTC 2024] Executing on Linux 5.15.0-112-generic amd64 
INFO  08:46:14,593 HelpFormatter - Java HotSpot(TM) 64-Bit Server VM 1.8.0_144-b01 
INFO  08:46:14,596 HelpFormatter - Program Args: -T RealignerTargetCreator -R /data/references/NC_001640_Equus-callabus_mt/NC_001640.1.fna -I /data/analysis_SimulatedAncientReads_HQ439467/01-EAGERmapping/ANCIENT.SIM.CONT.COV-7.5.RUN-3/5-DeDup/ANCIENT.SIM.CONT.COV-7.5.RUN-3.truncated.MT_realigned.mappedonly.sorted.qF.sorted.cleaned_rmdup.sorted.bam -nt 4 -o /data/analysis_SimulatedAncientReads_HQ439467/01-EAGERmapping/ANCIENT.SIM.CONT.COV-7.5.RUN-3/9-GATKBasics/ANCIENT.SIM.CONT.COV-7.5.RUN-3.truncated.MT_realigned.mappedonly.sorted.qF.sorted.cleaned_rmdup.sorted.intervals 
INFO  08:46:14,599 HelpFormatter - Executing as haeusler@thor on Linux 5.15.0-112-generic amd64; Java HotSpot(TM) 64-Bit Server VM 1.8.0_144-b01. 
INFO  08:46:14,599 HelpFormatter - Date/Time: 2024/07/03 08:46:14 
INFO  08:46:14,599 HelpFormatter - ---------------------------------------------------------------------------------- 
INFO  08:46:14,599 HelpFormatter - ---------------------------------------------------------------------------------- 
ERROR StatusLogger Unable to create class org.apache.logging.log4j.core.impl.Log4jContextFactory specified in jar:file:/opt/gatk/GenomeAnalysisTK.jar!/META-INF/log4j-provider.properties
ERROR StatusLogger Log4j2 could not find a logging implementation. Please add log4j-core to the classpath. Using SimpleLogger to log to the console...
INFO  08:46:14,718 GenomeAnalysisEngine - Deflater: IntelDeflater 
INFO  08:46:14,718 GenomeAnalysisEngine - Inflater: IntelInflater 
INFO  08:46:14,719 GenomeAnalysisEngine - Strictness is SILENT 
INFO  08:46:14,805 GenomeAnalysisEngine - Downsampling Settings: Method: BY_SAMPLE, Target Coverage: 1000 
INFO  08:46:14,811 SAMDataSource$SAMReaders - Initializing SAMRecords in serial 
INFO  08:46:14,829 SAMDataSource$SAMReaders - Done initializing BAM readers: total time 0.02 
INFO  08:46:14,847 MicroScheduler - Running the GATK in parallel mode with 4 total threads, 1 CPU thread(s) for each of 4 data thread(s), of 64 processors available on this machine 
INFO  08:46:14,899 GenomeAnalysisEngine - Preparing for traversal over 1 BAM files 
INFO  08:46:14,911 GenomeAnalysisEngine - Done preparing for traversal 
INFO  08:46:14,912 ProgressMeter - [INITIALIZATION COMPLETE; STARTING PROCESSING] 
INFO  08:46:14,912 ProgressMeter -                 | processed |    time |    per 1M |           |   total | remaining 
INFO  08:46:14,912 ProgressMeter -        Location |     sites | elapsed |     sites | completed | runtime |   runtime 
INFO  08:46:14,917 SAMDataSource$SAMReaders - Initializing SAMRecords in serial 
INFO  08:46:14,921 SAMDataSource$SAMReaders - Done initializing BAM readers: total time 0.00 
INFO  08:46:15,198 ProgressMeter -            done     16660.0     0.0 s      17.0 s       99.5%     0.0 s       0.0 s 
INFO  08:46:15,199 ProgressMeter - Total runtime 0.29 secs, 0.00 min, 0.00 hours 
INFO  08:46:15,204 MicroScheduler - 0 reads were filtered out during the traversal out of approximately 3680 total reads (0.00%) 
INFO  08:46:15,204 MicroScheduler -   -> 0 reads (0.00% of total) failing BadCigarFilter 
INFO  08:46:15,205 MicroScheduler -   -> 0 reads (0.00% of total) failing BadMateFilter 
INFO  08:46:15,205 MicroScheduler -   -> 0 reads (0.00% of total) failing DuplicateReadFilter 
INFO  08:46:15,206 MicroScheduler -   -> 0 reads (0.00% of total) failing FailsVendorQualityCheckFilter 
INFO  08:46:15,206 MicroScheduler -   -> 0 reads (0.00% of total) failing MalformedReadFilter 
INFO  08:46:15,206 MicroScheduler -   -> 0 reads (0.00% of total) failing MappingQualityUnavailableFilter 
INFO  08:46:15,207 MicroScheduler -   -> 0 reads (0.00% of total) failing MappingQualityZeroFilter 
INFO  08:46:15,207 MicroScheduler -   -> 0 reads (0.00% of total) failing NotPrimaryAlignmentFilter 
INFO  08:46:15,207 MicroScheduler -   -> 0 reads (0.00% of total) failing Platform454Filter 
INFO  08:46:15,208 MicroScheduler -   -> 0 reads (0.00% of total) failing UnmappedReadFilter 
------------------------------------------------------------------------------------------
Done. ------------------------------------------------------------------------------------------
# Runtime of Module was: 3 seconds.
################
#GATKIndelRealigner at 2024-07-03T08:46:15.358 was executed with the following commandline:
gatk -T IndelRealigner -R /data/references/NC_001640_Equus-callabus_mt/NC_001640.1.fna -I /data/analysis_SimulatedAncientReads_HQ439467/01-EAGERmapping/ANCIENT.SIM.CONT.COV-7.5.RUN-3/5-DeDup/ANCIENT.SIM.CONT.COV-7.5.RUN-3.truncated.MT_realigned.mappedonly.sorted.qF.sorted.cleaned_rmdup.sorted.bam -targetIntervals /data/analysis_SimulatedAncientReads_HQ439467/01-EAGERmapping/ANCIENT.SIM.CONT.COV-7.5.RUN-3/9-GATKBasics/ANCIENT.SIM.CONT.COV-7.5.RUN-3.truncated.MT_realigned.mappedonly.sorted.qF.sorted.cleaned_rmdup.sorted.intervals -o /data/analysis_SimulatedAncientReads_HQ439467/01-EAGERmapping/ANCIENT.SIM.CONT.COV-7.5.RUN-3/9-GATKBasics/ANCIENT.SIM.CONT.COV-7.5.RUN-3.truncated.MT_realigned.mappedonly.sorted.qF.sorted.cleaned_rmdup.sorted.real.bam 
################
#/bin/bash: warning: setlocale: LC_ALL: cannot change locale (C.UTF-8)
Picked up JAVA_TOOL_OPTIONS: -Djava.io.tmpdir=/data/analysis_SimulatedAncientReads_HQ439467/01-EAGERmapping/ANCIENT.SIM.CONT.COV-7.5.RUN-3/9-GATKBasics/.tmp
Picked up _JAVA_OPTIONS: -Dsun.java2d.xrender=false -Xmx256G -Xms8G
INFO  08:46:19,309 HelpFormatter - ---------------------------------------------------------------------------------- 
INFO  08:46:19,311 HelpFormatter - The Genome Analysis Toolkit (GATK) v3.8-0-ge9d806836, Compiled 2017/07/28 21:26:50 
INFO  08:46:19,311 HelpFormatter - Copyright (c) 2010-2016 The Broad Institute 
INFO  08:46:19,311 HelpFormatter - For support and documentation go to https://software.broadinstitute.org/gatk 
INFO  08:46:19,311 HelpFormatter - [Wed Jul 03 08:46:19 UTC 2024] Executing on Linux 5.15.0-112-generic amd64 
INFO  08:46:19,311 HelpFormatter - Java HotSpot(TM) 64-Bit Server VM 1.8.0_144-b01 
INFO  08:46:19,314 HelpFormatter - Program Args: -T IndelRealigner -R /data/references/NC_001640_Equus-callabus_mt/NC_001640.1.fna -I /data/analysis_SimulatedAncientReads_HQ439467/01-EAGERmapping/ANCIENT.SIM.CONT.COV-7.5.RUN-3/5-DeDup/ANCIENT.SIM.CONT.COV-7.5.RUN-3.truncated.MT_realigned.mappedonly.sorted.qF.sorted.cleaned_rmdup.sorted.bam -targetIntervals /data/analysis_SimulatedAncientReads_HQ439467/01-EAGERmapping/ANCIENT.SIM.CONT.COV-7.5.RUN-3/9-GATKBasics/ANCIENT.SIM.CONT.COV-7.5.RUN-3.truncated.MT_realigned.mappedonly.sorted.qF.sorted.cleaned_rmdup.sorted.intervals -o /data/analysis_SimulatedAncientReads_HQ439467/01-EAGERmapping/ANCIENT.SIM.CONT.COV-7.5.RUN-3/9-GATKBasics/ANCIENT.SIM.CONT.COV-7.5.RUN-3.truncated.MT_realigned.mappedonly.sorted.qF.sorted.cleaned_rmdup.sorted.real.bam 
INFO  08:46:19,317 HelpFormatter - Executing as haeusler@thor on Linux 5.15.0-112-generic amd64; Java HotSpot(TM) 64-Bit Server VM 1.8.0_144-b01. 
INFO  08:46:19,317 HelpFormatter - Date/Time: 2024/07/03 08:46:19 
INFO  08:46:19,318 HelpFormatter - ---------------------------------------------------------------------------------- 
INFO  08:46:19,318 HelpFormatter - ---------------------------------------------------------------------------------- 
ERROR StatusLogger Unable to create class org.apache.logging.log4j.core.impl.Log4jContextFactory specified in jar:file:/opt/gatk/GenomeAnalysisTK.jar!/META-INF/log4j-provider.properties
ERROR StatusLogger Log4j2 could not find a logging implementation. Please add log4j-core to the classpath. Using SimpleLogger to log to the console...
INFO  08:46:19,497 GenomeAnalysisEngine - Deflater: IntelDeflater 
INFO  08:46:19,497 GenomeAnalysisEngine - Inflater: IntelInflater 
INFO  08:46:19,497 GenomeAnalysisEngine - Strictness is SILENT 
INFO  08:46:19,560 GenomeAnalysisEngine - Downsampling Settings: No downsampling 
INFO  08:46:19,566 SAMDataSource$SAMReaders - Initializing SAMRecords in serial 
INFO  08:46:19,584 SAMDataSource$SAMReaders - Done initializing BAM readers: total time 0.02 
INFO  08:46:19,652 GenomeAnalysisEngine - Preparing for traversal over 1 BAM files 
INFO  08:46:19,656 GenomeAnalysisEngine - Done preparing for traversal 
INFO  08:46:19,656 ProgressMeter - [INITIALIZATION COMPLETE; STARTING PROCESSING] 
INFO  08:46:19,657 ProgressMeter -                 | processed |    time |    per 1M |           |   total | remaining 
INFO  08:46:19,657 ProgressMeter -        Location |     reads | elapsed |     reads | completed | runtime |   runtime 
INFO  08:46:19,664 ReadShardBalancer$1 - Loading BAM index data 
INFO  08:46:19,665 ReadShardBalancer$1 - Done loading BAM index data 
INFO  08:46:19,864 ProgressMeter -            done      3675.0     0.0 s      56.0 s       95.6%     0.0 s       0.0 s 
INFO  08:46:19,865 ProgressMeter - Total runtime 0.21 secs, 0.00 min, 0.00 hours 
INFO  08:46:19,867 MicroScheduler - 0 reads were filtered out during the traversal out of approximately 3675 total reads (0.00%) 
INFO  08:46:19,867 MicroScheduler -   -> 0 reads (0.00% of total) failing BadCigarFilter 
INFO  08:46:19,868 MicroScheduler -   -> 0 reads (0.00% of total) failing MalformedReadFilter 
------------------------------------------------------------------------------------------
Done. ------------------------------------------------------------------------------------------
# Runtime of Module was: 4 seconds.
################
#GATKUnifiedGenotyperEMIT ALL POSITIONS, NO DBSNP at 2024-07-03T08:46:19.977 was executed with the following commandline:
gatk -T UnifiedGenotyper -R /data/references/NC_001640_Equus-callabus_mt/NC_001640.1.fna -I /data/analysis_SimulatedAncientReads_HQ439467/01-EAGERmapping/ANCIENT.SIM.CONT.COV-7.5.RUN-3/9-GATKBasics/ANCIENT.SIM.CONT.COV-7.5.RUN-3.truncated.MT_realigned.mappedonly.sorted.qF.sorted.cleaned_rmdup.sorted.real.bam -o /data/analysis_SimulatedAncientReads_HQ439467/01-EAGERmapping/ANCIENT.SIM.CONT.COV-7.5.RUN-3/10-GATKGenotyper/ANCIENT.SIM.CONT.COV-7.5.RUN-3.truncated.MT_realigned.mappedonly.sorted.qF.sorted.cleaned_rmdup.sorted.real.unifiedgenotyper.vcf -nt 4 -stand_call_conf 30 --sample_ploidy 2 -dcov 250 --output_mode EMIT_ALL_SITES  
################
#/bin/bash: warning: setlocale: LC_ALL: cannot change locale (C.UTF-8)
Picked up JAVA_TOOL_OPTIONS: -Djava.io.tmpdir=/data/analysis_SimulatedAncientReads_HQ439467/01-EAGERmapping/ANCIENT.SIM.CONT.COV-7.5.RUN-3/10-GATKGenotyper/.tmp
Picked up _JAVA_OPTIONS: -Dsun.java2d.xrender=false -Xmx256G -Xms8G
INFO  08:46:23,971 HelpFormatter - ---------------------------------------------------------------------------------- 
INFO  08:46:23,973 HelpFormatter - The Genome Analysis Toolkit (GATK) v3.8-0-ge9d806836, Compiled 2017/07/28 21:26:50 
INFO  08:46:23,973 HelpFormatter - Copyright (c) 2010-2016 The Broad Institute 
INFO  08:46:23,974 HelpFormatter - For support and documentation go to https://software.broadinstitute.org/gatk 
INFO  08:46:23,974 HelpFormatter - [Wed Jul 03 08:46:23 UTC 2024] Executing on Linux 5.15.0-112-generic amd64 
INFO  08:46:23,974 HelpFormatter - Java HotSpot(TM) 64-Bit Server VM 1.8.0_144-b01 
INFO  08:46:23,977 HelpFormatter - Program Args: -T UnifiedGenotyper -R /data/references/NC_001640_Equus-callabus_mt/NC_001640.1.fna -I /data/analysis_SimulatedAncientReads_HQ439467/01-EAGERmapping/ANCIENT.SIM.CONT.COV-7.5.RUN-3/9-GATKBasics/ANCIENT.SIM.CONT.COV-7.5.RUN-3.truncated.MT_realigned.mappedonly.sorted.qF.sorted.cleaned_rmdup.sorted.real.bam -o /data/analysis_SimulatedAncientReads_HQ439467/01-EAGERmapping/ANCIENT.SIM.CONT.COV-7.5.RUN-3/10-GATKGenotyper/ANCIENT.SIM.CONT.COV-7.5.RUN-3.truncated.MT_realigned.mappedonly.sorted.qF.sorted.cleaned_rmdup.sorted.real.unifiedgenotyper.vcf -nt 4 -stand_call_conf 30 --sample_ploidy 2 -dcov 250 --output_mode EMIT_ALL_SITES 
INFO  08:46:23,980 HelpFormatter - Executing as haeusler@thor on Linux 5.15.0-112-generic amd64; Java HotSpot(TM) 64-Bit Server VM 1.8.0_144-b01. 
INFO  08:46:23,980 HelpFormatter - Date/Time: 2024/07/03 08:46:23 
INFO  08:46:23,980 HelpFormatter - ---------------------------------------------------------------------------------- 
INFO  08:46:23,980 HelpFormatter - ---------------------------------------------------------------------------------- 
ERROR StatusLogger Unable to create class org.apache.logging.log4j.core.impl.Log4jContextFactory specified in jar:file:/opt/gatk/GenomeAnalysisTK.jar!/META-INF/log4j-provider.properties
ERROR StatusLogger Log4j2 could not find a logging implementation. Please add log4j-core to the classpath. Using SimpleLogger to log to the console...
INFO  08:46:24,114 GenomeAnalysisEngine - Deflater: IntelDeflater 
INFO  08:46:24,114 GenomeAnalysisEngine - Inflater: IntelInflater 
INFO  08:46:24,114 GenomeAnalysisEngine - Strictness is SILENT 
INFO  08:46:24,281 GenomeAnalysisEngine - Downsampling Settings: Method: BY_SAMPLE, Target Coverage: 250 
INFO  08:46:24,294 SAMDataSource$SAMReaders - Initializing SAMRecords in serial 
INFO  08:46:24,333 SAMDataSource$SAMReaders - Done initializing BAM readers: total time 0.04 
INFO  08:46:24,373 MicroScheduler - Running the GATK in parallel mode with 4 total threads, 1 CPU thread(s) for each of 4 data thread(s), of 64 processors available on this machine 
INFO  08:46:24,487 GenomeAnalysisEngine - Preparing for traversal over 1 BAM files 
INFO  08:46:24,507 GenomeAnalysisEngine - Done preparing for traversal 
INFO  08:46:24,508 ProgressMeter - [INITIALIZATION COMPLETE; STARTING PROCESSING] 
INFO  08:46:24,508 ProgressMeter -                 | processed |    time |    per 1M |           |   total | remaining 
INFO  08:46:24,508 ProgressMeter -        Location |     sites | elapsed |     sites | completed | runtime |   runtime 
INFO  08:46:24,564 StrandBiasTest - SAM/BAM data was found. Attempting to use read data to calculate strand bias annotations values. 
WARN  08:46:24,564 InbreedingCoeff - Annotation will not be calculated. InbreedingCoeff requires at least 10 unrelated samples. 
INFO  08:46:24,565 StrandBiasTest - SAM/BAM data was found. Attempting to use read data to calculate strand bias annotations values. 
INFO  08:46:24,626 SAMDataSource$SAMReaders - Initializing SAMRecords in serial 
INFO  08:46:24,630 SAMDataSource$SAMReaders - Done initializing BAM readers: total time 0.00 
INFO  08:46:27,509 ProgressMeter -            done     16660.0     3.0 s       3.0 m       99.5%     3.0 s       0.0 s 
INFO  08:46:27,510 ProgressMeter - Total runtime 3.00 secs, 0.05 min, 0.00 hours 
INFO  08:46:27,511 MicroScheduler - 0 reads were filtered out during the traversal out of approximately 3680 total reads (0.00%) 
INFO  08:46:27,511 MicroScheduler -   -> 0 reads (0.00% of total) failing BadCigarFilter 
INFO  08:46:27,511 MicroScheduler -   -> 0 reads (0.00% of total) failing BadMateFilter 
INFO  08:46:27,512 MicroScheduler -   -> 0 reads (0.00% of total) failing DuplicateReadFilter 
INFO  08:46:27,512 MicroScheduler -   -> 0 reads (0.00% of total) failing FailsVendorQualityCheckFilter 
INFO  08:46:27,512 MicroScheduler -   -> 0 reads (0.00% of total) failing MalformedReadFilter 
INFO  08:46:27,512 MicroScheduler -   -> 0 reads (0.00% of total) failing MappingQualityUnavailableFilter 
INFO  08:46:27,512 MicroScheduler -   -> 0 reads (0.00% of total) failing NotPrimaryAlignmentFilter 
INFO  08:46:27,513 MicroScheduler -   -> 0 reads (0.00% of total) failing UnmappedReadFilter 
------------------------------------------------------------------------------------------
Done. ------------------------------------------------------------------------------------------
# Runtime of Module was: 7 seconds.
################
#BGZip at 2024-07-03T08:46:27.777 was executed with the following commandline:
bgzip -f /data/analysis_SimulatedAncientReads_HQ439467/01-EAGERmapping/ANCIENT.SIM.CONT.COV-7.5.RUN-3/10-GATKGenotyper/ANCIENT.SIM.CONT.COV-7.5.RUN-3.truncated.MT_realigned.mappedonly.sorted.qF.sorted.cleaned_rmdup.sorted.real.unifiedgenotyper.vcf 
################
## Runtime of Module was: 0 seconds.
################
#Tabix at 2024-07-03T08:46:27.915 was executed with the following commandline:
tabix -p vcf /data/analysis_SimulatedAncientReads_HQ439467/01-EAGERmapping/ANCIENT.SIM.CONT.COV-7.5.RUN-3/10-GATKGenotyper/ANCIENT.SIM.CONT.COV-7.5.RUN-3.truncated.MT_realigned.mappedonly.sorted.qF.sorted.cleaned_rmdup.sorted.real.unifiedgenotyper.vcf.gz 
################
## Runtime of Module was: 0 seconds.
################
#CleanUpRedundantData at 2024-07-03T08:46:28.118 was executed with the following commandline:
/bin/sh -c rm /data/analysis_SimulatedAncientReads_HQ439467/01-EAGERmapping/ANCIENT.SIM.CONT.COV-7.5.RUN-3/3-Mapper/*.sam; rm /data/analysis_SimulatedAncientReads_HQ439467/01-EAGERmapping/ANCIENT.SIM.CONT.COV-7.5.RUN-3/3-Mapper/*.sai; rm /data/analysis_SimulatedAncientReads_HQ439467/01-EAGERmapping/ANCIENT.SIM.CONT.COV-7.5.RUN-3/4-Samtools/ANCIENT.SIM.CONT.COV-7.5.RUN-3.truncated.MT_realigned.mappedonly.sorted.qF.sorted.bam ; rm /data/analysis_SimulatedAncientReads_HQ439467/01-EAGERmapping/ANCIENT.SIM.CONT.COV-7.5.RUN-3/4-Samtools/ANCIENT.SIM.CONT.COV-7.5.RUN-3.truncated.MT_realigned.mappedonly.sorted.qF.sorted.bam.bai; rm /data/analysis_SimulatedAncientReads_HQ439467/01-EAGERmapping/ANCIENT.SIM.CONT.COV-7.5.RUN-3/4-Samtools/ANCIENT.SIM.CONT.COV-7.5.RUN-3.truncated.MT_realigned.mappedonly.sorted.qF.bam ; rm /data/analysis_SimulatedAncientReads_HQ439467/01-EAGERmapping/ANCIENT.SIM.CONT.COV-7.5.RUN-3/4-Samtools/ANCIENT.SIM.CONT.COV-7.5.RUN-3.truncated.MT_realigned.mappedonly.bam ; rm /data/analysis_SimulatedAncientReads_HQ439467/01-EAGERmapping/ANCIENT.SIM.CONT.COV-7.5.RUN-3/5-DeDup/ANCIENT.SIM.CONT.COV-7.5.RUN-3.truncated.MT_realigned.mappedonly.sorted.qF.sorted.cleaned_rmdup.bam;  
################
#/bin/sh: warning: setlocale: LC_ALL: cannot change locale (C.UTF-8)
# Runtime of Module was: 0 seconds.
################
#ReportGenerator at 2024-07-03T08:46:28.144 was executed with the following commandline:
ReportTable /data/analysis_SimulatedAncientReads_HQ439467/01-EAGERmapping/Report_01-EAGERmapping.csv /data/analysis_SimulatedAncientReads_HQ439467/01-EAGERmapping 
################
#/bin/bash: warning: setlocale: LC_ALL: cannot change locale (C.UTF-8)
Picked up _JAVA_OPTIONS: -Dsun.java2d.xrender=false -Xmx256G -Xms8G
# Runtime of Module was: 2 seconds.
